2024-11-03 19:05: Experiment log path in: /root/AGCRN/model/experiments/HOURS/data2/2/20241103190520
2024-11-03 19:05: Train Epoch 1: 0/4 Loss: 65.934654
2024-11-03 19:05: **********Train Epoch 1: averaged Loss: 66.043917, tf_ratio: 1.000000
2024-11-03 19:05: **********Val Epoch 1: average Loss: 65.563805
2024-11-03 19:05: *********************************Current best model saved!
2024-11-03 19:05: Train Epoch 2: 0/4 Loss: 65.999100
2024-11-03 19:05: **********Train Epoch 2: averaged Loss: 66.026220, tf_ratio: 1.000000
2024-11-03 19:05: **********Val Epoch 2: average Loss: 65.539780
2024-11-03 19:05: *********************************Current best model saved!
2024-11-03 19:05: Train Epoch 3: 0/4 Loss: 66.046669
2024-11-03 19:05: **********Train Epoch 3: averaged Loss: 66.003630, tf_ratio: 1.000000
2024-11-03 19:05: **********Val Epoch 3: average Loss: 65.499130
2024-11-03 19:05: *********************************Current best model saved!
2024-11-03 19:05: Train Epoch 4: 0/4 Loss: 66.033394
2024-11-03 19:05: **********Train Epoch 4: averaged Loss: 65.971722, tf_ratio: 1.000000
2024-11-03 19:05: **********Val Epoch 4: average Loss: 65.420204
2024-11-03 19:05: *********************************Current best model saved!
2024-11-03 19:05: Train Epoch 5: 0/4 Loss: 65.880936
2024-11-03 19:05: **********Train Epoch 5: averaged Loss: 65.833044, tf_ratio: 1.000000
2024-11-03 19:05: **********Val Epoch 5: average Loss: 65.236351
2024-11-03 19:05: *********************************Current best model saved!
2024-11-03 19:05: Train Epoch 6: 0/4 Loss: 65.739426
2024-11-03 19:05: **********Train Epoch 6: averaged Loss: 65.530191, tf_ratio: 1.000000
2024-11-03 19:05: **********Val Epoch 6: average Loss: 64.697037
2024-11-03 19:05: *********************************Current best model saved!
2024-11-03 19:05: Train Epoch 7: 0/4 Loss: 65.134819
2024-11-03 19:05: **********Train Epoch 7: averaged Loss: 64.683493, tf_ratio: 1.000000
2024-11-03 19:05: **********Val Epoch 7: average Loss: 63.266731
2024-11-03 19:05: *********************************Current best model saved!
2024-11-03 19:05: Train Epoch 8: 0/4 Loss: 63.617382
2024-11-03 19:05: **********Train Epoch 8: averaged Loss: 62.943170, tf_ratio: 1.000000
2024-11-03 19:05: **********Val Epoch 8: average Loss: 61.310558
2024-11-03 19:05: *********************************Current best model saved!
2024-11-03 19:05: Train Epoch 9: 0/4 Loss: 61.809101
2024-11-03 19:05: **********Train Epoch 9: averaged Loss: 61.064161, tf_ratio: 1.000000
2024-11-03 19:05: **********Val Epoch 9: average Loss: 59.561474
2024-11-03 19:05: *********************************Current best model saved!
2024-11-03 19:05: Train Epoch 10: 0/4 Loss: 60.059666
2024-11-03 19:05: **********Train Epoch 10: averaged Loss: 59.407195, tf_ratio: 1.000000
2024-11-03 19:05: **********Val Epoch 10: average Loss: 57.998898
2024-11-03 19:05: *********************************Current best model saved!
2024-11-03 19:05: Train Epoch 11: 0/4 Loss: 58.437489
2024-11-03 19:05: **********Train Epoch 11: averaged Loss: 57.884252, tf_ratio: 1.000000
2024-11-03 19:05: **********Val Epoch 11: average Loss: 56.486969
2024-11-03 19:05: *********************************Current best model saved!
2024-11-03 19:05: Train Epoch 12: 0/4 Loss: 56.954468
2024-11-03 19:05: **********Train Epoch 12: averaged Loss: 56.393281, tf_ratio: 1.000000
2024-11-03 19:05: **********Val Epoch 12: average Loss: 55.006031
2024-11-03 19:05: *********************************Current best model saved!
2024-11-03 19:05: Train Epoch 13: 0/4 Loss: 55.423988
2024-11-03 19:05: **********Train Epoch 13: averaged Loss: 54.932938, tf_ratio: 1.000000
2024-11-03 19:05: **********Val Epoch 13: average Loss: 53.616245
2024-11-03 19:05: *********************************Current best model saved!
2024-11-03 19:05: Train Epoch 14: 0/4 Loss: 54.052773
2024-11-03 19:05: **********Train Epoch 14: averaged Loss: 53.568536, tf_ratio: 1.000000
2024-11-03 19:05: **********Val Epoch 14: average Loss: 52.339592
2024-11-03 19:05: *********************************Current best model saved!
2024-11-03 19:05: Train Epoch 15: 0/4 Loss: 52.698666
2024-11-03 19:05: **********Train Epoch 15: averaged Loss: 52.342581, tf_ratio: 1.000000
2024-11-03 19:05: **********Val Epoch 15: average Loss: 51.126976
2024-11-03 19:05: *********************************Current best model saved!
2024-11-03 19:05: Train Epoch 16: 0/4 Loss: 51.566818
2024-11-03 19:05: **********Train Epoch 16: averaged Loss: 51.160463, tf_ratio: 1.000000
2024-11-03 19:05: **********Val Epoch 16: average Loss: 49.960938
2024-11-03 19:05: *********************************Current best model saved!
2024-11-03 19:05: Train Epoch 17: 0/4 Loss: 50.525146
2024-11-03 19:05: **********Train Epoch 17: averaged Loss: 50.003629, tf_ratio: 1.000000
2024-11-03 19:05: **********Val Epoch 17: average Loss: 48.836178
2024-11-03 19:05: *********************************Current best model saved!
2024-11-03 19:05: Train Epoch 18: 0/4 Loss: 49.265484
2024-11-03 19:05: **********Train Epoch 18: averaged Loss: 48.885270, tf_ratio: 1.000000
2024-11-03 19:05: **********Val Epoch 18: average Loss: 47.749619
2024-11-03 19:05: *********************************Current best model saved!
2024-11-03 19:05: Train Epoch 19: 0/4 Loss: 48.237442
2024-11-03 19:05: **********Train Epoch 19: averaged Loss: 47.825341, tf_ratio: 1.000000
2024-11-03 19:05: **********Val Epoch 19: average Loss: 46.689266
2024-11-03 19:05: *********************************Current best model saved!
2024-11-03 19:05: Train Epoch 20: 0/4 Loss: 47.131741
2024-11-03 19:05: **********Train Epoch 20: averaged Loss: 46.739361, tf_ratio: 1.000000
2024-11-03 19:05: **********Val Epoch 20: average Loss: 45.650021
2024-11-03 19:05: *********************************Current best model saved!
2024-11-03 19:05: Train Epoch 21: 0/4 Loss: 46.108376
2024-11-03 19:05: **********Train Epoch 21: averaged Loss: 45.732404, tf_ratio: 1.000000
2024-11-03 19:05: **********Val Epoch 21: average Loss: 44.628017
2024-11-03 19:05: *********************************Current best model saved!
2024-11-03 19:05: Train Epoch 22: 0/4 Loss: 45.093842
2024-11-03 19:05: **********Train Epoch 22: averaged Loss: 44.715982, tf_ratio: 1.000000
2024-11-03 19:05: **********Val Epoch 22: average Loss: 43.621315
2024-11-03 19:05: *********************************Current best model saved!
2024-11-03 19:05: Train Epoch 23: 0/4 Loss: 44.038757
2024-11-03 19:05: **********Train Epoch 23: averaged Loss: 43.702083, tf_ratio: 1.000000
2024-11-03 19:05: **********Val Epoch 23: average Loss: 42.628506
2024-11-03 19:05: *********************************Current best model saved!
2024-11-03 19:05: Train Epoch 24: 0/4 Loss: 43.091454
2024-11-03 19:05: **********Train Epoch 24: averaged Loss: 42.712561, tf_ratio: 1.000000
2024-11-03 19:05: **********Val Epoch 24: average Loss: 41.648220
2024-11-03 19:05: *********************************Current best model saved!
2024-11-03 19:05: Train Epoch 25: 0/4 Loss: 42.160683
2024-11-03 19:05: **********Train Epoch 25: averaged Loss: 41.754722, tf_ratio: 1.000000
2024-11-03 19:05: **********Val Epoch 25: average Loss: 40.679302
2024-11-03 19:05: *********************************Current best model saved!
2024-11-03 19:05: Train Epoch 26: 0/4 Loss: 41.274887
2024-11-03 19:05: **********Train Epoch 26: averaged Loss: 40.789820, tf_ratio: 1.000000
2024-11-03 19:05: **********Val Epoch 26: average Loss: 39.720745
2024-11-03 19:05: *********************************Current best model saved!
2024-11-03 19:05: Train Epoch 27: 0/4 Loss: 40.127113
2024-11-03 19:05: **********Train Epoch 27: averaged Loss: 39.818924, tf_ratio: 1.000000
2024-11-03 19:05: **********Val Epoch 27: average Loss: 38.771591
2024-11-03 19:05: *********************************Current best model saved!
2024-11-03 19:05: Train Epoch 28: 0/4 Loss: 39.183090
2024-11-03 19:05: **********Train Epoch 28: averaged Loss: 38.877853, tf_ratio: 1.000000
2024-11-03 19:05: **********Val Epoch 28: average Loss: 37.831009
2024-11-03 19:05: *********************************Current best model saved!
2024-11-03 19:05: Train Epoch 29: 0/4 Loss: 38.273220
2024-11-03 19:05: **********Train Epoch 29: averaged Loss: 37.941213, tf_ratio: 1.000000
2024-11-03 19:05: **********Val Epoch 29: average Loss: 36.898335
2024-11-03 19:05: *********************************Current best model saved!
2024-11-03 19:05: Train Epoch 30: 0/4 Loss: 37.381260
2024-11-03 19:05: **********Train Epoch 30: averaged Loss: 37.031208, tf_ratio: 1.000000
2024-11-03 19:05: **********Val Epoch 30: average Loss: 35.972893
2024-11-03 19:05: *********************************Current best model saved!
2024-11-03 19:05: Train Epoch 31: 0/4 Loss: 36.481846
2024-11-03 19:05: **********Train Epoch 31: averaged Loss: 36.066983, tf_ratio: 1.000000
2024-11-03 19:05: **********Val Epoch 31: average Loss: 35.054138
2024-11-03 19:05: *********************************Current best model saved!
2024-11-03 19:05: Train Epoch 32: 0/4 Loss: 35.468727
2024-11-03 19:05: **********Train Epoch 32: averaged Loss: 35.184321, tf_ratio: 1.000000
2024-11-03 19:05: **********Val Epoch 32: average Loss: 34.141640
2024-11-03 19:05: *********************************Current best model saved!
2024-11-03 19:05: Train Epoch 33: 0/4 Loss: 34.654251
2024-11-03 19:05: **********Train Epoch 33: averaged Loss: 34.260510, tf_ratio: 1.000000
2024-11-03 19:05: **********Val Epoch 33: average Loss: 33.235073
2024-11-03 19:05: *********************************Current best model saved!
2024-11-03 19:05: Train Epoch 34: 0/4 Loss: 33.654922
2024-11-03 19:05: **********Train Epoch 34: averaged Loss: 33.323387, tf_ratio: 1.000000
2024-11-03 19:05: **********Val Epoch 34: average Loss: 32.334023
2024-11-03 19:05: *********************************Current best model saved!
2024-11-03 19:05: Train Epoch 35: 0/4 Loss: 32.790565
2024-11-03 19:05: **********Train Epoch 35: averaged Loss: 32.463324, tf_ratio: 1.000000
2024-11-03 19:05: **********Val Epoch 35: average Loss: 31.438356
2024-11-03 19:05: *********************************Current best model saved!
2024-11-03 19:05: Train Epoch 36: 0/4 Loss: 31.925396
2024-11-03 19:05: **********Train Epoch 36: averaged Loss: 31.558037, tf_ratio: 1.000000
2024-11-03 19:05: **********Val Epoch 36: average Loss: 30.547806
2024-11-03 19:05: *********************************Current best model saved!
2024-11-03 19:05: Train Epoch 37: 0/4 Loss: 30.972782
2024-11-03 19:05: **********Train Epoch 37: averaged Loss: 30.673096, tf_ratio: 1.000000
2024-11-03 19:05: **********Val Epoch 37: average Loss: 29.661989
2024-11-03 19:05: *********************************Current best model saved!
2024-11-03 19:05: Train Epoch 38: 0/4 Loss: 30.102022
2024-11-03 19:05: **********Train Epoch 38: averaged Loss: 29.783570, tf_ratio: 1.000000
2024-11-03 19:05: **********Val Epoch 38: average Loss: 28.780663
2024-11-03 19:05: *********************************Current best model saved!
2024-11-03 19:05: Train Epoch 39: 0/4 Loss: 29.232584
2024-11-03 19:05: **********Train Epoch 39: averaged Loss: 28.899083, tf_ratio: 1.000000
2024-11-03 19:05: **********Val Epoch 39: average Loss: 27.903372
2024-11-03 19:05: *********************************Current best model saved!
2024-11-03 19:05: Train Epoch 40: 0/4 Loss: 28.292540
2024-11-03 19:05: **********Train Epoch 40: averaged Loss: 28.027838, tf_ratio: 1.000000
2024-11-03 19:05: **********Val Epoch 40: average Loss: 27.029804
2024-11-03 19:05: *********************************Current best model saved!
2024-11-03 19:05: Train Epoch 41: 0/4 Loss: 27.439417
2024-11-03 19:05: **********Train Epoch 41: averaged Loss: 27.142175, tf_ratio: 1.000000
2024-11-03 19:05: **********Val Epoch 41: average Loss: 26.159962
2024-11-03 19:05: *********************************Current best model saved!
2024-11-03 19:05: Train Epoch 42: 0/4 Loss: 26.541557
2024-11-03 19:05: **********Train Epoch 42: averaged Loss: 26.276841, tf_ratio: 1.000000
2024-11-03 19:05: **********Val Epoch 42: average Loss: 25.293648
2024-11-03 19:05: *********************************Current best model saved!
2024-11-03 19:05: Train Epoch 43: 0/4 Loss: 25.647936
2024-11-03 19:05: **********Train Epoch 43: averaged Loss: 25.392150, tf_ratio: 1.000000
2024-11-03 19:05: **********Val Epoch 43: average Loss: 24.430681
2024-11-03 19:05: *********************************Current best model saved!
2024-11-03 19:05: Train Epoch 44: 0/4 Loss: 24.866787
2024-11-03 19:05: **********Train Epoch 44: averaged Loss: 24.544539, tf_ratio: 1.000000
2024-11-03 19:05: **********Val Epoch 44: average Loss: 23.570824
2024-11-03 19:05: *********************************Current best model saved!
2024-11-03 19:05: Train Epoch 45: 0/4 Loss: 24.026392
2024-11-03 19:05: **********Train Epoch 45: averaged Loss: 23.683820, tf_ratio: 1.000000
2024-11-03 19:05: **********Val Epoch 45: average Loss: 22.713907
2024-11-03 19:05: *********************************Current best model saved!
2024-11-03 19:05: Train Epoch 46: 0/4 Loss: 23.248556
2024-11-03 19:05: **********Train Epoch 46: averaged Loss: 22.812688, tf_ratio: 1.000000
2024-11-03 19:05: **********Val Epoch 46: average Loss: 21.859638
2024-11-03 19:05: *********************************Current best model saved!
2024-11-03 19:05: Train Epoch 47: 0/4 Loss: 22.338070
2024-11-03 19:05: **********Train Epoch 47: averaged Loss: 21.953286, tf_ratio: 1.000000
2024-11-03 19:05: **********Val Epoch 47: average Loss: 21.008076
2024-11-03 19:05: *********************************Current best model saved!
2024-11-03 19:05: Train Epoch 48: 0/4 Loss: 21.464361
2024-11-03 19:05: **********Train Epoch 48: averaged Loss: 21.096869, tf_ratio: 1.000000
2024-11-03 19:05: **********Val Epoch 48: average Loss: 20.159313
2024-11-03 19:05: *********************************Current best model saved!
2024-11-03 19:05: Train Epoch 49: 0/4 Loss: 20.594742
2024-11-03 19:05: **********Train Epoch 49: averaged Loss: 20.257946, tf_ratio: 1.000000
2024-11-03 19:05: **********Val Epoch 49: average Loss: 19.313089
2024-11-03 19:05: *********************************Current best model saved!
2024-11-03 19:05: Train Epoch 50: 0/4 Loss: 19.781301
2024-11-03 19:05: **********Train Epoch 50: averaged Loss: 19.407423, tf_ratio: 1.000000
2024-11-03 19:05: **********Val Epoch 50: average Loss: 18.469236
2024-11-03 19:05: *********************************Current best model saved!
2024-11-03 19:05: Train Epoch 51: 0/4 Loss: 18.841488
2024-11-03 19:05: **********Train Epoch 51: averaged Loss: 18.556241, tf_ratio: 1.000000
2024-11-03 19:05: **********Val Epoch 51: average Loss: 17.627941
2024-11-03 19:05: *********************************Current best model saved!
2024-11-03 19:05: Train Epoch 52: 0/4 Loss: 17.996368
2024-11-03 19:05: **********Train Epoch 52: averaged Loss: 17.711644, tf_ratio: 1.000000
2024-11-03 19:05: **********Val Epoch 52: average Loss: 16.789288
2024-11-03 19:05: *********************************Current best model saved!
2024-11-03 19:05: Train Epoch 53: 0/4 Loss: 17.079556
2024-11-03 19:05: **********Train Epoch 53: averaged Loss: 16.851212, tf_ratio: 1.000000
2024-11-03 19:05: **********Val Epoch 53: average Loss: 15.953470
2024-11-03 19:05: *********************************Current best model saved!
2024-11-03 19:05: Train Epoch 54: 0/4 Loss: 16.308552
2024-11-03 19:05: **********Train Epoch 54: averaged Loss: 16.030222, tf_ratio: 1.000000
2024-11-03 19:05: **********Val Epoch 54: average Loss: 15.120635
2024-11-03 19:05: *********************************Current best model saved!
2024-11-03 19:05: Train Epoch 55: 0/4 Loss: 15.484768
2024-11-03 19:05: **********Train Epoch 55: averaged Loss: 15.186352, tf_ratio: 1.000000
2024-11-03 19:05: **********Val Epoch 55: average Loss: 14.290933
2024-11-03 19:05: *********************************Current best model saved!
2024-11-03 19:05: Train Epoch 56: 0/4 Loss: 14.658869
2024-11-03 19:05: **********Train Epoch 56: averaged Loss: 14.362750, tf_ratio: 1.000000
2024-11-03 19:05: **********Val Epoch 56: average Loss: 13.464581
2024-11-03 19:05: *********************************Current best model saved!
2024-11-03 19:05: Train Epoch 57: 0/4 Loss: 13.896504
2024-11-03 19:05: **********Train Epoch 57: averaged Loss: 13.536499, tf_ratio: 1.000000
2024-11-03 19:05: **********Val Epoch 57: average Loss: 12.641850
2024-11-03 19:05: *********************************Current best model saved!
2024-11-03 19:05: Train Epoch 58: 0/4 Loss: 13.000344
2024-11-03 19:05: **********Train Epoch 58: averaged Loss: 12.683408, tf_ratio: 1.000000
2024-11-03 19:05: **********Val Epoch 58: average Loss: 11.823389
2024-11-03 19:05: *********************************Current best model saved!
2024-11-03 19:05: Train Epoch 59: 0/4 Loss: 12.155664
2024-11-03 19:05: **********Train Epoch 59: averaged Loss: 11.872172, tf_ratio: 1.000000
2024-11-03 19:05: **********Val Epoch 59: average Loss: 11.010543
2024-11-03 19:05: *********************************Current best model saved!
2024-11-03 19:05: Train Epoch 60: 0/4 Loss: 11.291707
2024-11-03 19:05: **********Train Epoch 60: averaged Loss: 11.034923, tf_ratio: 1.000000
2024-11-03 19:05: **********Val Epoch 60: average Loss: 10.204256
2024-11-03 19:05: *********************************Current best model saved!
2024-11-03 19:05: Train Epoch 61: 0/4 Loss: 10.545372
2024-11-03 19:05: **********Train Epoch 61: averaged Loss: 10.231854, tf_ratio: 1.000000
2024-11-03 19:05: **********Val Epoch 61: average Loss: 9.405151
2024-11-03 19:05: *********************************Current best model saved!
2024-11-03 19:05: Train Epoch 62: 0/4 Loss: 9.721343
2024-11-03 19:05: **********Train Epoch 62: averaged Loss: 9.418184, tf_ratio: 1.000000
2024-11-03 19:05: **********Val Epoch 62: average Loss: 8.615329
2024-11-03 19:05: *********************************Current best model saved!
2024-11-03 19:05: Train Epoch 63: 0/4 Loss: 8.886118
2024-11-03 19:05: **********Train Epoch 63: averaged Loss: 8.583573, tf_ratio: 1.000000
2024-11-03 19:05: **********Val Epoch 63: average Loss: 7.837720
2024-11-03 19:05: *********************************Current best model saved!
2024-11-03 19:05: Train Epoch 64: 0/4 Loss: 8.115847
2024-11-03 19:05: **********Train Epoch 64: averaged Loss: 7.824631, tf_ratio: 1.000000
2024-11-03 19:05: **********Val Epoch 64: average Loss: 7.074050
2024-11-03 19:05: *********************************Current best model saved!
2024-11-03 19:05: Train Epoch 65: 0/4 Loss: 7.344740
2024-11-03 19:05: **********Train Epoch 65: averaged Loss: 7.014955, tf_ratio: 1.000000
2024-11-03 19:05: **********Val Epoch 65: average Loss: 6.329660
2024-11-03 19:05: *********************************Current best model saved!
2024-11-03 19:05: Train Epoch 66: 0/4 Loss: 6.601291
2024-11-03 19:05: **********Train Epoch 66: averaged Loss: 6.261671, tf_ratio: 1.000000
2024-11-03 19:05: **********Val Epoch 66: average Loss: 5.610462
2024-11-03 19:05: *********************************Current best model saved!
2024-11-03 19:05: Train Epoch 67: 0/4 Loss: 5.666094
2024-11-03 19:05: **********Train Epoch 67: averaged Loss: 5.522800, tf_ratio: 1.000000
2024-11-03 19:05: **********Val Epoch 67: average Loss: 4.921832
2024-11-03 19:05: *********************************Current best model saved!
2024-11-03 19:05: Train Epoch 68: 0/4 Loss: 5.020578
2024-11-03 19:05: **********Train Epoch 68: averaged Loss: 4.818507, tf_ratio: 1.000000
2024-11-03 19:05: **********Val Epoch 68: average Loss: 4.270543
2024-11-03 19:05: *********************************Current best model saved!
2024-11-03 19:05: Train Epoch 69: 0/4 Loss: 4.399104
2024-11-03 19:05: **********Train Epoch 69: averaged Loss: 4.134250, tf_ratio: 1.000000
2024-11-03 19:05: **********Val Epoch 69: average Loss: 3.671771
2024-11-03 19:05: *********************************Current best model saved!
2024-11-03 19:05: Train Epoch 70: 0/4 Loss: 3.777991
2024-11-03 19:05: **********Train Epoch 70: averaged Loss: 3.534287, tf_ratio: 1.000000
2024-11-03 19:05: **********Val Epoch 70: average Loss: 3.148443
2024-11-03 19:05: *********************************Current best model saved!
2024-11-03 19:05: Train Epoch 71: 0/4 Loss: 3.206772
2024-11-03 19:05: **********Train Epoch 71: averaged Loss: 2.992625, tf_ratio: 1.000000
2024-11-03 19:05: **********Val Epoch 71: average Loss: 2.743838
2024-11-03 19:05: *********************************Current best model saved!
2024-11-03 19:05: Train Epoch 72: 0/4 Loss: 2.697331
2024-11-03 19:05: **********Train Epoch 72: averaged Loss: 2.617987, tf_ratio: 1.000000
2024-11-03 19:05: **********Val Epoch 72: average Loss: 2.562928
2024-11-03 19:05: *********************************Current best model saved!
2024-11-03 19:05: Train Epoch 73: 0/4 Loss: 2.472949
2024-11-03 19:05: **********Train Epoch 73: averaged Loss: 2.461185, tf_ratio: 1.000000
2024-11-03 19:05: **********Val Epoch 73: average Loss: 2.529661
2024-11-03 19:05: *********************************Current best model saved!
2024-11-03 19:05: Train Epoch 74: 0/4 Loss: 2.433369
2024-11-03 19:05: **********Train Epoch 74: averaged Loss: 2.429611, tf_ratio: 1.000000
2024-11-03 19:05: **********Val Epoch 74: average Loss: 2.534683
2024-11-03 19:05: Train Epoch 75: 0/4 Loss: 2.384900
2024-11-03 19:05: **********Train Epoch 75: averaged Loss: 2.413172, tf_ratio: 1.000000
2024-11-03 19:05: **********Val Epoch 75: average Loss: 2.549186
2024-11-03 19:05: Train Epoch 76: 0/4 Loss: 2.392680
2024-11-03 19:05: **********Train Epoch 76: averaged Loss: 2.418649, tf_ratio: 1.000000
2024-11-03 19:05: **********Val Epoch 76: average Loss: 2.562862
2024-11-03 19:05: Train Epoch 77: 0/4 Loss: 2.439250
2024-11-03 19:05: **********Train Epoch 77: averaged Loss: 2.434982, tf_ratio: 1.000000
2024-11-03 19:05: **********Val Epoch 77: average Loss: 2.571752
2024-11-03 19:05: Train Epoch 78: 0/4 Loss: 2.404685
2024-11-03 19:05: **********Train Epoch 78: averaged Loss: 2.424955, tf_ratio: 1.000000
2024-11-03 19:05: **********Val Epoch 78: average Loss: 2.574939
2024-11-03 19:05: Train Epoch 79: 0/4 Loss: 2.417794
2024-11-03 19:05: **********Train Epoch 79: averaged Loss: 2.428961, tf_ratio: 1.000000
2024-11-03 19:05: **********Val Epoch 79: average Loss: 2.573905
2024-11-03 19:05: Train Epoch 80: 0/4 Loss: 2.432236
2024-11-03 19:05: **********Train Epoch 80: averaged Loss: 2.428885, tf_ratio: 1.000000
2024-11-03 19:05: **********Val Epoch 80: average Loss: 2.569757
2024-11-03 19:06: Train Epoch 81: 0/4 Loss: 2.403776
2024-11-03 19:06: **********Train Epoch 81: averaged Loss: 2.421081, tf_ratio: 1.000000
2024-11-03 19:06: **********Val Epoch 81: average Loss: 2.564384
2024-11-03 19:06: Train Epoch 82: 0/4 Loss: 2.376674
2024-11-03 19:06: **********Train Epoch 82: averaged Loss: 2.421315, tf_ratio: 1.000000
2024-11-03 19:06: **********Val Epoch 82: average Loss: 2.558821
2024-11-03 19:06: Train Epoch 83: 0/4 Loss: 2.425793
2024-11-03 19:06: **********Train Epoch 83: averaged Loss: 2.418803, tf_ratio: 1.000000
2024-11-03 19:06: **********Val Epoch 83: average Loss: 2.553550
2024-11-03 19:06: Train Epoch 84: 0/4 Loss: 2.406395
2024-11-03 19:06: **********Train Epoch 84: averaged Loss: 2.411606, tf_ratio: 1.000000
2024-11-03 19:06: **********Val Epoch 84: average Loss: 2.549196
2024-11-03 19:06: Train Epoch 85: 0/4 Loss: 2.407309
2024-11-03 19:06: **********Train Epoch 85: averaged Loss: 2.420804, tf_ratio: 1.000000
2024-11-03 19:06: **********Val Epoch 85: average Loss: 2.545390
2024-11-03 19:06: Train Epoch 86: 0/4 Loss: 2.414353
2024-11-03 19:06: **********Train Epoch 86: averaged Loss: 2.416094, tf_ratio: 1.000000
2024-11-03 19:06: **********Val Epoch 86: average Loss: 2.542434
2024-11-03 19:06: Train Epoch 87: 0/4 Loss: 2.399345
2024-11-03 19:06: **********Train Epoch 87: averaged Loss: 2.421330, tf_ratio: 1.000000
2024-11-03 19:06: **********Val Epoch 87: average Loss: 2.540241
2024-11-03 19:06: Train Epoch 88: 0/4 Loss: 2.431857
2024-11-03 19:06: **********Train Epoch 88: averaged Loss: 2.414789, tf_ratio: 1.000000
2024-11-03 19:06: **********Val Epoch 88: average Loss: 2.538542
2024-11-03 19:06: Validation performance didn't improve for 15 epochs. Training stops.
2024-11-03 19:06: Total training time: 0.7252min, best loss: 2.529661
2024-11-03 19:06: Saving current best model to /root/AGCRN/model/experiments/HOURS/data2/2/20241103190520/best_model.pth
2024-11-03 19:06: Horizon 01, MAE: 2.41, RMSE: 3.48, MAPE: 3.7777%
2024-11-03 19:06: Horizon 02, MAE: 2.41, RMSE: 3.50, MAPE: 3.8037%
2024-11-03 19:06: Horizon 03, MAE: 2.41, RMSE: 3.52, MAPE: 3.8109%
2024-11-03 19:06: Horizon 04, MAE: 2.41, RMSE: 3.50, MAPE: 3.8314%
2024-11-03 19:06: Horizon 05, MAE: 2.43, RMSE: 3.56, MAPE: 3.8383%
2024-11-03 19:06: Horizon 06, MAE: 2.46, RMSE: 3.64, MAPE: 3.8699%
2024-11-03 19:06: Horizon 07, MAE: 2.44, RMSE: 3.58, MAPE: 3.8637%
2024-11-03 19:06: Horizon 08, MAE: 2.44, RMSE: 3.59, MAPE: 3.8719%
2024-11-03 19:06: Horizon 09, MAE: 2.46, RMSE: 3.63, MAPE: 3.8846%
2024-11-03 19:06: Horizon 10, MAE: 2.45, RMSE: 3.59, MAPE: 3.8879%
2024-11-03 19:06: Horizon 11, MAE: 2.48, RMSE: 3.69, MAPE: 3.9138%
2024-11-03 19:06: Horizon 12, MAE: 2.49, RMSE: 3.71, MAPE: 3.9219%
2024-11-03 19:06: Average Horizon, MAE: 2.44, RMSE: 3.58, MAPE: 3.8563%
