2024-11-03 19:32: Experiment log path in: /root/AGCRN/model/experiments/HOURS/data11/10/20241103193247
2024-11-03 19:32: Train Epoch 1: 0/4 Loss: 58.642097
2024-11-03 19:32: **********Train Epoch 1: averaged Loss: 58.501019, tf_ratio: 1.000000
2024-11-03 19:32: **********Val Epoch 1: average Loss: 57.543415
2024-11-03 19:32: *********************************Current best model saved!
2024-11-03 19:32: Train Epoch 2: 0/4 Loss: 58.602398
2024-11-03 19:32: **********Train Epoch 2: averaged Loss: 58.542831, tf_ratio: 1.000000
2024-11-03 19:32: **********Val Epoch 2: average Loss: 57.462536
2024-11-03 19:32: *********************************Current best model saved!
2024-11-03 19:32: Train Epoch 3: 0/4 Loss: 58.673321
2024-11-03 19:32: **********Train Epoch 3: averaged Loss: 58.395747, tf_ratio: 1.000000
2024-11-03 19:32: **********Val Epoch 3: average Loss: 57.223160
2024-11-03 19:32: *********************************Current best model saved!
2024-11-03 19:32: Train Epoch 4: 0/4 Loss: 58.140640
2024-11-03 19:32: **********Train Epoch 4: averaged Loss: 57.988646, tf_ratio: 1.000000
2024-11-03 19:32: **********Val Epoch 4: average Loss: 56.230846
2024-11-03 19:32: *********************************Current best model saved!
2024-11-03 19:32: Train Epoch 5: 0/4 Loss: 56.991753
2024-11-03 19:32: **********Train Epoch 5: averaged Loss: 56.495687, tf_ratio: 1.000000
2024-11-03 19:32: **********Val Epoch 5: average Loss: 54.349216
2024-11-03 19:32: *********************************Current best model saved!
2024-11-03 19:32: Train Epoch 6: 0/4 Loss: 55.220360
2024-11-03 19:32: **********Train Epoch 6: averaged Loss: 54.742723, tf_ratio: 1.000000
2024-11-03 19:32: **********Val Epoch 6: average Loss: 52.862892
2024-11-03 19:32: *********************************Current best model saved!
2024-11-03 19:32: Train Epoch 7: 0/4 Loss: 53.741238
2024-11-03 19:32: **********Train Epoch 7: averaged Loss: 53.454543, tf_ratio: 1.000000
2024-11-03 19:32: **********Val Epoch 7: average Loss: 51.689087
2024-11-03 19:32: *********************************Current best model saved!
2024-11-03 19:32: Train Epoch 8: 0/4 Loss: 52.296909
2024-11-03 19:32: **********Train Epoch 8: averaged Loss: 52.311360, tf_ratio: 1.000000
2024-11-03 19:32: **********Val Epoch 8: average Loss: 50.633545
2024-11-03 19:32: *********************************Current best model saved!
2024-11-03 19:32: Train Epoch 9: 0/4 Loss: 51.415035
2024-11-03 19:32: **********Train Epoch 9: averaged Loss: 51.235374, tf_ratio: 1.000000
2024-11-03 19:32: **********Val Epoch 9: average Loss: 49.617096
2024-11-03 19:32: *********************************Current best model saved!
2024-11-03 19:32: Train Epoch 10: 0/4 Loss: 50.585773
2024-11-03 19:32: **********Train Epoch 10: averaged Loss: 50.259712, tf_ratio: 1.000000
2024-11-03 19:32: **********Val Epoch 10: average Loss: 48.619324
2024-11-03 19:32: *********************************Current best model saved!
2024-11-03 19:32: Train Epoch 11: 0/4 Loss: 49.563431
2024-11-03 19:32: **********Train Epoch 11: averaged Loss: 49.305700, tf_ratio: 1.000000
2024-11-03 19:32: **********Val Epoch 11: average Loss: 47.630676
2024-11-03 19:32: *********************************Current best model saved!
2024-11-03 19:32: Train Epoch 12: 0/4 Loss: 48.580021
2024-11-03 19:32: **********Train Epoch 12: averaged Loss: 48.233773, tf_ratio: 1.000000
2024-11-03 19:32: **********Val Epoch 12: average Loss: 46.653111
2024-11-03 19:32: *********************************Current best model saved!
2024-11-03 19:32: Train Epoch 13: 0/4 Loss: 47.962811
2024-11-03 19:32: **********Train Epoch 13: averaged Loss: 47.315973, tf_ratio: 1.000000
2024-11-03 19:32: **********Val Epoch 13: average Loss: 45.688133
2024-11-03 19:32: *********************************Current best model saved!
2024-11-03 19:32: Train Epoch 14: 0/4 Loss: 46.898060
2024-11-03 19:32: **********Train Epoch 14: averaged Loss: 46.388396, tf_ratio: 1.000000
2024-11-03 19:32: **********Val Epoch 14: average Loss: 44.736252
2024-11-03 19:32: *********************************Current best model saved!
2024-11-03 19:32: Train Epoch 15: 0/4 Loss: 46.147911
2024-11-03 19:32: **********Train Epoch 15: averaged Loss: 45.355735, tf_ratio: 1.000000
2024-11-03 19:32: **********Val Epoch 15: average Loss: 43.796970
2024-11-03 19:32: *********************************Current best model saved!
2024-11-03 19:32: Train Epoch 16: 0/4 Loss: 44.830173
2024-11-03 19:32: **********Train Epoch 16: averaged Loss: 44.508843, tf_ratio: 1.000000
2024-11-03 19:32: **********Val Epoch 16: average Loss: 42.869411
2024-11-03 19:32: *********************************Current best model saved!
2024-11-03 19:32: Train Epoch 17: 0/4 Loss: 44.274773
2024-11-03 19:32: **********Train Epoch 17: averaged Loss: 43.547004, tf_ratio: 1.000000
2024-11-03 19:32: **********Val Epoch 17: average Loss: 41.952724
2024-11-03 19:32: *********************************Current best model saved!
2024-11-03 19:32: Train Epoch 18: 0/4 Loss: 42.946884
2024-11-03 19:32: **********Train Epoch 18: averaged Loss: 42.650704, tf_ratio: 1.000000
2024-11-03 19:32: **********Val Epoch 18: average Loss: 41.046040
2024-11-03 19:32: *********************************Current best model saved!
2024-11-03 19:32: Train Epoch 19: 0/4 Loss: 41.720898
2024-11-03 19:32: **********Train Epoch 19: averaged Loss: 41.750669, tf_ratio: 1.000000
2024-11-03 19:32: **********Val Epoch 19: average Loss: 40.148693
2024-11-03 19:32: *********************************Current best model saved!
2024-11-03 19:32: Train Epoch 20: 0/4 Loss: 41.395298
2024-11-03 19:32: **********Train Epoch 20: averaged Loss: 40.826072, tf_ratio: 1.000000
2024-11-03 19:32: **********Val Epoch 20: average Loss: 39.260174
2024-11-03 19:32: *********************************Current best model saved!
2024-11-03 19:32: Train Epoch 21: 0/4 Loss: 40.156265
2024-11-03 19:32: **********Train Epoch 21: averaged Loss: 39.890529, tf_ratio: 1.000000
2024-11-03 19:32: **********Val Epoch 21: average Loss: 38.379868
2024-11-03 19:32: *********************************Current best model saved!
2024-11-03 19:32: Train Epoch 22: 0/4 Loss: 39.317570
2024-11-03 19:32: **********Train Epoch 22: averaged Loss: 39.003534, tf_ratio: 1.000000
2024-11-03 19:32: **********Val Epoch 22: average Loss: 37.506863
2024-11-03 19:32: *********************************Current best model saved!
2024-11-03 19:32: Train Epoch 23: 0/4 Loss: 38.328079
2024-11-03 19:32: **********Train Epoch 23: averaged Loss: 38.168057, tf_ratio: 1.000000
2024-11-03 19:32: **********Val Epoch 23: average Loss: 36.641232
2024-11-03 19:32: *********************************Current best model saved!
2024-11-03 19:32: Train Epoch 24: 0/4 Loss: 37.593151
2024-11-03 19:33: **********Train Epoch 24: averaged Loss: 37.334941, tf_ratio: 1.000000
2024-11-03 19:33: **********Val Epoch 24: average Loss: 35.782764
2024-11-03 19:33: *********************************Current best model saved!
2024-11-03 19:33: Train Epoch 25: 0/4 Loss: 37.007671
2024-11-03 19:33: **********Train Epoch 25: averaged Loss: 36.486559, tf_ratio: 1.000000
2024-11-03 19:33: **********Val Epoch 25: average Loss: 34.930828
2024-11-03 19:33: *********************************Current best model saved!
2024-11-03 19:33: Train Epoch 26: 0/4 Loss: 35.772114
2024-11-03 19:33: **********Train Epoch 26: averaged Loss: 35.581131, tf_ratio: 1.000000
2024-11-03 19:33: **********Val Epoch 26: average Loss: 34.085461
2024-11-03 19:33: *********************************Current best model saved!
2024-11-03 19:33: Train Epoch 27: 0/4 Loss: 35.030666
2024-11-03 19:33: **********Train Epoch 27: averaged Loss: 34.734346, tf_ratio: 1.000000
2024-11-03 19:33: **********Val Epoch 27: average Loss: 33.246964
2024-11-03 19:33: *********************************Current best model saved!
2024-11-03 19:33: Train Epoch 28: 0/4 Loss: 34.241390
2024-11-03 19:33: **********Train Epoch 28: averaged Loss: 33.923407, tf_ratio: 1.000000
2024-11-03 19:33: **********Val Epoch 28: average Loss: 32.415100
2024-11-03 19:33: *********************************Current best model saved!
2024-11-03 19:33: Train Epoch 29: 0/4 Loss: 33.510860
2024-11-03 19:33: **********Train Epoch 29: averaged Loss: 33.136777, tf_ratio: 1.000000
2024-11-03 19:33: **********Val Epoch 29: average Loss: 31.589581
2024-11-03 19:33: *********************************Current best model saved!
2024-11-03 19:33: Train Epoch 30: 0/4 Loss: 32.518093
2024-11-03 19:33: **********Train Epoch 30: averaged Loss: 32.230823, tf_ratio: 1.000000
2024-11-03 19:33: **********Val Epoch 30: average Loss: 30.771004
2024-11-03 19:33: *********************************Current best model saved!
2024-11-03 19:33: Train Epoch 31: 0/4 Loss: 31.528820
2024-11-03 19:33: **********Train Epoch 31: averaged Loss: 31.405185, tf_ratio: 1.000000
2024-11-03 19:33: **********Val Epoch 31: average Loss: 29.960484
2024-11-03 19:33: *********************************Current best model saved!
2024-11-03 19:33: Train Epoch 32: 0/4 Loss: 30.930641
2024-11-03 19:33: **********Train Epoch 32: averaged Loss: 30.573144, tf_ratio: 1.000000
2024-11-03 19:33: **********Val Epoch 32: average Loss: 29.158266
2024-11-03 19:33: *********************************Current best model saved!
2024-11-03 19:33: Train Epoch 33: 0/4 Loss: 30.154497
2024-11-03 19:33: **********Train Epoch 33: averaged Loss: 29.756946, tf_ratio: 1.000000
2024-11-03 19:33: **********Val Epoch 33: average Loss: 28.364740
2024-11-03 19:33: *********************************Current best model saved!
2024-11-03 19:33: Train Epoch 34: 0/4 Loss: 29.493961
2024-11-03 19:33: **********Train Epoch 34: averaged Loss: 29.012902, tf_ratio: 1.000000
2024-11-03 19:33: **********Val Epoch 34: average Loss: 27.579842
2024-11-03 19:33: *********************************Current best model saved!
2024-11-03 19:33: Train Epoch 35: 0/4 Loss: 28.752729
2024-11-03 19:33: **********Train Epoch 35: averaged Loss: 28.152588, tf_ratio: 1.000000
2024-11-03 19:33: **********Val Epoch 35: average Loss: 26.803850
2024-11-03 19:33: *********************************Current best model saved!
2024-11-03 19:33: Train Epoch 36: 0/4 Loss: 27.845222
2024-11-03 19:33: **********Train Epoch 36: averaged Loss: 27.552530, tf_ratio: 1.000000
2024-11-03 19:33: **********Val Epoch 36: average Loss: 26.037052
2024-11-03 19:33: *********************************Current best model saved!
2024-11-03 19:33: Train Epoch 37: 0/4 Loss: 26.958527
2024-11-03 19:33: **********Train Epoch 37: averaged Loss: 26.701814, tf_ratio: 1.000000
2024-11-03 19:33: **********Val Epoch 37: average Loss: 25.278801
2024-11-03 19:33: *********************************Current best model saved!
2024-11-03 19:33: Train Epoch 38: 0/4 Loss: 26.496374
2024-11-03 19:33: **********Train Epoch 38: averaged Loss: 25.987285, tf_ratio: 1.000000
2024-11-03 19:33: **********Val Epoch 38: average Loss: 24.528555
2024-11-03 19:33: *********************************Current best model saved!
2024-11-03 19:33: Train Epoch 39: 0/4 Loss: 25.542427
2024-11-03 19:33: **********Train Epoch 39: averaged Loss: 25.251394, tf_ratio: 1.000000
2024-11-03 19:33: **********Val Epoch 39: average Loss: 23.785915
2024-11-03 19:33: *********************************Current best model saved!
2024-11-03 19:33: Train Epoch 40: 0/4 Loss: 24.625917
2024-11-03 19:33: **********Train Epoch 40: averaged Loss: 24.478816, tf_ratio: 1.000000
2024-11-03 19:33: **********Val Epoch 40: average Loss: 23.051504
2024-11-03 19:33: *********************************Current best model saved!
2024-11-03 19:33: Train Epoch 41: 0/4 Loss: 23.746187
2024-11-03 19:33: **********Train Epoch 41: averaged Loss: 23.669465, tf_ratio: 1.000000
2024-11-03 19:33: **********Val Epoch 41: average Loss: 22.326231
2024-11-03 19:33: *********************************Current best model saved!
2024-11-03 19:33: Train Epoch 42: 0/4 Loss: 23.379858
2024-11-03 19:33: **********Train Epoch 42: averaged Loss: 23.048771, tf_ratio: 1.000000
2024-11-03 19:33: **********Val Epoch 42: average Loss: 21.609026
2024-11-03 19:33: *********************************Current best model saved!
2024-11-03 19:33: Train Epoch 43: 0/4 Loss: 22.634445
2024-11-03 19:33: **********Train Epoch 43: averaged Loss: 22.303947, tf_ratio: 1.000000
2024-11-03 19:33: **********Val Epoch 43: average Loss: 20.899025
2024-11-03 19:33: *********************************Current best model saved!
2024-11-03 19:33: Train Epoch 44: 0/4 Loss: 22.006762
2024-11-03 19:33: **********Train Epoch 44: averaged Loss: 21.586468, tf_ratio: 1.000000
2024-11-03 19:33: **********Val Epoch 44: average Loss: 20.195644
2024-11-03 19:33: *********************************Current best model saved!
2024-11-03 19:33: Train Epoch 45: 0/4 Loss: 21.411869
2024-11-03 19:33: **********Train Epoch 45: averaged Loss: 20.912326, tf_ratio: 1.000000
2024-11-03 19:33: **********Val Epoch 45: average Loss: 19.498755
2024-11-03 19:33: *********************************Current best model saved!
2024-11-03 19:33: Train Epoch 46: 0/4 Loss: 20.294590
2024-11-03 19:33: **********Train Epoch 46: averaged Loss: 20.248379, tf_ratio: 1.000000
2024-11-03 19:33: **********Val Epoch 46: average Loss: 18.809765
2024-11-03 19:33: *********************************Current best model saved!
2024-11-03 19:33: Train Epoch 47: 0/4 Loss: 20.112391
2024-11-03 19:33: **********Train Epoch 47: averaged Loss: 19.512230, tf_ratio: 1.000000
2024-11-03 19:33: **********Val Epoch 47: average Loss: 18.128462
2024-11-03 19:33: *********************************Current best model saved!
2024-11-03 19:33: Train Epoch 48: 0/4 Loss: 19.617239
2024-11-03 19:33: **********Train Epoch 48: averaged Loss: 18.858646, tf_ratio: 1.000000
2024-11-03 19:33: **********Val Epoch 48: average Loss: 17.455132
2024-11-03 19:33: *********************************Current best model saved!
2024-11-03 19:33: Train Epoch 49: 0/4 Loss: 18.399380
2024-11-03 19:33: **********Train Epoch 49: averaged Loss: 18.152796, tf_ratio: 1.000000
2024-11-03 19:33: **********Val Epoch 49: average Loss: 16.790483
2024-11-03 19:33: *********************************Current best model saved!
2024-11-03 19:33: Train Epoch 50: 0/4 Loss: 17.718163
2024-11-03 19:33: **********Train Epoch 50: averaged Loss: 17.488686, tf_ratio: 1.000000
2024-11-03 19:33: **********Val Epoch 50: average Loss: 16.135841
2024-11-03 19:33: *********************************Current best model saved!
2024-11-03 19:33: Train Epoch 51: 0/4 Loss: 17.258457
2024-11-03 19:33: **********Train Epoch 51: averaged Loss: 16.810116, tf_ratio: 1.000000
2024-11-03 19:33: **********Val Epoch 51: average Loss: 15.492013
2024-11-03 19:33: *********************************Current best model saved!
2024-11-03 19:33: Train Epoch 52: 0/4 Loss: 16.861238
2024-11-03 19:33: **********Train Epoch 52: averaged Loss: 16.258188, tf_ratio: 1.000000
2024-11-03 19:33: **********Val Epoch 52: average Loss: 14.858467
2024-11-03 19:33: *********************************Current best model saved!
2024-11-03 19:33: Train Epoch 53: 0/4 Loss: 15.944146
2024-11-03 19:33: **********Train Epoch 53: averaged Loss: 15.572228, tf_ratio: 1.000000
2024-11-03 19:33: **********Val Epoch 53: average Loss: 14.237349
2024-11-03 19:33: *********************************Current best model saved!
2024-11-03 19:33: Train Epoch 54: 0/4 Loss: 15.325561
2024-11-03 19:33: **********Train Epoch 54: averaged Loss: 14.967955, tf_ratio: 1.000000
2024-11-03 19:33: **********Val Epoch 54: average Loss: 13.628822
2024-11-03 19:33: *********************************Current best model saved!
2024-11-03 19:33: Train Epoch 55: 0/4 Loss: 14.658774
2024-11-03 19:33: **********Train Epoch 55: averaged Loss: 14.336549, tf_ratio: 1.000000
2024-11-03 19:33: **********Val Epoch 55: average Loss: 13.032853
2024-11-03 19:33: *********************************Current best model saved!
2024-11-03 19:33: Train Epoch 56: 0/4 Loss: 13.891340
2024-11-03 19:33: **********Train Epoch 56: averaged Loss: 13.752423, tf_ratio: 1.000000
2024-11-03 19:33: **********Val Epoch 56: average Loss: 12.450308
2024-11-03 19:33: *********************************Current best model saved!
2024-11-03 19:33: Train Epoch 57: 0/4 Loss: 13.597154
2024-11-03 19:33: **********Train Epoch 57: averaged Loss: 13.159070, tf_ratio: 1.000000
2024-11-03 19:33: **********Val Epoch 57: average Loss: 11.880139
2024-11-03 19:33: *********************************Current best model saved!
2024-11-03 19:33: Train Epoch 58: 0/4 Loss: 12.701732
2024-11-03 19:33: **********Train Epoch 58: averaged Loss: 12.599291, tf_ratio: 1.000000
2024-11-03 19:33: **********Val Epoch 58: average Loss: 11.322997
2024-11-03 19:33: *********************************Current best model saved!
2024-11-03 19:33: Train Epoch 59: 0/4 Loss: 12.214938
2024-11-03 19:33: **********Train Epoch 59: averaged Loss: 11.986319, tf_ratio: 1.000000
2024-11-03 19:33: **********Val Epoch 59: average Loss: 10.779520
2024-11-03 19:33: *********************************Current best model saved!
2024-11-03 19:33: Train Epoch 60: 0/4 Loss: 11.662660
2024-11-03 19:33: **********Train Epoch 60: averaged Loss: 11.453250, tf_ratio: 1.000000
2024-11-03 19:33: **********Val Epoch 60: average Loss: 10.250449
2024-11-03 19:33: *********************************Current best model saved!
2024-11-03 19:33: Train Epoch 61: 0/4 Loss: 11.391427
2024-11-03 19:33: **********Train Epoch 61: averaged Loss: 10.900284, tf_ratio: 1.000000
2024-11-03 19:33: **********Val Epoch 61: average Loss: 9.738049
2024-11-03 19:33: *********************************Current best model saved!
2024-11-03 19:33: Train Epoch 62: 0/4 Loss: 10.479682
2024-11-03 19:33: **********Train Epoch 62: averaged Loss: 10.351508, tf_ratio: 1.000000
2024-11-03 19:33: **********Val Epoch 62: average Loss: 9.244886
2024-11-03 19:33: *********************************Current best model saved!
2024-11-03 19:33: Train Epoch 63: 0/4 Loss: 9.951452
2024-11-03 19:33: **********Train Epoch 63: averaged Loss: 9.838188, tf_ratio: 1.000000
2024-11-03 19:33: **********Val Epoch 63: average Loss: 8.773206
2024-11-03 19:33: *********************************Current best model saved!
2024-11-03 19:33: Train Epoch 64: 0/4 Loss: 9.495426
2024-11-03 19:33: **********Train Epoch 64: averaged Loss: 9.368503, tf_ratio: 1.000000
2024-11-03 19:33: **********Val Epoch 64: average Loss: 8.325236
2024-11-03 19:33: *********************************Current best model saved!
2024-11-03 19:33: Train Epoch 65: 0/4 Loss: 9.175442
2024-11-03 19:33: **********Train Epoch 65: averaged Loss: 8.891239, tf_ratio: 1.000000
2024-11-03 19:33: **********Val Epoch 65: average Loss: 7.904581
2024-11-03 19:33: *********************************Current best model saved!
2024-11-03 19:33: Train Epoch 66: 0/4 Loss: 8.606833
2024-11-03 19:33: **********Train Epoch 66: averaged Loss: 8.413630, tf_ratio: 1.000000
2024-11-03 19:33: **********Val Epoch 66: average Loss: 7.512394
2024-11-03 19:33: *********************************Current best model saved!
2024-11-03 19:33: Train Epoch 67: 0/4 Loss: 8.274285
2024-11-03 19:33: **********Train Epoch 67: averaged Loss: 8.039499, tf_ratio: 1.000000
2024-11-03 19:33: **********Val Epoch 67: average Loss: 7.151920
2024-11-03 19:33: *********************************Current best model saved!
2024-11-03 19:33: Train Epoch 68: 0/4 Loss: 7.768368
2024-11-03 19:33: **********Train Epoch 68: averaged Loss: 7.577820, tf_ratio: 1.000000
2024-11-03 19:33: **********Val Epoch 68: average Loss: 6.822561
2024-11-03 19:33: *********************************Current best model saved!
2024-11-03 19:33: Train Epoch 69: 0/4 Loss: 7.420808
2024-11-03 19:33: **********Train Epoch 69: averaged Loss: 7.277186, tf_ratio: 1.000000
2024-11-03 19:33: **********Val Epoch 69: average Loss: 6.525762
2024-11-03 19:33: *********************************Current best model saved!
2024-11-03 19:33: Train Epoch 70: 0/4 Loss: 7.170222
2024-11-03 19:33: **********Train Epoch 70: averaged Loss: 6.916385, tf_ratio: 1.000000
2024-11-03 19:33: **********Val Epoch 70: average Loss: 6.262481
2024-11-03 19:33: *********************************Current best model saved!
2024-11-03 19:33: Train Epoch 71: 0/4 Loss: 6.609244
2024-11-03 19:33: **********Train Epoch 71: averaged Loss: 6.663798, tf_ratio: 1.000000
2024-11-03 19:33: **********Val Epoch 71: average Loss: 6.036525
2024-11-03 19:33: *********************************Current best model saved!
2024-11-03 19:33: Train Epoch 72: 0/4 Loss: 6.544932
2024-11-03 19:33: **********Train Epoch 72: averaged Loss: 6.385836, tf_ratio: 1.000000
2024-11-03 19:33: **********Val Epoch 72: average Loss: 5.848550
2024-11-03 19:33: *********************************Current best model saved!
2024-11-03 19:33: Train Epoch 73: 0/4 Loss: 6.278032
2024-11-03 19:33: **********Train Epoch 73: averaged Loss: 6.195419, tf_ratio: 1.000000
2024-11-03 19:33: **********Val Epoch 73: average Loss: 5.696434
2024-11-03 19:33: *********************************Current best model saved!
2024-11-03 19:33: Train Epoch 74: 0/4 Loss: 5.998278
2024-11-03 19:33: **********Train Epoch 74: averaged Loss: 6.021438, tf_ratio: 1.000000
2024-11-03 19:33: **********Val Epoch 74: average Loss: 5.576986
2024-11-03 19:33: *********************************Current best model saved!
2024-11-03 19:33: Train Epoch 75: 0/4 Loss: 6.074227
2024-11-03 19:33: **********Train Epoch 75: averaged Loss: 5.827631, tf_ratio: 1.000000
2024-11-03 19:33: **********Val Epoch 75: average Loss: 5.486627
2024-11-03 19:33: *********************************Current best model saved!
2024-11-03 19:33: Train Epoch 76: 0/4 Loss: 5.641167
2024-11-03 19:33: **********Train Epoch 76: averaged Loss: 5.729763, tf_ratio: 1.000000
2024-11-03 19:33: **********Val Epoch 76: average Loss: 5.422539
2024-11-03 19:33: *********************************Current best model saved!
2024-11-03 19:33: Train Epoch 77: 0/4 Loss: 5.670888
2024-11-03 19:33: **********Train Epoch 77: averaged Loss: 5.675081, tf_ratio: 1.000000
2024-11-03 19:33: **********Val Epoch 77: average Loss: 5.379519
2024-11-03 19:33: *********************************Current best model saved!
2024-11-03 19:33: Train Epoch 78: 0/4 Loss: 5.684873
2024-11-03 19:33: **********Train Epoch 78: averaged Loss: 5.601719, tf_ratio: 1.000000
2024-11-03 19:33: **********Val Epoch 78: average Loss: 5.353651
2024-11-03 19:33: *********************************Current best model saved!
2024-11-03 19:33: Train Epoch 79: 0/4 Loss: 5.478670
2024-11-03 19:33: **********Train Epoch 79: averaged Loss: 5.508655, tf_ratio: 1.000000
2024-11-03 19:33: **********Val Epoch 79: average Loss: 5.340678
2024-11-03 19:33: *********************************Current best model saved!
2024-11-03 19:33: Train Epoch 80: 0/4 Loss: 5.588499
2024-11-03 19:33: **********Train Epoch 80: averaged Loss: 5.501371, tf_ratio: 1.000000
2024-11-03 19:33: **********Val Epoch 80: average Loss: 5.336883
2024-11-03 19:33: *********************************Current best model saved!
2024-11-03 19:33: Train Epoch 81: 0/4 Loss: 5.575443
2024-11-03 19:33: **********Train Epoch 81: averaged Loss: 5.487253, tf_ratio: 1.000000
2024-11-03 19:33: **********Val Epoch 81: average Loss: 5.339087
2024-11-03 19:33: Train Epoch 82: 0/4 Loss: 5.514251
2024-11-03 19:33: **********Train Epoch 82: averaged Loss: 5.481833, tf_ratio: 1.000000
2024-11-03 19:33: **********Val Epoch 82: average Loss: 5.344498
2024-11-03 19:33: Train Epoch 83: 0/4 Loss: 5.716677
2024-11-03 19:33: **********Train Epoch 83: averaged Loss: 5.460263, tf_ratio: 1.000000
2024-11-03 19:33: **********Val Epoch 83: average Loss: 5.351337
2024-11-03 19:33: Train Epoch 84: 0/4 Loss: 5.424592
2024-11-03 19:33: **********Train Epoch 84: averaged Loss: 5.454308, tf_ratio: 1.000000
2024-11-03 19:33: **********Val Epoch 84: average Loss: 5.358650
2024-11-03 19:33: Train Epoch 85: 0/4 Loss: 5.549812
2024-11-03 19:33: **********Train Epoch 85: averaged Loss: 5.462128, tf_ratio: 1.000000
2024-11-03 19:33: **********Val Epoch 85: average Loss: 5.365624
2024-11-03 19:33: Train Epoch 86: 0/4 Loss: 5.462144
2024-11-03 19:33: **********Train Epoch 86: averaged Loss: 5.461133, tf_ratio: 1.000000
2024-11-03 19:33: **********Val Epoch 86: average Loss: 5.371556
2024-11-03 19:33: Train Epoch 87: 0/4 Loss: 5.558382
2024-11-03 19:33: **********Train Epoch 87: averaged Loss: 5.437438, tf_ratio: 1.000000
2024-11-03 19:33: **********Val Epoch 87: average Loss: 5.376314
2024-11-03 19:33: Train Epoch 88: 0/4 Loss: 5.598804
2024-11-03 19:33: **********Train Epoch 88: averaged Loss: 5.444905, tf_ratio: 1.000000
2024-11-03 19:33: **********Val Epoch 88: average Loss: 5.380459
2024-11-03 19:33: Train Epoch 89: 0/4 Loss: 5.396419
2024-11-03 19:33: **********Train Epoch 89: averaged Loss: 5.430120, tf_ratio: 1.000000
2024-11-03 19:33: **********Val Epoch 89: average Loss: 5.383494
2024-11-03 19:33: Train Epoch 90: 0/4 Loss: 5.480303
2024-11-03 19:33: **********Train Epoch 90: averaged Loss: 5.456143, tf_ratio: 1.000000
2024-11-03 19:33: **********Val Epoch 90: average Loss: 5.385556
2024-11-03 19:33: Train Epoch 91: 0/4 Loss: 5.435410
2024-11-03 19:33: **********Train Epoch 91: averaged Loss: 5.430262, tf_ratio: 1.000000
2024-11-03 19:33: **********Val Epoch 91: average Loss: 5.386862
2024-11-03 19:33: Train Epoch 92: 0/4 Loss: 5.342367
2024-11-03 19:33: **********Train Epoch 92: averaged Loss: 5.404494, tf_ratio: 1.000000
2024-11-03 19:33: **********Val Epoch 92: average Loss: 5.387680
2024-11-03 19:33: Train Epoch 93: 0/4 Loss: 5.565414
2024-11-03 19:33: **********Train Epoch 93: averaged Loss: 5.426987, tf_ratio: 1.000000
2024-11-03 19:33: **********Val Epoch 93: average Loss: 5.387805
2024-11-03 19:33: Train Epoch 94: 0/4 Loss: 5.434219
2024-11-03 19:33: **********Train Epoch 94: averaged Loss: 5.428186, tf_ratio: 1.000000
2024-11-03 19:33: **********Val Epoch 94: average Loss: 5.387931
2024-11-03 19:33: Train Epoch 95: 0/4 Loss: 5.357984
2024-11-03 19:33: **********Train Epoch 95: averaged Loss: 5.397987, tf_ratio: 1.000000
2024-11-03 19:33: **********Val Epoch 95: average Loss: 5.387998
2024-11-03 19:33: Validation performance didn't improve for 15 epochs. Training stops.
2024-11-03 19:33: Total training time: 0.7850min, best loss: 5.336883
2024-11-03 19:33: Saving current best model to /root/AGCRN/model/experiments/HOURS/data11/10/20241103193247/best_model.pth
2024-11-03 19:33: Horizon 01, MAE: 6.19, RMSE: 10.51, MAPE: 17.4442%
2024-11-03 19:33: Horizon 02, MAE: 6.21, RMSE: 10.53, MAPE: 17.5290%
2024-11-03 19:33: Horizon 03, MAE: 6.26, RMSE: 10.63, MAPE: 17.7230%
2024-11-03 19:33: Horizon 04, MAE: 6.26, RMSE: 10.55, MAPE: 17.6771%
2024-11-03 19:33: Horizon 05, MAE: 6.29, RMSE: 10.63, MAPE: 17.8393%
2024-11-03 19:33: Horizon 06, MAE: 6.35, RMSE: 10.78, MAPE: 18.0937%
2024-11-03 19:33: Horizon 07, MAE: 6.38, RMSE: 10.82, MAPE: 18.2140%
2024-11-03 19:33: Horizon 08, MAE: 6.42, RMSE: 10.88, MAPE: 18.3584%
2024-11-03 19:33: Horizon 09, MAE: 6.44, RMSE: 10.88, MAPE: 18.4223%
2024-11-03 19:33: Horizon 10, MAE: 6.46, RMSE: 10.89, MAPE: 18.5193%
2024-11-03 19:33: Horizon 11, MAE: 6.53, RMSE: 11.04, MAPE: 18.7961%
2024-11-03 19:33: Horizon 12, MAE: 6.55, RMSE: 11.05, MAPE: 18.8816%
2024-11-03 19:33: Average Horizon, MAE: 6.36, RMSE: 10.77, MAPE: 18.1248%
