2024-11-03 19:31: Experiment log path in: /root/AGCRN/model/experiments/HOURS/data9/10/20241103193103
2024-11-03 19:31: Train Epoch 1: 0/4 Loss: 55.641506
2024-11-03 19:31: **********Train Epoch 1: averaged Loss: 55.603562, tf_ratio: 1.000000
2024-11-03 19:31: **********Val Epoch 1: average Loss: 55.688709
2024-11-03 19:31: *********************************Current best model saved!
2024-11-03 19:31: Train Epoch 2: 0/4 Loss: 55.731503
2024-11-03 19:31: **********Train Epoch 2: averaged Loss: 55.646018, tf_ratio: 1.000000
2024-11-03 19:31: **********Val Epoch 2: average Loss: 55.607063
2024-11-03 19:31: *********************************Current best model saved!
2024-11-03 19:31: Train Epoch 3: 0/4 Loss: 55.812099
2024-11-03 19:31: **********Train Epoch 3: averaged Loss: 55.576695, tf_ratio: 1.000000
2024-11-03 19:31: **********Val Epoch 3: average Loss: 55.363007
2024-11-03 19:31: *********************************Current best model saved!
2024-11-03 19:31: Train Epoch 4: 0/4 Loss: 54.949299
2024-11-03 19:31: **********Train Epoch 4: averaged Loss: 55.182036, tf_ratio: 1.000000
2024-11-03 19:31: **********Val Epoch 4: average Loss: 54.349083
2024-11-03 19:31: *********************************Current best model saved!
2024-11-03 19:31: Train Epoch 5: 0/4 Loss: 54.232903
2024-11-03 19:31: **********Train Epoch 5: averaged Loss: 53.621451, tf_ratio: 1.000000
2024-11-03 19:31: **********Val Epoch 5: average Loss: 52.475193
2024-11-03 19:31: *********************************Current best model saved!
2024-11-03 19:31: Train Epoch 6: 0/4 Loss: 52.283535
2024-11-03 19:31: **********Train Epoch 6: averaged Loss: 51.902691, tf_ratio: 1.000000
2024-11-03 19:31: **********Val Epoch 6: average Loss: 51.002861
2024-11-03 19:31: *********************************Current best model saved!
2024-11-03 19:31: Train Epoch 7: 0/4 Loss: 50.882412
2024-11-03 19:31: **********Train Epoch 7: averaged Loss: 50.666461, tf_ratio: 1.000000
2024-11-03 19:31: **********Val Epoch 7: average Loss: 49.837444
2024-11-03 19:31: *********************************Current best model saved!
2024-11-03 19:31: Train Epoch 8: 0/4 Loss: 49.595356
2024-11-03 19:31: **********Train Epoch 8: averaged Loss: 49.525876, tf_ratio: 1.000000
2024-11-03 19:31: **********Val Epoch 8: average Loss: 48.779079
2024-11-03 19:31: *********************************Current best model saved!
2024-11-03 19:31: Train Epoch 9: 0/4 Loss: 48.083195
2024-11-03 19:31: **********Train Epoch 9: averaged Loss: 48.434358, tf_ratio: 1.000000
2024-11-03 19:31: **********Val Epoch 9: average Loss: 47.763199
2024-11-03 19:31: *********************************Current best model saved!
2024-11-03 19:31: Train Epoch 10: 0/4 Loss: 47.321453
2024-11-03 19:31: **********Train Epoch 10: averaged Loss: 47.316483, tf_ratio: 1.000000
2024-11-03 19:31: **********Val Epoch 10: average Loss: 46.765709
2024-11-03 19:31: *********************************Current best model saved!
2024-11-03 19:31: Train Epoch 11: 0/4 Loss: 46.597733
2024-11-03 19:31: **********Train Epoch 11: averaged Loss: 46.474418, tf_ratio: 1.000000
2024-11-03 19:31: **********Val Epoch 11: average Loss: 45.777672
2024-11-03 19:31: *********************************Current best model saved!
2024-11-03 19:31: Train Epoch 12: 0/4 Loss: 45.440163
2024-11-03 19:31: **********Train Epoch 12: averaged Loss: 45.354466, tf_ratio: 1.000000
2024-11-03 19:31: **********Val Epoch 12: average Loss: 44.801456
2024-11-03 19:31: *********************************Current best model saved!
2024-11-03 19:31: Train Epoch 13: 0/4 Loss: 45.399342
2024-11-03 19:31: **********Train Epoch 13: averaged Loss: 44.502718, tf_ratio: 1.000000
2024-11-03 19:31: **********Val Epoch 13: average Loss: 43.838066
2024-11-03 19:31: *********************************Current best model saved!
2024-11-03 19:31: Train Epoch 14: 0/4 Loss: 44.463371
2024-11-03 19:31: **********Train Epoch 14: averaged Loss: 43.594010, tf_ratio: 1.000000
2024-11-03 19:31: **********Val Epoch 14: average Loss: 42.888130
2024-11-03 19:31: *********************************Current best model saved!
2024-11-03 19:31: Train Epoch 15: 0/4 Loss: 43.334763
2024-11-03 19:31: **********Train Epoch 15: averaged Loss: 42.551845, tf_ratio: 1.000000
2024-11-03 19:31: **********Val Epoch 15: average Loss: 41.951584
2024-11-03 19:31: *********************************Current best model saved!
2024-11-03 19:31: Train Epoch 16: 0/4 Loss: 42.025120
2024-11-03 19:31: **********Train Epoch 16: averaged Loss: 41.664992, tf_ratio: 1.000000
2024-11-03 19:31: **********Val Epoch 16: average Loss: 41.027813
2024-11-03 19:31: *********************************Current best model saved!
2024-11-03 19:31: Train Epoch 17: 0/4 Loss: 41.252480
2024-11-03 19:31: **********Train Epoch 17: averaged Loss: 40.785783, tf_ratio: 1.000000
2024-11-03 19:31: **********Val Epoch 17: average Loss: 40.116493
2024-11-03 19:31: *********************************Current best model saved!
2024-11-03 19:31: Train Epoch 18: 0/4 Loss: 39.963444
2024-11-03 19:31: **********Train Epoch 18: averaged Loss: 39.793437, tf_ratio: 1.000000
2024-11-03 19:31: **********Val Epoch 18: average Loss: 39.217720
2024-11-03 19:31: *********************************Current best model saved!
2024-11-03 19:31: Train Epoch 19: 0/4 Loss: 38.545414
2024-11-03 19:31: **********Train Epoch 19: averaged Loss: 38.924824, tf_ratio: 1.000000
2024-11-03 19:31: **********Val Epoch 19: average Loss: 38.330914
2024-11-03 19:31: *********************************Current best model saved!
2024-11-03 19:31: Train Epoch 20: 0/4 Loss: 38.775261
2024-11-03 19:31: **********Train Epoch 20: averaged Loss: 38.129105, tf_ratio: 1.000000
2024-11-03 19:31: **********Val Epoch 20: average Loss: 37.455193
2024-11-03 19:31: *********************************Current best model saved!
2024-11-03 19:31: Train Epoch 21: 0/4 Loss: 37.127296
2024-11-03 19:31: **********Train Epoch 21: averaged Loss: 37.157020, tf_ratio: 1.000000
2024-11-03 19:31: **********Val Epoch 21: average Loss: 36.590969
2024-11-03 19:31: *********************************Current best model saved!
2024-11-03 19:31: Train Epoch 22: 0/4 Loss: 36.521992
2024-11-03 19:31: **********Train Epoch 22: averaged Loss: 36.401236, tf_ratio: 1.000000
2024-11-03 19:31: **********Val Epoch 22: average Loss: 35.738617
2024-11-03 19:31: *********************************Current best model saved!
2024-11-03 19:31: Train Epoch 23: 0/4 Loss: 35.691921
2024-11-03 19:31: **********Train Epoch 23: averaged Loss: 35.468511, tf_ratio: 1.000000
2024-11-03 19:31: **********Val Epoch 23: average Loss: 34.898178
2024-11-03 19:31: *********************************Current best model saved!
2024-11-03 19:31: Train Epoch 24: 0/4 Loss: 34.730110
2024-11-03 19:31: **********Train Epoch 24: averaged Loss: 34.648980, tf_ratio: 1.000000
2024-11-03 19:31: **********Val Epoch 24: average Loss: 34.070278
2024-11-03 19:31: *********************************Current best model saved!
2024-11-03 19:31: Train Epoch 25: 0/4 Loss: 34.955135
2024-11-03 19:31: **********Train Epoch 25: averaged Loss: 33.945306, tf_ratio: 1.000000
2024-11-03 19:31: **********Val Epoch 25: average Loss: 33.255466
2024-11-03 19:31: *********************************Current best model saved!
2024-11-03 19:31: Train Epoch 26: 0/4 Loss: 33.050789
2024-11-03 19:31: **********Train Epoch 26: averaged Loss: 33.004809, tf_ratio: 1.000000
2024-11-03 19:31: **********Val Epoch 26: average Loss: 32.455135
2024-11-03 19:31: *********************************Current best model saved!
2024-11-03 19:31: Train Epoch 27: 0/4 Loss: 32.669186
2024-11-03 19:31: **********Train Epoch 27: averaged Loss: 32.281855, tf_ratio: 1.000000
2024-11-03 19:31: **********Val Epoch 27: average Loss: 31.668819
2024-11-03 19:31: *********************************Current best model saved!
2024-11-03 19:31: Train Epoch 28: 0/4 Loss: 31.981932
2024-11-03 19:31: **********Train Epoch 28: averaged Loss: 31.565670, tf_ratio: 1.000000
2024-11-03 19:31: **********Val Epoch 28: average Loss: 30.896914
2024-11-03 19:31: *********************************Current best model saved!
2024-11-03 19:31: Train Epoch 29: 0/4 Loss: 31.507067
2024-11-03 19:31: **********Train Epoch 29: averaged Loss: 30.866357, tf_ratio: 1.000000
2024-11-03 19:31: **********Val Epoch 29: average Loss: 30.139500
2024-11-03 19:31: *********************************Current best model saved!
2024-11-03 19:31: Train Epoch 30: 0/4 Loss: 30.313231
2024-11-03 19:31: **********Train Epoch 30: averaged Loss: 30.060581, tf_ratio: 1.000000
2024-11-03 19:31: **********Val Epoch 30: average Loss: 29.397646
2024-11-03 19:31: *********************************Current best model saved!
2024-11-03 19:31: Train Epoch 31: 0/4 Loss: 29.406843
2024-11-03 19:31: **********Train Epoch 31: averaged Loss: 29.322772, tf_ratio: 1.000000
2024-11-03 19:31: **********Val Epoch 31: average Loss: 28.670946
2024-11-03 19:31: *********************************Current best model saved!
2024-11-03 19:31: Train Epoch 32: 0/4 Loss: 28.605848
2024-11-03 19:31: **********Train Epoch 32: averaged Loss: 28.557984, tf_ratio: 1.000000
2024-11-03 19:31: **********Val Epoch 32: average Loss: 27.958658
2024-11-03 19:31: *********************************Current best model saved!
2024-11-03 19:31: Train Epoch 33: 0/4 Loss: 28.303152
2024-11-03 19:31: **********Train Epoch 33: averaged Loss: 27.890310, tf_ratio: 1.000000
2024-11-03 19:31: **********Val Epoch 33: average Loss: 27.259060
2024-11-03 19:31: *********************************Current best model saved!
2024-11-03 19:31: Train Epoch 34: 0/4 Loss: 27.901045
2024-11-03 19:31: **********Train Epoch 34: averaged Loss: 27.276107, tf_ratio: 1.000000
2024-11-03 19:31: **********Val Epoch 34: average Loss: 26.572517
2024-11-03 19:31: *********************************Current best model saved!
2024-11-03 19:31: Train Epoch 35: 0/4 Loss: 26.819929
2024-11-03 19:31: **********Train Epoch 35: averaged Loss: 26.560845, tf_ratio: 1.000000
2024-11-03 19:31: **********Val Epoch 35: average Loss: 25.899860
2024-11-03 19:31: *********************************Current best model saved!
2024-11-03 19:31: Train Epoch 36: 0/4 Loss: 26.442999
2024-11-03 19:31: **********Train Epoch 36: averaged Loss: 26.037559, tf_ratio: 1.000000
2024-11-03 19:31: **********Val Epoch 36: average Loss: 25.239880
2024-11-03 19:31: *********************************Current best model saved!
2024-11-03 19:31: Train Epoch 37: 0/4 Loss: 25.584827
2024-11-03 19:31: **********Train Epoch 37: averaged Loss: 25.346822, tf_ratio: 1.000000
2024-11-03 19:31: **********Val Epoch 37: average Loss: 24.592911
2024-11-03 19:31: *********************************Current best model saved!
2024-11-03 19:31: Train Epoch 38: 0/4 Loss: 25.081383
2024-11-03 19:31: **********Train Epoch 38: averaged Loss: 24.734376, tf_ratio: 1.000000
2024-11-03 19:31: **********Val Epoch 38: average Loss: 23.960508
2024-11-03 19:31: *********************************Current best model saved!
2024-11-03 19:31: Train Epoch 39: 0/4 Loss: 24.208801
2024-11-03 19:31: **********Train Epoch 39: averaged Loss: 24.182900, tf_ratio: 1.000000
2024-11-03 19:31: **********Val Epoch 39: average Loss: 23.341560
2024-11-03 19:31: *********************************Current best model saved!
2024-11-03 19:31: Train Epoch 40: 0/4 Loss: 23.730066
2024-11-03 19:31: **********Train Epoch 40: averaged Loss: 23.576368, tf_ratio: 1.000000
2024-11-03 19:31: **********Val Epoch 40: average Loss: 22.735329
2024-11-03 19:31: *********************************Current best model saved!
2024-11-03 19:31: Train Epoch 41: 0/4 Loss: 22.988579
2024-11-03 19:31: **********Train Epoch 41: averaged Loss: 22.923807, tf_ratio: 1.000000
2024-11-03 19:31: **********Val Epoch 41: average Loss: 22.141193
2024-11-03 19:31: *********************************Current best model saved!
2024-11-03 19:31: Train Epoch 42: 0/4 Loss: 22.770433
2024-11-03 19:31: **********Train Epoch 42: averaged Loss: 22.490521, tf_ratio: 1.000000
2024-11-03 19:31: **********Val Epoch 42: average Loss: 21.557789
2024-11-03 19:31: *********************************Current best model saved!
2024-11-03 19:31: Train Epoch 43: 0/4 Loss: 22.199854
2024-11-03 19:31: **********Train Epoch 43: averaged Loss: 21.869371, tf_ratio: 1.000000
2024-11-03 19:31: **********Val Epoch 43: average Loss: 20.985786
2024-11-03 19:31: *********************************Current best model saved!
2024-11-03 19:31: Train Epoch 44: 0/4 Loss: 21.528301
2024-11-03 19:31: **********Train Epoch 44: averaged Loss: 21.332635, tf_ratio: 1.000000
2024-11-03 19:31: **********Val Epoch 44: average Loss: 20.425287
2024-11-03 19:31: *********************************Current best model saved!
2024-11-03 19:31: Train Epoch 45: 0/4 Loss: 21.133259
2024-11-03 19:31: **********Train Epoch 45: averaged Loss: 20.816946, tf_ratio: 1.000000
2024-11-03 19:31: **********Val Epoch 45: average Loss: 19.874146
2024-11-03 19:31: *********************************Current best model saved!
2024-11-03 19:31: Train Epoch 46: 0/4 Loss: 20.435760
2024-11-03 19:31: **********Train Epoch 46: averaged Loss: 20.335253, tf_ratio: 1.000000
2024-11-03 19:31: **********Val Epoch 46: average Loss: 19.333107
2024-11-03 19:31: *********************************Current best model saved!
2024-11-03 19:31: Train Epoch 47: 0/4 Loss: 20.316872
2024-11-03 19:31: **********Train Epoch 47: averaged Loss: 19.770886, tf_ratio: 1.000000
2024-11-03 19:31: **********Val Epoch 47: average Loss: 18.802816
2024-11-03 19:31: *********************************Current best model saved!
2024-11-03 19:31: Train Epoch 48: 0/4 Loss: 19.932646
2024-11-03 19:31: **********Train Epoch 48: averaged Loss: 19.315795, tf_ratio: 1.000000
2024-11-03 19:31: **********Val Epoch 48: average Loss: 18.283937
2024-11-03 19:31: *********************************Current best model saved!
2024-11-03 19:31: Train Epoch 49: 0/4 Loss: 19.158262
2024-11-03 19:31: **********Train Epoch 49: averaged Loss: 18.790289, tf_ratio: 1.000000
2024-11-03 19:31: **********Val Epoch 49: average Loss: 17.775148
2024-11-03 19:31: *********************************Current best model saved!
2024-11-03 19:31: Train Epoch 50: 0/4 Loss: 18.424461
2024-11-03 19:31: **********Train Epoch 50: averaged Loss: 18.298394, tf_ratio: 1.000000
2024-11-03 19:31: **********Val Epoch 50: average Loss: 17.277004
2024-11-03 19:31: *********************************Current best model saved!
2024-11-03 19:31: Train Epoch 51: 0/4 Loss: 18.337063
2024-11-03 19:31: **********Train Epoch 51: averaged Loss: 17.841889, tf_ratio: 1.000000
2024-11-03 19:31: **********Val Epoch 51: average Loss: 16.788857
2024-11-03 19:31: *********************************Current best model saved!
2024-11-03 19:31: Train Epoch 52: 0/4 Loss: 18.094719
2024-11-03 19:31: **********Train Epoch 52: averaged Loss: 17.434710, tf_ratio: 1.000000
2024-11-03 19:31: **********Val Epoch 52: average Loss: 16.309298
2024-11-03 19:31: *********************************Current best model saved!
2024-11-03 19:31: Train Epoch 53: 0/4 Loss: 17.298723
2024-11-03 19:31: **********Train Epoch 53: averaged Loss: 16.956371, tf_ratio: 1.000000
2024-11-03 19:31: **********Val Epoch 53: average Loss: 15.840171
2024-11-03 19:31: *********************************Current best model saved!
2024-11-03 19:31: Train Epoch 54: 0/4 Loss: 16.860826
2024-11-03 19:31: **********Train Epoch 54: averaged Loss: 16.550500, tf_ratio: 1.000000
2024-11-03 19:31: **********Val Epoch 54: average Loss: 15.380073
2024-11-03 19:31: *********************************Current best model saved!
2024-11-03 19:31: Train Epoch 55: 0/4 Loss: 16.315147
2024-11-03 19:31: **********Train Epoch 55: averaged Loss: 16.089908, tf_ratio: 1.000000
2024-11-03 19:31: **********Val Epoch 55: average Loss: 14.928619
2024-11-03 19:31: *********************************Current best model saved!
2024-11-03 19:31: Train Epoch 56: 0/4 Loss: 15.745522
2024-11-03 19:31: **********Train Epoch 56: averaged Loss: 15.673814, tf_ratio: 1.000000
2024-11-03 19:31: **********Val Epoch 56: average Loss: 14.486063
2024-11-03 19:31: *********************************Current best model saved!
2024-11-03 19:31: Train Epoch 57: 0/4 Loss: 15.610820
2024-11-03 19:31: **********Train Epoch 57: averaged Loss: 15.253442, tf_ratio: 1.000000
2024-11-03 19:31: **********Val Epoch 57: average Loss: 14.053538
2024-11-03 19:31: *********************************Current best model saved!
2024-11-03 19:31: Train Epoch 58: 0/4 Loss: 14.915333
2024-11-03 19:31: **********Train Epoch 58: averaged Loss: 14.860420, tf_ratio: 1.000000
2024-11-03 19:31: **********Val Epoch 58: average Loss: 13.632009
2024-11-03 19:31: *********************************Current best model saved!
2024-11-03 19:31: Train Epoch 59: 0/4 Loss: 14.661983
2024-11-03 19:31: **********Train Epoch 59: averaged Loss: 14.458550, tf_ratio: 1.000000
2024-11-03 19:31: **********Val Epoch 59: average Loss: 13.219460
2024-11-03 19:31: *********************************Current best model saved!
2024-11-03 19:31: Train Epoch 60: 0/4 Loss: 14.167038
2024-11-03 19:31: **********Train Epoch 60: averaged Loss: 14.088683, tf_ratio: 1.000000
2024-11-03 19:31: **********Val Epoch 60: average Loss: 12.818765
2024-11-03 19:31: *********************************Current best model saved!
2024-11-03 19:31: Train Epoch 61: 0/4 Loss: 14.140574
2024-11-03 19:31: **********Train Epoch 61: averaged Loss: 13.715322, tf_ratio: 1.000000
2024-11-03 19:31: **********Val Epoch 61: average Loss: 12.427731
2024-11-03 19:31: *********************************Current best model saved!
2024-11-03 19:31: Train Epoch 62: 0/4 Loss: 13.325660
2024-11-03 19:31: **********Train Epoch 62: averaged Loss: 13.336338, tf_ratio: 1.000000
2024-11-03 19:31: **********Val Epoch 62: average Loss: 12.047797
2024-11-03 19:31: *********************************Current best model saved!
2024-11-03 19:31: Train Epoch 63: 0/4 Loss: 13.015772
2024-11-03 19:31: **********Train Epoch 63: averaged Loss: 12.978213, tf_ratio: 1.000000
2024-11-03 19:31: **********Val Epoch 63: average Loss: 11.678205
2024-11-03 19:31: *********************************Current best model saved!
2024-11-03 19:31: Train Epoch 64: 0/4 Loss: 12.729262
2024-11-03 19:31: **********Train Epoch 64: averaged Loss: 12.668660, tf_ratio: 1.000000
2024-11-03 19:31: **********Val Epoch 64: average Loss: 11.318563
2024-11-03 19:31: *********************************Current best model saved!
2024-11-03 19:31: Train Epoch 65: 0/4 Loss: 12.572289
2024-11-03 19:31: **********Train Epoch 65: averaged Loss: 12.327974, tf_ratio: 1.000000
2024-11-03 19:31: **********Val Epoch 65: average Loss: 10.972105
2024-11-03 19:31: *********************************Current best model saved!
2024-11-03 19:31: Train Epoch 66: 0/4 Loss: 12.162187
2024-11-03 19:31: **********Train Epoch 66: averaged Loss: 11.961068, tf_ratio: 1.000000
2024-11-03 19:31: **********Val Epoch 66: average Loss: 10.638132
2024-11-03 19:31: *********************************Current best model saved!
2024-11-03 19:31: Train Epoch 67: 0/4 Loss: 11.851180
2024-11-03 19:31: **********Train Epoch 67: averaged Loss: 11.694516, tf_ratio: 1.000000
2024-11-03 19:31: **********Val Epoch 67: average Loss: 10.318502
2024-11-03 19:31: *********************************Current best model saved!
2024-11-03 19:31: Train Epoch 68: 0/4 Loss: 11.536589
2024-11-03 19:31: **********Train Epoch 68: averaged Loss: 11.345736, tf_ratio: 1.000000
2024-11-03 19:31: **********Val Epoch 68: average Loss: 10.013402
2024-11-03 19:31: *********************************Current best model saved!
2024-11-03 19:31: Train Epoch 69: 0/4 Loss: 11.162038
2024-11-03 19:31: **********Train Epoch 69: averaged Loss: 11.104671, tf_ratio: 1.000000
2024-11-03 19:31: **********Val Epoch 69: average Loss: 9.723609
2024-11-03 19:31: *********************************Current best model saved!
2024-11-03 19:31: Train Epoch 70: 0/4 Loss: 11.102752
2024-11-03 19:31: **********Train Epoch 70: averaged Loss: 10.798115, tf_ratio: 1.000000
2024-11-03 19:31: **********Val Epoch 70: average Loss: 9.450040
2024-11-03 19:31: *********************************Current best model saved!
2024-11-03 19:31: Train Epoch 71: 0/4 Loss: 10.523181
2024-11-03 19:31: **********Train Epoch 71: averaged Loss: 10.541357, tf_ratio: 1.000000
2024-11-03 19:31: **********Val Epoch 71: average Loss: 9.192644
2024-11-03 19:31: *********************************Current best model saved!
2024-11-03 19:31: Train Epoch 72: 0/4 Loss: 10.474653
2024-11-03 19:31: **********Train Epoch 72: averaged Loss: 10.326705, tf_ratio: 1.000000
2024-11-03 19:31: **********Val Epoch 72: average Loss: 8.953297
2024-11-03 19:31: *********************************Current best model saved!
2024-11-03 19:31: Train Epoch 73: 0/4 Loss: 10.134549
2024-11-03 19:31: **********Train Epoch 73: averaged Loss: 10.115671, tf_ratio: 1.000000
2024-11-03 19:31: **********Val Epoch 73: average Loss: 8.731918
2024-11-03 19:31: *********************************Current best model saved!
2024-11-03 19:31: Train Epoch 74: 0/4 Loss: 9.775737
2024-11-03 19:31: **********Train Epoch 74: averaged Loss: 9.889809, tf_ratio: 1.000000
2024-11-03 19:31: **********Val Epoch 74: average Loss: 8.529501
2024-11-03 19:31: *********************************Current best model saved!
2024-11-03 19:31: Train Epoch 75: 0/4 Loss: 9.947519
2024-11-03 19:31: **********Train Epoch 75: averaged Loss: 9.668563, tf_ratio: 1.000000
2024-11-03 19:31: **********Val Epoch 75: average Loss: 8.346029
2024-11-03 19:31: *********************************Current best model saved!
2024-11-03 19:31: Train Epoch 76: 0/4 Loss: 9.586862
2024-11-03 19:31: **********Train Epoch 76: averaged Loss: 9.532922, tf_ratio: 1.000000
2024-11-03 19:31: **********Val Epoch 76: average Loss: 8.182862
2024-11-03 19:31: *********************************Current best model saved!
2024-11-03 19:31: Train Epoch 77: 0/4 Loss: 9.559958
2024-11-03 19:31: **********Train Epoch 77: averaged Loss: 9.339564, tf_ratio: 1.000000
2024-11-03 19:31: **********Val Epoch 77: average Loss: 8.037178
2024-11-03 19:31: *********************************Current best model saved!
2024-11-03 19:31: Train Epoch 78: 0/4 Loss: 9.348904
2024-11-03 19:31: **********Train Epoch 78: averaged Loss: 9.201001, tf_ratio: 1.000000
2024-11-03 19:31: **********Val Epoch 78: average Loss: 7.909674
2024-11-03 19:31: *********************************Current best model saved!
2024-11-03 19:31: Train Epoch 79: 0/4 Loss: 9.201669
2024-11-03 19:31: **********Train Epoch 79: averaged Loss: 9.060808, tf_ratio: 1.000000
2024-11-03 19:31: **********Val Epoch 79: average Loss: 7.800193
2024-11-03 19:31: *********************************Current best model saved!
2024-11-03 19:31: Train Epoch 80: 0/4 Loss: 8.916462
2024-11-03 19:31: **********Train Epoch 80: averaged Loss: 9.008496, tf_ratio: 1.000000
2024-11-03 19:31: **********Val Epoch 80: average Loss: 7.708674
2024-11-03 19:31: *********************************Current best model saved!
2024-11-03 19:31: Train Epoch 81: 0/4 Loss: 8.872058
2024-11-03 19:31: **********Train Epoch 81: averaged Loss: 8.870348, tf_ratio: 1.000000
2024-11-03 19:31: **********Val Epoch 81: average Loss: 7.633346
2024-11-03 19:31: *********************************Current best model saved!
2024-11-03 19:31: Train Epoch 82: 0/4 Loss: 8.694226
2024-11-03 19:31: **********Train Epoch 82: averaged Loss: 8.810381, tf_ratio: 1.000000
2024-11-03 19:31: **********Val Epoch 82: average Loss: 7.574097
2024-11-03 19:31: *********************************Current best model saved!
2024-11-03 19:31: Train Epoch 83: 0/4 Loss: 8.681968
2024-11-03 19:31: **********Train Epoch 83: averaged Loss: 8.757767, tf_ratio: 1.000000
2024-11-03 19:31: **********Val Epoch 83: average Loss: 7.528029
2024-11-03 19:31: *********************************Current best model saved!
2024-11-03 19:31: Train Epoch 84: 0/4 Loss: 8.891858
2024-11-03 19:31: **********Train Epoch 84: averaged Loss: 8.755454, tf_ratio: 1.000000
2024-11-03 19:31: **********Val Epoch 84: average Loss: 7.493558
2024-11-03 19:31: *********************************Current best model saved!
2024-11-03 19:31: Train Epoch 85: 0/4 Loss: 8.860583
2024-11-03 19:31: **********Train Epoch 85: averaged Loss: 8.663850, tf_ratio: 1.000000
2024-11-03 19:31: **********Val Epoch 85: average Loss: 7.468350
2024-11-03 19:31: *********************************Current best model saved!
2024-11-03 19:31: Train Epoch 86: 0/4 Loss: 8.626983
2024-11-03 19:31: **********Train Epoch 86: averaged Loss: 8.593113, tf_ratio: 1.000000
2024-11-03 19:31: **********Val Epoch 86: average Loss: 7.450804
2024-11-03 19:31: *********************************Current best model saved!
2024-11-03 19:31: Train Epoch 87: 0/4 Loss: 8.657304
2024-11-03 19:31: **********Train Epoch 87: averaged Loss: 8.606240, tf_ratio: 1.000000
2024-11-03 19:31: **********Val Epoch 87: average Loss: 7.439439
2024-11-03 19:31: *********************************Current best model saved!
2024-11-03 19:31: Train Epoch 88: 0/4 Loss: 8.934329
2024-11-03 19:31: **********Train Epoch 88: averaged Loss: 8.558694, tf_ratio: 1.000000
2024-11-03 19:31: **********Val Epoch 88: average Loss: 7.432817
2024-11-03 19:31: *********************************Current best model saved!
2024-11-03 19:31: Train Epoch 89: 0/4 Loss: 8.443992
2024-11-03 19:31: **********Train Epoch 89: averaged Loss: 8.561157, tf_ratio: 1.000000
2024-11-03 19:31: **********Val Epoch 89: average Loss: 7.429658
2024-11-03 19:31: *********************************Current best model saved!
2024-11-03 19:31: Train Epoch 90: 0/4 Loss: 8.768187
2024-11-03 19:31: **********Train Epoch 90: averaged Loss: 8.544618, tf_ratio: 1.000000
2024-11-03 19:31: **********Val Epoch 90: average Loss: 7.428956
2024-11-03 19:31: *********************************Current best model saved!
2024-11-03 19:31: Train Epoch 91: 0/4 Loss: 8.646006
2024-11-03 19:31: **********Train Epoch 91: averaged Loss: 8.576357, tf_ratio: 1.000000
2024-11-03 19:31: **********Val Epoch 91: average Loss: 7.429877
2024-11-03 19:31: Train Epoch 92: 0/4 Loss: 8.535513
2024-11-03 19:31: **********Train Epoch 92: averaged Loss: 8.553781, tf_ratio: 1.000000
2024-11-03 19:31: **********Val Epoch 92: average Loss: 7.431849
2024-11-03 19:31: Train Epoch 93: 0/4 Loss: 8.703756
2024-11-03 19:31: **********Train Epoch 93: averaged Loss: 8.561842, tf_ratio: 1.000000
2024-11-03 19:31: **********Val Epoch 93: average Loss: 7.434285
2024-11-03 19:31: Train Epoch 94: 0/4 Loss: 8.621930
2024-11-03 19:31: **********Train Epoch 94: averaged Loss: 8.563843, tf_ratio: 1.000000
2024-11-03 19:31: **********Val Epoch 94: average Loss: 7.436875
2024-11-03 19:31: Train Epoch 95: 0/4 Loss: 8.796359
2024-11-03 19:31: **********Train Epoch 95: averaged Loss: 8.563543, tf_ratio: 1.000000
2024-11-03 19:31: **********Val Epoch 95: average Loss: 7.439381
2024-11-03 19:31: Train Epoch 96: 0/4 Loss: 8.667811
2024-11-03 19:31: **********Train Epoch 96: averaged Loss: 8.548367, tf_ratio: 1.000000
2024-11-03 19:31: **********Val Epoch 96: average Loss: 7.441735
2024-11-03 19:31: Train Epoch 97: 0/4 Loss: 8.439054
2024-11-03 19:31: **********Train Epoch 97: averaged Loss: 8.467288, tf_ratio: 1.000000
2024-11-03 19:31: **********Val Epoch 97: average Loss: 7.443928
2024-11-03 19:31: Train Epoch 98: 0/4 Loss: 8.588974
2024-11-03 19:31: **********Train Epoch 98: averaged Loss: 8.536993, tf_ratio: 1.000000
2024-11-03 19:31: **********Val Epoch 98: average Loss: 7.445889
2024-11-03 19:31: Train Epoch 99: 0/4 Loss: 8.682941
2024-11-03 19:31: **********Train Epoch 99: averaged Loss: 8.531046, tf_ratio: 1.000000
2024-11-03 19:31: **********Val Epoch 99: average Loss: 7.447502
2024-11-03 19:31: Train Epoch 100: 0/4 Loss: 8.443798
2024-11-03 19:31: **********Train Epoch 100: averaged Loss: 8.540078, tf_ratio: 1.000000
2024-11-03 19:31: **********Val Epoch 100: average Loss: 7.448874
2024-11-03 19:31: Total training time: 0.8274min, best loss: 7.428956
2024-11-03 19:31: Saving current best model to /root/AGCRN/model/experiments/HOURS/data9/10/20241103193103/best_model.pth
2024-11-03 19:31: Horizon 01, MAE: 7.99, RMSE: 12.86, MAPE: 22.5565%
2024-11-03 19:31: Horizon 02, MAE: 8.01, RMSE: 12.85, MAPE: 22.5900%
2024-11-03 19:31: Horizon 03, MAE: 8.02, RMSE: 12.91, MAPE: 22.6849%
2024-11-03 19:31: Horizon 04, MAE: 8.03, RMSE: 12.84, MAPE: 22.6419%
2024-11-03 19:31: Horizon 05, MAE: 8.04, RMSE: 12.87, MAPE: 22.7006%
2024-11-03 19:31: Horizon 06, MAE: 8.05, RMSE: 12.94, MAPE: 22.8073%
2024-11-03 19:31: Horizon 07, MAE: 8.06, RMSE: 12.94, MAPE: 22.8342%
2024-11-03 19:31: Horizon 08, MAE: 8.08, RMSE: 12.95, MAPE: 22.8777%
2024-11-03 19:31: Horizon 09, MAE: 8.09, RMSE: 12.93, MAPE: 22.8919%
2024-11-03 19:31: Horizon 10, MAE: 8.11, RMSE: 12.91, MAPE: 22.9362%
2024-11-03 19:31: Horizon 11, MAE: 8.10, RMSE: 12.96, MAPE: 22.9715%
2024-11-03 19:31: Horizon 12, MAE: 8.11, RMSE: 12.93, MAPE: 22.9650%
2024-11-03 19:31: Average Horizon, MAE: 8.06, RMSE: 12.91, MAPE: 22.7881%
