2024-11-03 19:16: Experiment log path in: /root/AGCRN/model/experiments/HOURS/data16/2/20241103191649
2024-11-03 19:16: Train Epoch 1: 0/4 Loss: 44.410378
2024-11-03 19:16: **********Train Epoch 1: averaged Loss: 44.701384, tf_ratio: 1.000000
2024-11-03 19:16: **********Val Epoch 1: average Loss: 41.209488
2024-11-03 19:16: *********************************Current best model saved!
2024-11-03 19:16: Train Epoch 2: 0/4 Loss: 44.851715
2024-11-03 19:16: **********Train Epoch 2: averaged Loss: 44.794690, tf_ratio: 1.000000
2024-11-03 19:16: **********Val Epoch 2: average Loss: 41.185406
2024-11-03 19:16: *********************************Current best model saved!
2024-11-03 19:16: Train Epoch 3: 0/4 Loss: 45.466816
2024-11-03 19:16: **********Train Epoch 3: averaged Loss: 44.699043, tf_ratio: 1.000000
2024-11-03 19:16: **********Val Epoch 3: average Loss: 41.144505
2024-11-03 19:16: *********************************Current best model saved!
2024-11-03 19:16: Train Epoch 4: 0/4 Loss: 45.052124
2024-11-03 19:16: **********Train Epoch 4: averaged Loss: 44.867674, tf_ratio: 1.000000
2024-11-03 19:16: **********Val Epoch 4: average Loss: 41.064735
2024-11-03 19:16: *********************************Current best model saved!
2024-11-03 19:16: Train Epoch 5: 0/4 Loss: 44.973122
2024-11-03 19:16: **********Train Epoch 5: averaged Loss: 44.553118, tf_ratio: 1.000000
2024-11-03 19:16: **********Val Epoch 5: average Loss: 40.878143
2024-11-03 19:16: *********************************Current best model saved!
2024-11-03 19:16: Train Epoch 6: 0/4 Loss: 45.072392
2024-11-03 19:16: **********Train Epoch 6: averaged Loss: 44.296770, tf_ratio: 1.000000
2024-11-03 19:16: **********Val Epoch 6: average Loss: 40.329613
2024-11-03 19:16: *********************************Current best model saved!
2024-11-03 19:16: Train Epoch 7: 0/4 Loss: 43.340759
2024-11-03 19:16: **********Train Epoch 7: averaged Loss: 43.490412, tf_ratio: 1.000000
2024-11-03 19:16: **********Val Epoch 7: average Loss: 38.911640
2024-11-03 19:16: *********************************Current best model saved!
2024-11-03 19:16: Train Epoch 8: 0/4 Loss: 42.325298
2024-11-03 19:16: **********Train Epoch 8: averaged Loss: 41.561821, tf_ratio: 1.000000
2024-11-03 19:16: **********Val Epoch 8: average Loss: 36.977364
2024-11-03 19:16: *********************************Current best model saved!
2024-11-03 19:16: Train Epoch 9: 0/4 Loss: 41.146469
2024-11-03 19:16: **********Train Epoch 9: averaged Loss: 39.821119, tf_ratio: 1.000000
2024-11-03 19:16: **********Val Epoch 9: average Loss: 35.265335
2024-11-03 19:16: *********************************Current best model saved!
2024-11-03 19:16: Train Epoch 10: 0/4 Loss: 39.850182
2024-11-03 19:16: **********Train Epoch 10: averaged Loss: 38.209667, tf_ratio: 1.000000
2024-11-03 19:16: **********Val Epoch 10: average Loss: 33.727276
2024-11-03 19:16: *********************************Current best model saved!
2024-11-03 19:16: Train Epoch 11: 0/4 Loss: 36.854416
2024-11-03 19:16: **********Train Epoch 11: averaged Loss: 36.678044, tf_ratio: 1.000000
2024-11-03 19:16: **********Val Epoch 11: average Loss: 32.250366
2024-11-03 19:16: *********************************Current best model saved!
2024-11-03 19:16: Train Epoch 12: 0/4 Loss: 35.375042
2024-11-03 19:16: **********Train Epoch 12: averaged Loss: 35.247271, tf_ratio: 1.000000
2024-11-03 19:16: **********Val Epoch 12: average Loss: 30.833019
2024-11-03 19:16: *********************************Current best model saved!
2024-11-03 19:16: Train Epoch 13: 0/4 Loss: 34.029472
2024-11-03 19:16: **********Train Epoch 13: averaged Loss: 33.836073, tf_ratio: 1.000000
2024-11-03 19:16: **********Val Epoch 13: average Loss: 29.526762
2024-11-03 19:16: *********************************Current best model saved!
2024-11-03 19:16: Train Epoch 14: 0/4 Loss: 32.169895
2024-11-03 19:16: **********Train Epoch 14: averaged Loss: 32.402628, tf_ratio: 1.000000
2024-11-03 19:16: **********Val Epoch 14: average Loss: 28.349598
2024-11-03 19:16: *********************************Current best model saved!
2024-11-03 19:16: Train Epoch 15: 0/4 Loss: 31.412975
2024-11-03 19:16: **********Train Epoch 15: averaged Loss: 31.426955, tf_ratio: 1.000000
2024-11-03 19:16: **********Val Epoch 15: average Loss: 27.297897
2024-11-03 19:16: *********************************Current best model saved!
2024-11-03 19:16: Train Epoch 16: 0/4 Loss: 30.361864
2024-11-03 19:16: **********Train Epoch 16: averaged Loss: 30.266637, tf_ratio: 1.000000
2024-11-03 19:16: **********Val Epoch 16: average Loss: 26.344015
2024-11-03 19:16: *********************************Current best model saved!
2024-11-03 19:16: Train Epoch 17: 0/4 Loss: 30.613173
2024-11-03 19:16: **********Train Epoch 17: averaged Loss: 29.472161, tf_ratio: 1.000000
2024-11-03 19:16: **********Val Epoch 17: average Loss: 25.458813
2024-11-03 19:16: *********************************Current best model saved!
2024-11-03 19:16: Train Epoch 18: 0/4 Loss: 28.560530
2024-11-03 19:16: **********Train Epoch 18: averaged Loss: 28.440974, tf_ratio: 1.000000
2024-11-03 19:16: **********Val Epoch 18: average Loss: 24.651247
2024-11-03 19:16: *********************************Current best model saved!
2024-11-03 19:16: Train Epoch 19: 0/4 Loss: 27.110394
2024-11-03 19:16: **********Train Epoch 19: averaged Loss: 27.651981, tf_ratio: 1.000000
2024-11-03 19:16: **********Val Epoch 19: average Loss: 23.914728
2024-11-03 19:16: *********************************Current best model saved!
2024-11-03 19:16: Train Epoch 20: 0/4 Loss: 27.195541
2024-11-03 19:17: **********Train Epoch 20: averaged Loss: 26.830076, tf_ratio: 1.000000
2024-11-03 19:17: **********Val Epoch 20: average Loss: 23.236286
2024-11-03 19:17: *********************************Current best model saved!
2024-11-03 19:17: Train Epoch 21: 0/4 Loss: 26.362234
2024-11-03 19:17: **********Train Epoch 21: averaged Loss: 26.049865, tf_ratio: 1.000000
2024-11-03 19:17: **********Val Epoch 21: average Loss: 22.613779
2024-11-03 19:17: *********************************Current best model saved!
2024-11-03 19:17: Train Epoch 22: 0/4 Loss: 26.046104
2024-11-03 19:17: **********Train Epoch 22: averaged Loss: 25.522015, tf_ratio: 1.000000
2024-11-03 19:17: **********Val Epoch 22: average Loss: 22.042936
2024-11-03 19:17: *********************************Current best model saved!
2024-11-03 19:17: Train Epoch 23: 0/4 Loss: 24.837973
2024-11-03 19:17: **********Train Epoch 23: averaged Loss: 24.800456, tf_ratio: 1.000000
2024-11-03 19:17: **********Val Epoch 23: average Loss: 21.521544
2024-11-03 19:17: *********************************Current best model saved!
2024-11-03 19:17: Train Epoch 24: 0/4 Loss: 24.496260
2024-11-03 19:17: **********Train Epoch 24: averaged Loss: 24.145391, tf_ratio: 1.000000
2024-11-03 19:17: **********Val Epoch 24: average Loss: 21.049265
2024-11-03 19:17: *********************************Current best model saved!
2024-11-03 19:17: Train Epoch 25: 0/4 Loss: 24.397770
2024-11-03 19:17: **********Train Epoch 25: averaged Loss: 23.709817, tf_ratio: 1.000000
2024-11-03 19:17: **********Val Epoch 25: average Loss: 20.621531
2024-11-03 19:17: *********************************Current best model saved!
2024-11-03 19:17: Train Epoch 26: 0/4 Loss: 24.037432
2024-11-03 19:17: **********Train Epoch 26: averaged Loss: 23.137050, tf_ratio: 1.000000
2024-11-03 19:17: **********Val Epoch 26: average Loss: 20.231974
2024-11-03 19:17: *********************************Current best model saved!
2024-11-03 19:17: Train Epoch 27: 0/4 Loss: 22.127314
2024-11-03 19:17: **********Train Epoch 27: averaged Loss: 22.707247, tf_ratio: 1.000000
2024-11-03 19:17: **********Val Epoch 27: average Loss: 19.879086
2024-11-03 19:17: *********************************Current best model saved!
2024-11-03 19:17: Train Epoch 28: 0/4 Loss: 22.245043
2024-11-03 19:17: **********Train Epoch 28: averaged Loss: 22.240973, tf_ratio: 1.000000
2024-11-03 19:17: **********Val Epoch 28: average Loss: 19.557945
2024-11-03 19:17: *********************************Current best model saved!
2024-11-03 19:17: Train Epoch 29: 0/4 Loss: 21.861269
2024-11-03 19:17: **********Train Epoch 29: averaged Loss: 21.802542, tf_ratio: 1.000000
2024-11-03 19:17: **********Val Epoch 29: average Loss: 19.266060
2024-11-03 19:17: *********************************Current best model saved!
2024-11-03 19:17: Train Epoch 30: 0/4 Loss: 21.408792
2024-11-03 19:17: **********Train Epoch 30: averaged Loss: 21.579514, tf_ratio: 1.000000
2024-11-03 19:17: **********Val Epoch 30: average Loss: 19.000996
2024-11-03 19:17: *********************************Current best model saved!
2024-11-03 19:17: Train Epoch 31: 0/4 Loss: 21.450323
2024-11-03 19:17: **********Train Epoch 31: averaged Loss: 20.957486, tf_ratio: 1.000000
2024-11-03 19:17: **********Val Epoch 31: average Loss: 18.762051
2024-11-03 19:17: *********************************Current best model saved!
2024-11-03 19:17: Train Epoch 32: 0/4 Loss: 21.105249
2024-11-03 19:17: **********Train Epoch 32: averaged Loss: 20.866076, tf_ratio: 1.000000
2024-11-03 19:17: **********Val Epoch 32: average Loss: 18.545858
2024-11-03 19:17: *********************************Current best model saved!
2024-11-03 19:17: Train Epoch 33: 0/4 Loss: 20.575802
2024-11-03 19:17: **********Train Epoch 33: averaged Loss: 20.574651, tf_ratio: 1.000000
2024-11-03 19:17: **********Val Epoch 33: average Loss: 18.349522
2024-11-03 19:17: *********************************Current best model saved!
2024-11-03 19:17: Train Epoch 34: 0/4 Loss: 20.044756
2024-11-03 19:17: **********Train Epoch 34: averaged Loss: 20.107522, tf_ratio: 1.000000
2024-11-03 19:17: **********Val Epoch 34: average Loss: 18.172031
2024-11-03 19:17: *********************************Current best model saved!
2024-11-03 19:17: Train Epoch 35: 0/4 Loss: 20.558601
2024-11-03 19:17: **********Train Epoch 35: averaged Loss: 20.143118, tf_ratio: 1.000000
2024-11-03 19:17: **********Val Epoch 35: average Loss: 18.010296
2024-11-03 19:17: *********************************Current best model saved!
2024-11-03 19:17: Train Epoch 36: 0/4 Loss: 19.645136
2024-11-03 19:17: **********Train Epoch 36: averaged Loss: 19.862598, tf_ratio: 1.000000
2024-11-03 19:17: **********Val Epoch 36: average Loss: 17.862976
2024-11-03 19:17: *********************************Current best model saved!
2024-11-03 19:17: Train Epoch 37: 0/4 Loss: 19.501341
2024-11-03 19:17: **********Train Epoch 37: averaged Loss: 19.626808, tf_ratio: 1.000000
2024-11-03 19:17: **********Val Epoch 37: average Loss: 17.729759
2024-11-03 19:17: *********************************Current best model saved!
2024-11-03 19:17: Train Epoch 38: 0/4 Loss: 19.620188
2024-11-03 19:17: **********Train Epoch 38: averaged Loss: 19.431176, tf_ratio: 1.000000
2024-11-03 19:17: **********Val Epoch 38: average Loss: 17.607630
2024-11-03 19:17: *********************************Current best model saved!
2024-11-03 19:17: Train Epoch 39: 0/4 Loss: 19.373983
2024-11-03 19:17: **********Train Epoch 39: averaged Loss: 19.171787, tf_ratio: 1.000000
2024-11-03 19:17: **********Val Epoch 39: average Loss: 17.495857
2024-11-03 19:17: *********************************Current best model saved!
2024-11-03 19:17: Train Epoch 40: 0/4 Loss: 19.012661
2024-11-03 19:17: **********Train Epoch 40: averaged Loss: 19.085395, tf_ratio: 1.000000
2024-11-03 19:17: **********Val Epoch 40: average Loss: 17.394064
2024-11-03 19:17: *********************************Current best model saved!
2024-11-03 19:17: Train Epoch 41: 0/4 Loss: 18.965281
2024-11-03 19:17: **********Train Epoch 41: averaged Loss: 18.877787, tf_ratio: 1.000000
2024-11-03 19:17: **********Val Epoch 41: average Loss: 17.300438
2024-11-03 19:17: *********************************Current best model saved!
2024-11-03 19:17: Train Epoch 42: 0/4 Loss: 18.414478
2024-11-03 19:17: **********Train Epoch 42: averaged Loss: 18.684700, tf_ratio: 1.000000
2024-11-03 19:17: **********Val Epoch 42: average Loss: 17.215368
2024-11-03 19:17: *********************************Current best model saved!
2024-11-03 19:17: Train Epoch 43: 0/4 Loss: 18.552837
2024-11-03 19:17: **********Train Epoch 43: averaged Loss: 18.563096, tf_ratio: 1.000000
2024-11-03 19:17: **********Val Epoch 43: average Loss: 17.138107
2024-11-03 19:17: *********************************Current best model saved!
2024-11-03 19:17: Train Epoch 44: 0/4 Loss: 18.536678
2024-11-03 19:17: **********Train Epoch 44: averaged Loss: 18.485921, tf_ratio: 1.000000
2024-11-03 19:17: **********Val Epoch 44: average Loss: 17.067381
2024-11-03 19:17: *********************************Current best model saved!
2024-11-03 19:17: Train Epoch 45: 0/4 Loss: 18.477594
2024-11-03 19:17: **********Train Epoch 45: averaged Loss: 18.363901, tf_ratio: 1.000000
2024-11-03 19:17: **********Val Epoch 45: average Loss: 17.001966
2024-11-03 19:17: *********************************Current best model saved!
2024-11-03 19:17: Train Epoch 46: 0/4 Loss: 18.458834
2024-11-03 19:17: **********Train Epoch 46: averaged Loss: 18.155609, tf_ratio: 1.000000
2024-11-03 19:17: **********Val Epoch 46: average Loss: 16.940884
2024-11-03 19:17: *********************************Current best model saved!
2024-11-03 19:17: Train Epoch 47: 0/4 Loss: 18.280592
2024-11-03 19:17: **********Train Epoch 47: averaged Loss: 18.161127, tf_ratio: 1.000000
2024-11-03 19:17: **********Val Epoch 47: average Loss: 16.879688
2024-11-03 19:17: *********************************Current best model saved!
2024-11-03 19:17: Train Epoch 48: 0/4 Loss: 18.220331
2024-11-03 19:17: **********Train Epoch 48: averaged Loss: 18.010957, tf_ratio: 1.000000
2024-11-03 19:17: **********Val Epoch 48: average Loss: 16.789011
2024-11-03 19:17: *********************************Current best model saved!
2024-11-03 19:17: Train Epoch 49: 0/4 Loss: 17.784090
2024-11-03 19:17: **********Train Epoch 49: averaged Loss: 17.799359, tf_ratio: 1.000000
2024-11-03 19:17: **********Val Epoch 49: average Loss: 16.718525
2024-11-03 19:17: *********************************Current best model saved!
2024-11-03 19:17: Train Epoch 50: 0/4 Loss: 17.965233
2024-11-03 19:17: **********Train Epoch 50: averaged Loss: 17.730982, tf_ratio: 1.000000
2024-11-03 19:17: **********Val Epoch 50: average Loss: 16.667757
2024-11-03 19:17: *********************************Current best model saved!
2024-11-03 19:17: Train Epoch 51: 0/4 Loss: 17.457159
2024-11-03 19:17: **********Train Epoch 51: averaged Loss: 17.612354, tf_ratio: 1.000000
2024-11-03 19:17: **********Val Epoch 51: average Loss: 16.636137
2024-11-03 19:17: *********************************Current best model saved!
2024-11-03 19:17: Train Epoch 52: 0/4 Loss: 17.770514
2024-11-03 19:17: **********Train Epoch 52: averaged Loss: 17.511992, tf_ratio: 1.000000
2024-11-03 19:17: **********Val Epoch 52: average Loss: 16.597824
2024-11-03 19:17: *********************************Current best model saved!
2024-11-03 19:17: Train Epoch 53: 0/4 Loss: 16.987062
2024-11-03 19:17: **********Train Epoch 53: averaged Loss: 17.362560, tf_ratio: 1.000000
2024-11-03 19:17: **********Val Epoch 53: average Loss: 16.568720
2024-11-03 19:17: *********************************Current best model saved!
2024-11-03 19:17: Train Epoch 54: 0/4 Loss: 17.269974
2024-11-03 19:17: **********Train Epoch 54: averaged Loss: 17.417187, tf_ratio: 1.000000
2024-11-03 19:17: **********Val Epoch 54: average Loss: 16.543694
2024-11-03 19:17: *********************************Current best model saved!
2024-11-03 19:17: Train Epoch 55: 0/4 Loss: 17.111696
2024-11-03 19:17: **********Train Epoch 55: averaged Loss: 17.301305, tf_ratio: 1.000000
2024-11-03 19:17: **********Val Epoch 55: average Loss: 16.519114
2024-11-03 19:17: *********************************Current best model saved!
2024-11-03 19:17: Train Epoch 56: 0/4 Loss: 17.102264
2024-11-03 19:17: **********Train Epoch 56: averaged Loss: 17.197094, tf_ratio: 1.000000
2024-11-03 19:17: **********Val Epoch 56: average Loss: 16.499298
2024-11-03 19:17: *********************************Current best model saved!
2024-11-03 19:17: Train Epoch 57: 0/4 Loss: 17.052982
2024-11-03 19:17: **********Train Epoch 57: averaged Loss: 17.145298, tf_ratio: 1.000000
2024-11-03 19:17: **********Val Epoch 57: average Loss: 16.480654
2024-11-03 19:17: *********************************Current best model saved!
2024-11-03 19:17: Train Epoch 58: 0/4 Loss: 17.154152
2024-11-03 19:17: **********Train Epoch 58: averaged Loss: 17.159358, tf_ratio: 1.000000
2024-11-03 19:17: **********Val Epoch 58: average Loss: 16.442789
2024-11-03 19:17: *********************************Current best model saved!
2024-11-03 19:17: Train Epoch 59: 0/4 Loss: 17.210939
2024-11-03 19:17: **********Train Epoch 59: averaged Loss: 16.997783, tf_ratio: 1.000000
2024-11-03 19:17: **********Val Epoch 59: average Loss: 16.291800
2024-11-03 19:17: *********************************Current best model saved!
2024-11-03 19:17: Train Epoch 60: 0/4 Loss: 16.704899
2024-11-03 19:17: **********Train Epoch 60: averaged Loss: 16.793756, tf_ratio: 1.000000
2024-11-03 19:17: **********Val Epoch 60: average Loss: 16.274035
2024-11-03 19:17: *********************************Current best model saved!
2024-11-03 19:17: Train Epoch 61: 0/4 Loss: 16.718216
2024-11-03 19:17: **********Train Epoch 61: averaged Loss: 16.808299, tf_ratio: 1.000000
2024-11-03 19:17: **********Val Epoch 61: average Loss: 16.197083
2024-11-03 19:17: *********************************Current best model saved!
2024-11-03 19:17: Train Epoch 62: 0/4 Loss: 16.724312
2024-11-03 19:17: **********Train Epoch 62: averaged Loss: 16.640906, tf_ratio: 1.000000
2024-11-03 19:17: **********Val Epoch 62: average Loss: 16.186890
2024-11-03 19:17: *********************************Current best model saved!
2024-11-03 19:17: Train Epoch 63: 0/4 Loss: 16.611736
2024-11-03 19:17: **********Train Epoch 63: averaged Loss: 16.580044, tf_ratio: 1.000000
2024-11-03 19:17: **********Val Epoch 63: average Loss: 16.096962
2024-11-03 19:17: *********************************Current best model saved!
2024-11-03 19:17: Train Epoch 64: 0/4 Loss: 16.596313
2024-11-03 19:17: **********Train Epoch 64: averaged Loss: 16.503166, tf_ratio: 1.000000
2024-11-03 19:17: **********Val Epoch 64: average Loss: 16.055183
2024-11-03 19:17: *********************************Current best model saved!
2024-11-03 19:17: Train Epoch 65: 0/4 Loss: 16.545078
2024-11-03 19:17: **********Train Epoch 65: averaged Loss: 16.439433, tf_ratio: 1.000000
2024-11-03 19:17: **********Val Epoch 65: average Loss: 16.030283
2024-11-03 19:17: *********************************Current best model saved!
2024-11-03 19:17: Train Epoch 66: 0/4 Loss: 16.350838
2024-11-03 19:17: **********Train Epoch 66: averaged Loss: 16.348654, tf_ratio: 1.000000
2024-11-03 19:17: **********Val Epoch 66: average Loss: 16.028749
2024-11-03 19:17: *********************************Current best model saved!
2024-11-03 19:17: Train Epoch 67: 0/4 Loss: 16.153885
2024-11-03 19:17: **********Train Epoch 67: averaged Loss: 16.272437, tf_ratio: 1.000000
2024-11-03 19:17: **********Val Epoch 67: average Loss: 15.946004
2024-11-03 19:17: *********************************Current best model saved!
2024-11-03 19:17: Train Epoch 68: 0/4 Loss: 16.076967
2024-11-03 19:17: **********Train Epoch 68: averaged Loss: 16.225405, tf_ratio: 1.000000
2024-11-03 19:17: **********Val Epoch 68: average Loss: 15.935256
2024-11-03 19:17: *********************************Current best model saved!
2024-11-03 19:17: Train Epoch 69: 0/4 Loss: 16.136040
2024-11-03 19:17: **********Train Epoch 69: averaged Loss: 16.131517, tf_ratio: 1.000000
2024-11-03 19:17: **********Val Epoch 69: average Loss: 15.851436
2024-11-03 19:17: *********************************Current best model saved!
2024-11-03 19:17: Train Epoch 70: 0/4 Loss: 16.457954
2024-11-03 19:17: **********Train Epoch 70: averaged Loss: 16.074075, tf_ratio: 1.000000
2024-11-03 19:17: **********Val Epoch 70: average Loss: 15.779553
2024-11-03 19:17: *********************************Current best model saved!
2024-11-03 19:17: Train Epoch 71: 0/4 Loss: 15.971999
2024-11-03 19:17: **********Train Epoch 71: averaged Loss: 15.941602, tf_ratio: 1.000000
2024-11-03 19:17: **********Val Epoch 71: average Loss: 15.719331
2024-11-03 19:17: *********************************Current best model saved!
2024-11-03 19:17: Train Epoch 72: 0/4 Loss: 16.041832
2024-11-03 19:17: **********Train Epoch 72: averaged Loss: 15.881829, tf_ratio: 1.000000
2024-11-03 19:17: **********Val Epoch 72: average Loss: 15.678948
2024-11-03 19:17: *********************************Current best model saved!
2024-11-03 19:17: Train Epoch 73: 0/4 Loss: 15.821495
2024-11-03 19:17: **********Train Epoch 73: averaged Loss: 15.816126, tf_ratio: 1.000000
2024-11-03 19:17: **********Val Epoch 73: average Loss: 15.615934
2024-11-03 19:17: *********************************Current best model saved!
2024-11-03 19:17: Train Epoch 74: 0/4 Loss: 15.832095
2024-11-03 19:17: **********Train Epoch 74: averaged Loss: 15.775082, tf_ratio: 1.000000
2024-11-03 19:17: **********Val Epoch 74: average Loss: 15.482506
2024-11-03 19:17: *********************************Current best model saved!
2024-11-03 19:17: Train Epoch 75: 0/4 Loss: 15.529648
2024-11-03 19:17: **********Train Epoch 75: averaged Loss: 15.580762, tf_ratio: 1.000000
2024-11-03 19:17: **********Val Epoch 75: average Loss: 15.356778
2024-11-03 19:17: *********************************Current best model saved!
2024-11-03 19:17: Train Epoch 76: 0/4 Loss: 15.385460
2024-11-03 19:17: **********Train Epoch 76: averaged Loss: 15.467349, tf_ratio: 1.000000
2024-11-03 19:17: **********Val Epoch 76: average Loss: 15.209068
2024-11-03 19:17: *********************************Current best model saved!
2024-11-03 19:17: Train Epoch 77: 0/4 Loss: 15.485312
2024-11-03 19:17: **********Train Epoch 77: averaged Loss: 15.452943, tf_ratio: 1.000000
2024-11-03 19:17: **********Val Epoch 77: average Loss: 15.200566
2024-11-03 19:17: *********************************Current best model saved!
2024-11-03 19:17: Train Epoch 78: 0/4 Loss: 15.235800
2024-11-03 19:17: **********Train Epoch 78: averaged Loss: 15.309145, tf_ratio: 1.000000
2024-11-03 19:17: **********Val Epoch 78: average Loss: 15.216480
2024-11-03 19:17: Train Epoch 79: 0/4 Loss: 15.072998
2024-11-03 19:17: **********Train Epoch 79: averaged Loss: 15.160475, tf_ratio: 1.000000
2024-11-03 19:17: **********Val Epoch 79: average Loss: 14.977623
2024-11-03 19:17: *********************************Current best model saved!
2024-11-03 19:17: Train Epoch 80: 0/4 Loss: 15.253013
2024-11-03 19:17: **********Train Epoch 80: averaged Loss: 15.026488, tf_ratio: 1.000000
2024-11-03 19:17: **********Val Epoch 80: average Loss: 14.695393
2024-11-03 19:17: *********************************Current best model saved!
2024-11-03 19:17: Train Epoch 81: 0/4 Loss: 14.623816
2024-11-03 19:17: **********Train Epoch 81: averaged Loss: 14.685886, tf_ratio: 1.000000
2024-11-03 19:17: **********Val Epoch 81: average Loss: 14.455960
2024-11-03 19:17: *********************************Current best model saved!
2024-11-03 19:17: Train Epoch 82: 0/4 Loss: 14.240508
2024-11-03 19:17: **********Train Epoch 82: averaged Loss: 14.514153, tf_ratio: 1.000000
2024-11-03 19:17: **********Val Epoch 82: average Loss: 14.303163
2024-11-03 19:17: *********************************Current best model saved!
2024-11-03 19:17: Train Epoch 83: 0/4 Loss: 14.664103
2024-11-03 19:17: **********Train Epoch 83: averaged Loss: 14.306652, tf_ratio: 1.000000
2024-11-03 19:17: **********Val Epoch 83: average Loss: 14.013071
2024-11-03 19:17: *********************************Current best model saved!
2024-11-03 19:17: Train Epoch 84: 0/4 Loss: 14.131086
2024-11-03 19:17: **********Train Epoch 84: averaged Loss: 14.141169, tf_ratio: 1.000000
2024-11-03 19:17: **********Val Epoch 84: average Loss: 13.977930
2024-11-03 19:17: *********************************Current best model saved!
2024-11-03 19:17: Train Epoch 85: 0/4 Loss: 14.148833
2024-11-03 19:17: **********Train Epoch 85: averaged Loss: 13.985242, tf_ratio: 1.000000
2024-11-03 19:17: **********Val Epoch 85: average Loss: 13.804484
2024-11-03 19:17: *********************************Current best model saved!
2024-11-03 19:17: Train Epoch 86: 0/4 Loss: 13.992003
2024-11-03 19:17: **********Train Epoch 86: averaged Loss: 13.875703, tf_ratio: 1.000000
2024-11-03 19:17: **********Val Epoch 86: average Loss: 13.576295
2024-11-03 19:17: *********************************Current best model saved!
2024-11-03 19:17: Train Epoch 87: 0/4 Loss: 13.725633
2024-11-03 19:17: **********Train Epoch 87: averaged Loss: 13.724665, tf_ratio: 1.000000
2024-11-03 19:17: **********Val Epoch 87: average Loss: 13.335402
2024-11-03 19:17: *********************************Current best model saved!
2024-11-03 19:17: Train Epoch 88: 0/4 Loss: 13.469875
2024-11-03 19:17: **********Train Epoch 88: averaged Loss: 13.432989, tf_ratio: 1.000000
2024-11-03 19:17: **********Val Epoch 88: average Loss: 13.052511
2024-11-03 19:17: *********************************Current best model saved!
2024-11-03 19:17: Train Epoch 89: 0/4 Loss: 13.132133
2024-11-03 19:17: **********Train Epoch 89: averaged Loss: 13.133449, tf_ratio: 1.000000
2024-11-03 19:17: **********Val Epoch 89: average Loss: 12.846521
2024-11-03 19:17: *********************************Current best model saved!
2024-11-03 19:17: Train Epoch 90: 0/4 Loss: 13.212787
2024-11-03 19:17: **********Train Epoch 90: averaged Loss: 13.114675, tf_ratio: 1.000000
2024-11-03 19:17: **********Val Epoch 90: average Loss: 12.701883
2024-11-03 19:17: *********************************Current best model saved!
2024-11-03 19:17: Train Epoch 91: 0/4 Loss: 12.454924
2024-11-03 19:17: **********Train Epoch 91: averaged Loss: 12.829707, tf_ratio: 1.000000
2024-11-03 19:17: **********Val Epoch 91: average Loss: 12.533554
2024-11-03 19:17: *********************************Current best model saved!
2024-11-03 19:17: Train Epoch 92: 0/4 Loss: 12.793669
2024-11-03 19:17: **********Train Epoch 92: averaged Loss: 12.746012, tf_ratio: 1.000000
2024-11-03 19:17: **********Val Epoch 92: average Loss: 12.246545
2024-11-03 19:17: *********************************Current best model saved!
2024-11-03 19:17: Train Epoch 93: 0/4 Loss: 13.166716
2024-11-03 19:17: **********Train Epoch 93: averaged Loss: 12.520658, tf_ratio: 1.000000
2024-11-03 19:17: **********Val Epoch 93: average Loss: 11.972487
2024-11-03 19:17: *********************************Current best model saved!
2024-11-03 19:17: Train Epoch 94: 0/4 Loss: 11.955782
2024-11-03 19:17: **********Train Epoch 94: averaged Loss: 12.184504, tf_ratio: 1.000000
2024-11-03 19:17: **********Val Epoch 94: average Loss: 11.465376
2024-11-03 19:17: *********************************Current best model saved!
2024-11-03 19:17: Train Epoch 95: 0/4 Loss: 11.747455
2024-11-03 19:17: **********Train Epoch 95: averaged Loss: 11.677288, tf_ratio: 1.000000
2024-11-03 19:17: **********Val Epoch 95: average Loss: 10.840829
2024-11-03 19:17: *********************************Current best model saved!
2024-11-03 19:17: Train Epoch 96: 0/4 Loss: 11.788726
2024-11-03 19:17: **********Train Epoch 96: averaged Loss: 11.291975, tf_ratio: 1.000000
2024-11-03 19:17: **********Val Epoch 96: average Loss: 10.162933
2024-11-03 19:17: *********************************Current best model saved!
2024-11-03 19:17: Train Epoch 97: 0/4 Loss: 10.623314
2024-11-03 19:17: **********Train Epoch 97: averaged Loss: 10.779498, tf_ratio: 1.000000
2024-11-03 19:17: **********Val Epoch 97: average Loss: 9.948059
2024-11-03 19:17: *********************************Current best model saved!
2024-11-03 19:17: Train Epoch 98: 0/4 Loss: 10.802786
2024-11-03 19:17: **********Train Epoch 98: averaged Loss: 10.569235, tf_ratio: 1.000000
2024-11-03 19:17: **********Val Epoch 98: average Loss: 9.500520
2024-11-03 19:17: *********************************Current best model saved!
2024-11-03 19:17: Train Epoch 99: 0/4 Loss: 10.802012
2024-11-03 19:17: **********Train Epoch 99: averaged Loss: 10.105214, tf_ratio: 1.000000
2024-11-03 19:17: **********Val Epoch 99: average Loss: 9.002084
2024-11-03 19:17: *********************************Current best model saved!
2024-11-03 19:17: Train Epoch 100: 0/4 Loss: 10.024655
2024-11-03 19:17: **********Train Epoch 100: averaged Loss: 9.749634, tf_ratio: 1.000000
2024-11-03 19:17: **********Val Epoch 100: average Loss: 8.840299
2024-11-03 19:17: *********************************Current best model saved!
2024-11-03 19:17: Total training time: 0.8265min, best loss: 8.840299
2024-11-03 19:17: Saving current best model to /root/AGCRN/model/experiments/HOURS/data16/2/20241103191649/best_model.pth
2024-11-03 19:17: Horizon 01, MAE: 8.79, RMSE: 11.89, MAPE: 27.6114%
2024-11-03 19:17: Horizon 02, MAE: 8.82, RMSE: 11.92, MAPE: 27.7627%
2024-11-03 19:17: Horizon 03, MAE: 8.78, RMSE: 11.91, MAPE: 27.4161%
2024-11-03 19:17: Horizon 04, MAE: 8.76, RMSE: 11.92, MAPE: 27.5331%
2024-11-03 19:17: Horizon 05, MAE: 8.84, RMSE: 11.96, MAPE: 27.6592%
2024-11-03 19:17: Horizon 06, MAE: 8.82, RMSE: 11.93, MAPE: 27.2168%
2024-11-03 19:17: Horizon 07, MAE: 8.86, RMSE: 11.95, MAPE: 27.6101%
2024-11-03 19:17: Horizon 08, MAE: 8.83, RMSE: 11.97, MAPE: 27.3986%
2024-11-03 19:17: Horizon 09, MAE: 8.89, RMSE: 11.98, MAPE: 27.5053%
2024-11-03 19:17: Horizon 10, MAE: 8.87, RMSE: 11.98, MAPE: 27.5476%
2024-11-03 19:17: Horizon 11, MAE: 8.96, RMSE: 12.05, MAPE: 27.6093%
2024-11-03 19:17: Horizon 12, MAE: 9.00, RMSE: 12.09, MAPE: 27.8612%
2024-11-03 19:17: Average Horizon, MAE: 8.85, RMSE: 11.96, MAPE: 27.5610%
