2024-11-03 19:20: Experiment log path in: /root/AGCRN/model/experiments/HOURS/data20/2/20241103192015
2024-11-03 19:20: Train Epoch 1: 0/4 Loss: 63.877411
2024-11-03 19:20: **********Train Epoch 1: averaged Loss: 63.954408, tf_ratio: 1.000000
2024-11-03 19:20: **********Val Epoch 1: average Loss: 62.072498
2024-11-03 19:20: *********************************Current best model saved!
2024-11-03 19:20: Train Epoch 2: 0/4 Loss: 63.937866
2024-11-03 19:20: **********Train Epoch 2: averaged Loss: 64.006495, tf_ratio: 1.000000
2024-11-03 19:20: **********Val Epoch 2: average Loss: 62.048599
2024-11-03 19:20: *********************************Current best model saved!
2024-11-03 19:20: Train Epoch 3: 0/4 Loss: 64.171776
2024-11-03 19:20: **********Train Epoch 3: averaged Loss: 63.965394, tf_ratio: 1.000000
2024-11-03 19:20: **********Val Epoch 3: average Loss: 62.008476
2024-11-03 19:20: *********************************Current best model saved!
2024-11-03 19:20: Train Epoch 4: 0/4 Loss: 64.200005
2024-11-03 19:20: **********Train Epoch 4: averaged Loss: 63.932462, tf_ratio: 1.000000
2024-11-03 19:20: **********Val Epoch 4: average Loss: 61.931114
2024-11-03 19:20: *********************************Current best model saved!
2024-11-03 19:20: Train Epoch 5: 0/4 Loss: 63.951252
2024-11-03 19:20: **********Train Epoch 5: averaged Loss: 63.790184, tf_ratio: 1.000000
2024-11-03 19:20: **********Val Epoch 5: average Loss: 61.752525
2024-11-03 19:20: *********************************Current best model saved!
2024-11-03 19:20: Train Epoch 6: 0/4 Loss: 63.767429
2024-11-03 19:20: **********Train Epoch 6: averaged Loss: 63.526416, tf_ratio: 1.000000
2024-11-03 19:20: **********Val Epoch 6: average Loss: 61.230881
2024-11-03 19:20: *********************************Current best model saved!
2024-11-03 19:20: Train Epoch 7: 0/4 Loss: 62.906376
2024-11-03 19:20: **********Train Epoch 7: averaged Loss: 62.599456, tf_ratio: 1.000000
2024-11-03 19:20: **********Val Epoch 7: average Loss: 59.819256
2024-11-03 19:20: *********************************Current best model saved!
2024-11-03 19:20: Train Epoch 8: 0/4 Loss: 61.563370
2024-11-03 19:20: **********Train Epoch 8: averaged Loss: 60.893655, tf_ratio: 1.000000
2024-11-03 19:20: **********Val Epoch 8: average Loss: 57.872269
2024-11-03 19:20: *********************************Current best model saved!
2024-11-03 19:20: Train Epoch 9: 0/4 Loss: 59.844051
2024-11-03 19:20: **********Train Epoch 9: averaged Loss: 59.073288, tf_ratio: 1.000000
2024-11-03 19:20: **********Val Epoch 9: average Loss: 56.102020
2024-11-03 19:20: *********************************Current best model saved!
2024-11-03 19:20: Train Epoch 10: 0/4 Loss: 58.262146
2024-11-03 19:20: **********Train Epoch 10: averaged Loss: 57.424131, tf_ratio: 1.000000
2024-11-03 19:20: **********Val Epoch 10: average Loss: 54.522011
2024-11-03 19:20: *********************************Current best model saved!
2024-11-03 19:20: Train Epoch 11: 0/4 Loss: 56.253597
2024-11-03 19:20: **********Train Epoch 11: averaged Loss: 55.855039, tf_ratio: 1.000000
2024-11-03 19:20: **********Val Epoch 11: average Loss: 53.009064
2024-11-03 19:20: *********************************Current best model saved!
2024-11-03 19:20: Train Epoch 12: 0/4 Loss: 54.631882
2024-11-03 19:20: **********Train Epoch 12: averaged Loss: 54.373003, tf_ratio: 1.000000
2024-11-03 19:20: **********Val Epoch 12: average Loss: 51.529629
2024-11-03 19:20: *********************************Current best model saved!
2024-11-03 19:20: Train Epoch 13: 0/4 Loss: 53.441395
2024-11-03 19:20: **********Train Epoch 13: averaged Loss: 52.875011, tf_ratio: 1.000000
2024-11-03 19:20: **********Val Epoch 13: average Loss: 50.139351
2024-11-03 19:20: *********************************Current best model saved!
2024-11-03 19:20: Train Epoch 14: 0/4 Loss: 51.747635
2024-11-03 19:20: **********Train Epoch 14: averaged Loss: 51.493324, tf_ratio: 1.000000
2024-11-03 19:20: **********Val Epoch 14: average Loss: 48.859844
2024-11-03 19:20: *********************************Current best model saved!
2024-11-03 19:20: Train Epoch 15: 0/4 Loss: 50.630470
2024-11-03 19:20: **********Train Epoch 15: averaged Loss: 50.301303, tf_ratio: 1.000000
2024-11-03 19:20: **********Val Epoch 15: average Loss: 47.648766
2024-11-03 19:20: *********************************Current best model saved!
2024-11-03 19:20: Train Epoch 16: 0/4 Loss: 49.465439
2024-11-03 19:20: **********Train Epoch 16: averaged Loss: 49.115615, tf_ratio: 1.000000
2024-11-03 19:20: **********Val Epoch 16: average Loss: 46.490116
2024-11-03 19:20: *********************************Current best model saved!
2024-11-03 19:20: Train Epoch 17: 0/4 Loss: 48.533569
2024-11-03 19:20: **********Train Epoch 17: averaged Loss: 47.933658, tf_ratio: 1.000000
2024-11-03 19:20: **********Val Epoch 17: average Loss: 45.376816
2024-11-03 19:20: *********************************Current best model saved!
2024-11-03 19:20: Train Epoch 18: 0/4 Loss: 47.240234
2024-11-03 19:20: **********Train Epoch 18: averaged Loss: 46.868060, tf_ratio: 1.000000
2024-11-03 19:20: **********Val Epoch 18: average Loss: 44.300812
2024-11-03 19:20: *********************************Current best model saved!
2024-11-03 19:20: Train Epoch 19: 0/4 Loss: 46.047268
2024-11-03 19:20: **********Train Epoch 19: averaged Loss: 45.757650, tf_ratio: 1.000000
2024-11-03 19:20: **********Val Epoch 19: average Loss: 43.249977
2024-11-03 19:20: *********************************Current best model saved!
2024-11-03 19:20: Train Epoch 20: 0/4 Loss: 45.192841
2024-11-03 19:20: **********Train Epoch 20: averaged Loss: 44.767390, tf_ratio: 1.000000
2024-11-03 19:20: **********Val Epoch 20: average Loss: 42.222172
2024-11-03 19:20: *********************************Current best model saved!
2024-11-03 19:20: Train Epoch 21: 0/4 Loss: 44.218521
2024-11-03 19:20: **********Train Epoch 21: averaged Loss: 43.721964, tf_ratio: 1.000000
2024-11-03 19:20: **********Val Epoch 21: average Loss: 41.214466
2024-11-03 19:20: *********************************Current best model saved!
2024-11-03 19:20: Train Epoch 22: 0/4 Loss: 43.021507
2024-11-03 19:20: **********Train Epoch 22: averaged Loss: 42.720394, tf_ratio: 1.000000
2024-11-03 19:20: **********Val Epoch 22: average Loss: 40.224384
2024-11-03 19:20: *********************************Current best model saved!
2024-11-03 19:20: Train Epoch 23: 0/4 Loss: 42.141567
2024-11-03 19:20: **********Train Epoch 23: averaged Loss: 41.719218, tf_ratio: 1.000000
2024-11-03 19:20: **********Val Epoch 23: average Loss: 39.250965
2024-11-03 19:20: *********************************Current best model saved!
2024-11-03 19:20: Train Epoch 24: 0/4 Loss: 41.139812
2024-11-03 19:20: **********Train Epoch 24: averaged Loss: 40.707047, tf_ratio: 1.000000
2024-11-03 19:20: **********Val Epoch 24: average Loss: 38.293194
2024-11-03 19:20: *********************************Current best model saved!
2024-11-03 19:20: Train Epoch 25: 0/4 Loss: 40.048038
2024-11-03 19:20: **********Train Epoch 25: averaged Loss: 39.764139, tf_ratio: 1.000000
2024-11-03 19:20: **********Val Epoch 25: average Loss: 37.350216
2024-11-03 19:20: *********************************Current best model saved!
2024-11-03 19:20: Train Epoch 26: 0/4 Loss: 39.435886
2024-11-03 19:20: **********Train Epoch 26: averaged Loss: 38.817593, tf_ratio: 1.000000
2024-11-03 19:20: **********Val Epoch 26: average Loss: 36.420601
2024-11-03 19:20: *********************************Current best model saved!
2024-11-03 19:20: Train Epoch 27: 0/4 Loss: 37.829563
2024-11-03 19:20: **********Train Epoch 27: averaged Loss: 37.816867, tf_ratio: 1.000000
2024-11-03 19:20: **********Val Epoch 27: average Loss: 35.504421
2024-11-03 19:20: *********************************Current best model saved!
2024-11-03 19:20: Train Epoch 28: 0/4 Loss: 37.230560
2024-11-03 19:20: **********Train Epoch 28: averaged Loss: 36.937415, tf_ratio: 1.000000
2024-11-03 19:20: **********Val Epoch 28: average Loss: 34.600479
2024-11-03 19:20: *********************************Current best model saved!
2024-11-03 19:20: Train Epoch 29: 0/4 Loss: 36.533039
2024-11-03 19:20: **********Train Epoch 29: averaged Loss: 36.006253, tf_ratio: 1.000000
2024-11-03 19:20: **********Val Epoch 29: average Loss: 33.707535
2024-11-03 19:20: *********************************Current best model saved!
2024-11-03 19:20: Train Epoch 30: 0/4 Loss: 35.385456
2024-11-03 19:20: **********Train Epoch 30: averaged Loss: 35.125650, tf_ratio: 1.000000
2024-11-03 19:20: **********Val Epoch 30: average Loss: 32.825554
2024-11-03 19:20: *********************************Current best model saved!
2024-11-03 19:20: Train Epoch 31: 0/4 Loss: 34.593235
2024-11-03 19:20: **********Train Epoch 31: averaged Loss: 34.157188, tf_ratio: 1.000000
2024-11-03 19:20: **********Val Epoch 31: average Loss: 31.954659
2024-11-03 19:20: *********************************Current best model saved!
2024-11-03 19:20: Train Epoch 32: 0/4 Loss: 33.658466
2024-11-03 19:20: **********Train Epoch 32: averaged Loss: 33.321449, tf_ratio: 1.000000
2024-11-03 19:20: **********Val Epoch 32: average Loss: 31.094646
2024-11-03 19:20: *********************************Current best model saved!
2024-11-03 19:20: Train Epoch 33: 0/4 Loss: 32.825642
2024-11-03 19:20: **********Train Epoch 33: averaged Loss: 32.387064, tf_ratio: 1.000000
2024-11-03 19:20: **********Val Epoch 33: average Loss: 30.244417
2024-11-03 19:20: *********************************Current best model saved!
2024-11-03 19:20: Train Epoch 34: 0/4 Loss: 31.754929
2024-11-03 19:20: **********Train Epoch 34: averaged Loss: 31.499708, tf_ratio: 1.000000
2024-11-03 19:20: **********Val Epoch 34: average Loss: 29.403700
2024-11-03 19:20: *********************************Current best model saved!
2024-11-03 19:20: Train Epoch 35: 0/4 Loss: 31.125702
2024-11-03 19:20: **********Train Epoch 35: averaged Loss: 30.698040, tf_ratio: 1.000000
2024-11-03 19:20: **********Val Epoch 35: average Loss: 28.572605
2024-11-03 19:20: *********************************Current best model saved!
2024-11-03 19:20: Train Epoch 36: 0/4 Loss: 30.099392
2024-11-03 19:20: **********Train Epoch 36: averaged Loss: 29.787214, tf_ratio: 1.000000
2024-11-03 19:20: **********Val Epoch 36: average Loss: 27.751263
2024-11-03 19:20: *********************************Current best model saved!
2024-11-03 19:20: Train Epoch 37: 0/4 Loss: 29.107159
2024-11-03 19:20: **********Train Epoch 37: averaged Loss: 28.936041, tf_ratio: 1.000000
2024-11-03 19:20: **********Val Epoch 37: average Loss: 26.939142
2024-11-03 19:20: *********************************Current best model saved!
2024-11-03 19:20: Train Epoch 38: 0/4 Loss: 28.353022
2024-11-03 19:20: **********Train Epoch 38: averaged Loss: 28.098652, tf_ratio: 1.000000
2024-11-03 19:20: **********Val Epoch 38: average Loss: 26.135427
2024-11-03 19:20: *********************************Current best model saved!
2024-11-03 19:20: Train Epoch 39: 0/4 Loss: 27.627331
2024-11-03 19:20: **********Train Epoch 39: averaged Loss: 27.260118, tf_ratio: 1.000000
2024-11-03 19:20: **********Val Epoch 39: average Loss: 25.339466
2024-11-03 19:20: *********************************Current best model saved!
2024-11-03 19:20: Train Epoch 40: 0/4 Loss: 26.635057
2024-11-03 19:20: **********Train Epoch 40: averaged Loss: 26.424292, tf_ratio: 1.000000
2024-11-03 19:20: **********Val Epoch 40: average Loss: 24.551556
2024-11-03 19:20: *********************************Current best model saved!
2024-11-03 19:20: Train Epoch 41: 0/4 Loss: 25.938494
2024-11-03 19:20: **********Train Epoch 41: averaged Loss: 25.583641, tf_ratio: 1.000000
2024-11-03 19:20: **********Val Epoch 41: average Loss: 23.770611
2024-11-03 19:20: *********************************Current best model saved!
2024-11-03 19:20: Train Epoch 42: 0/4 Loss: 25.092175
2024-11-03 19:20: **********Train Epoch 42: averaged Loss: 24.757455, tf_ratio: 1.000000
2024-11-03 19:20: **********Val Epoch 42: average Loss: 22.996010
2024-11-03 19:20: *********************************Current best model saved!
2024-11-03 19:20: Train Epoch 43: 0/4 Loss: 24.237282
2024-11-03 19:20: **********Train Epoch 43: averaged Loss: 23.953125, tf_ratio: 1.000000
2024-11-03 19:20: **********Val Epoch 43: average Loss: 22.227585
2024-11-03 19:20: *********************************Current best model saved!
2024-11-03 19:20: Train Epoch 44: 0/4 Loss: 23.481354
2024-11-03 19:20: **********Train Epoch 44: averaged Loss: 23.178048, tf_ratio: 1.000000
2024-11-03 19:20: **********Val Epoch 44: average Loss: 21.465715
2024-11-03 19:20: *********************************Current best model saved!
2024-11-03 19:20: Train Epoch 45: 0/4 Loss: 22.625719
2024-11-03 19:20: **********Train Epoch 45: averaged Loss: 22.338371, tf_ratio: 1.000000
2024-11-03 19:20: **********Val Epoch 45: average Loss: 20.709763
2024-11-03 19:20: *********************************Current best model saved!
2024-11-03 19:20: Train Epoch 46: 0/4 Loss: 21.932228
2024-11-03 19:20: **********Train Epoch 46: averaged Loss: 21.521518, tf_ratio: 1.000000
2024-11-03 19:20: **********Val Epoch 46: average Loss: 19.959837
2024-11-03 19:20: *********************************Current best model saved!
2024-11-03 19:20: Train Epoch 47: 0/4 Loss: 21.079685
2024-11-03 19:20: **********Train Epoch 47: averaged Loss: 20.718892, tf_ratio: 1.000000
2024-11-03 19:20: **********Val Epoch 47: average Loss: 19.215631
2024-11-03 19:20: *********************************Current best model saved!
2024-11-03 19:20: Train Epoch 48: 0/4 Loss: 20.386242
2024-11-03 19:20: **********Train Epoch 48: averaged Loss: 19.964031, tf_ratio: 1.000000
2024-11-03 19:20: **********Val Epoch 48: average Loss: 18.477680
2024-11-03 19:20: *********************************Current best model saved!
2024-11-03 19:20: Train Epoch 49: 0/4 Loss: 19.538469
2024-11-03 19:20: **********Train Epoch 49: averaged Loss: 19.172906, tf_ratio: 1.000000
2024-11-03 19:20: **********Val Epoch 49: average Loss: 17.744738
2024-11-03 19:20: *********************************Current best model saved!
2024-11-03 19:20: Train Epoch 50: 0/4 Loss: 18.840862
2024-11-03 19:20: **********Train Epoch 50: averaged Loss: 18.381479, tf_ratio: 1.000000
2024-11-03 19:20: **********Val Epoch 50: average Loss: 17.016953
2024-11-03 19:20: *********************************Current best model saved!
2024-11-03 19:20: Train Epoch 51: 0/4 Loss: 17.948092
2024-11-03 19:20: **********Train Epoch 51: averaged Loss: 17.611478, tf_ratio: 1.000000
2024-11-03 19:20: **********Val Epoch 51: average Loss: 16.295164
2024-11-03 19:20: *********************************Current best model saved!
2024-11-03 19:20: Train Epoch 52: 0/4 Loss: 17.168211
2024-11-03 19:20: **********Train Epoch 52: averaged Loss: 16.857769, tf_ratio: 1.000000
2024-11-03 19:20: **********Val Epoch 52: average Loss: 15.578265
2024-11-03 19:20: *********************************Current best model saved!
2024-11-03 19:20: Train Epoch 53: 0/4 Loss: 16.183048
2024-11-03 19:20: **********Train Epoch 53: averaged Loss: 16.069343, tf_ratio: 1.000000
2024-11-03 19:20: **********Val Epoch 53: average Loss: 14.866931
2024-11-03 19:20: *********************************Current best model saved!
2024-11-03 19:20: Train Epoch 54: 0/4 Loss: 15.590258
2024-11-03 19:20: **********Train Epoch 54: averaged Loss: 15.313152, tf_ratio: 1.000000
2024-11-03 19:20: **********Val Epoch 54: average Loss: 14.162035
2024-11-03 19:20: *********************************Current best model saved!
2024-11-03 19:20: Train Epoch 55: 0/4 Loss: 14.827372
2024-11-03 19:20: **********Train Epoch 55: averaged Loss: 14.561869, tf_ratio: 1.000000
2024-11-03 19:20: **********Val Epoch 55: average Loss: 13.463042
2024-11-03 19:20: *********************************Current best model saved!
2024-11-03 19:20: Train Epoch 56: 0/4 Loss: 14.184535
2024-11-03 19:20: **********Train Epoch 56: averaged Loss: 13.823096, tf_ratio: 1.000000
2024-11-03 19:20: **********Val Epoch 56: average Loss: 12.771446
2024-11-03 19:20: *********************************Current best model saved!
2024-11-03 19:20: Train Epoch 57: 0/4 Loss: 13.408863
2024-11-03 19:20: **********Train Epoch 57: averaged Loss: 13.096993, tf_ratio: 1.000000
2024-11-03 19:20: **********Val Epoch 57: average Loss: 12.087977
2024-11-03 19:20: *********************************Current best model saved!
2024-11-03 19:20: Train Epoch 58: 0/4 Loss: 12.614355
2024-11-03 19:20: **********Train Epoch 58: averaged Loss: 12.316150, tf_ratio: 1.000000
2024-11-03 19:20: **********Val Epoch 58: average Loss: 11.413694
2024-11-03 19:20: *********************************Current best model saved!
2024-11-03 19:20: Train Epoch 59: 0/4 Loss: 11.848217
2024-11-03 19:20: **********Train Epoch 59: averaged Loss: 11.614437, tf_ratio: 1.000000
2024-11-03 19:20: **********Val Epoch 59: average Loss: 10.751642
2024-11-03 19:20: *********************************Current best model saved!
2024-11-03 19:20: Train Epoch 60: 0/4 Loss: 11.107434
2024-11-03 19:20: **********Train Epoch 60: averaged Loss: 10.863385, tf_ratio: 1.000000
2024-11-03 19:20: **********Val Epoch 60: average Loss: 10.102316
2024-11-03 19:20: *********************************Current best model saved!
2024-11-03 19:20: Train Epoch 61: 0/4 Loss: 10.454957
2024-11-03 19:20: **********Train Epoch 61: averaged Loss: 10.175756, tf_ratio: 1.000000
2024-11-03 19:20: **********Val Epoch 61: average Loss: 9.466248
2024-11-03 19:20: *********************************Current best model saved!
2024-11-03 19:20: Train Epoch 62: 0/4 Loss: 9.657366
2024-11-03 19:20: **********Train Epoch 62: averaged Loss: 9.467633, tf_ratio: 1.000000
2024-11-03 19:20: **********Val Epoch 62: average Loss: 8.846341
2024-11-03 19:20: *********************************Current best model saved!
2024-11-03 19:20: Train Epoch 63: 0/4 Loss: 8.998270
2024-11-03 19:20: **********Train Epoch 63: averaged Loss: 8.767116, tf_ratio: 1.000000
2024-11-03 19:20: **********Val Epoch 63: average Loss: 8.245356
2024-11-03 19:20: *********************************Current best model saved!
2024-11-03 19:20: Train Epoch 64: 0/4 Loss: 8.355114
2024-11-03 19:20: **********Train Epoch 64: averaged Loss: 8.107782, tf_ratio: 1.000000
2024-11-03 19:20: **********Val Epoch 64: average Loss: 7.668260
2024-11-03 19:20: *********************************Current best model saved!
2024-11-03 19:20: Train Epoch 65: 0/4 Loss: 7.710894
2024-11-03 19:20: **********Train Epoch 65: averaged Loss: 7.447168, tf_ratio: 1.000000
2024-11-03 19:20: **********Val Epoch 65: average Loss: 7.120991
2024-11-03 19:20: *********************************Current best model saved!
2024-11-03 19:20: Train Epoch 66: 0/4 Loss: 7.058483
2024-11-03 19:20: **********Train Epoch 66: averaged Loss: 6.800898, tf_ratio: 1.000000
2024-11-03 19:20: **********Val Epoch 66: average Loss: 6.609945
2024-11-03 19:20: *********************************Current best model saved!
2024-11-03 19:20: Train Epoch 67: 0/4 Loss: 6.510714
2024-11-03 19:20: **********Train Epoch 67: averaged Loss: 6.229156, tf_ratio: 1.000000
2024-11-03 19:20: **********Val Epoch 67: average Loss: 6.142003
2024-11-03 19:20: *********************************Current best model saved!
2024-11-03 19:20: Train Epoch 68: 0/4 Loss: 5.885184
2024-11-03 19:20: **********Train Epoch 68: averaged Loss: 5.651299, tf_ratio: 1.000000
2024-11-03 19:20: **********Val Epoch 68: average Loss: 5.724342
2024-11-03 19:20: *********************************Current best model saved!
2024-11-03 19:20: Train Epoch 69: 0/4 Loss: 5.371794
2024-11-03 19:20: **********Train Epoch 69: averaged Loss: 5.147149, tf_ratio: 1.000000
2024-11-03 19:20: **********Val Epoch 69: average Loss: 5.366308
2024-11-03 19:20: *********************************Current best model saved!
2024-11-03 19:20: Train Epoch 70: 0/4 Loss: 4.821339
2024-11-03 19:20: **********Train Epoch 70: averaged Loss: 4.677231, tf_ratio: 1.000000
2024-11-03 19:20: **********Val Epoch 70: average Loss: 5.074784
2024-11-03 19:20: *********************************Current best model saved!
2024-11-03 19:20: Train Epoch 71: 0/4 Loss: 4.490283
2024-11-03 19:20: **********Train Epoch 71: averaged Loss: 4.305926, tf_ratio: 1.000000
2024-11-03 19:20: **********Val Epoch 71: average Loss: 4.853472
2024-11-03 19:20: *********************************Current best model saved!
2024-11-03 19:20: Train Epoch 72: 0/4 Loss: 4.066897
2024-11-03 19:20: **********Train Epoch 72: averaged Loss: 3.992470, tf_ratio: 1.000000
2024-11-03 19:20: **********Val Epoch 72: average Loss: 4.705367
2024-11-03 19:20: *********************************Current best model saved!
2024-11-03 19:20: Train Epoch 73: 0/4 Loss: 4.061745
2024-11-03 19:20: **********Train Epoch 73: averaged Loss: 3.737979, tf_ratio: 1.000000
2024-11-03 19:20: **********Val Epoch 73: average Loss: 4.627553
2024-11-03 19:20: *********************************Current best model saved!
2024-11-03 19:20: Train Epoch 74: 0/4 Loss: 3.695057
2024-11-03 19:20: **********Train Epoch 74: averaged Loss: 3.609128, tf_ratio: 1.000000
2024-11-03 19:20: **********Val Epoch 74: average Loss: 4.610290
2024-11-03 19:20: *********************************Current best model saved!
2024-11-03 19:20: Train Epoch 75: 0/4 Loss: 3.472650
2024-11-03 19:20: **********Train Epoch 75: averaged Loss: 3.514101, tf_ratio: 1.000000
2024-11-03 19:20: **********Val Epoch 75: average Loss: 4.637450
2024-11-03 19:20: Train Epoch 76: 0/4 Loss: 3.452582
2024-11-03 19:20: **********Train Epoch 76: averaged Loss: 3.502668, tf_ratio: 1.000000
2024-11-03 19:20: **********Val Epoch 76: average Loss: 4.678719
2024-11-03 19:20: Train Epoch 77: 0/4 Loss: 3.511329
2024-11-03 19:20: **********Train Epoch 77: averaged Loss: 3.531550, tf_ratio: 1.000000
2024-11-03 19:20: **********Val Epoch 77: average Loss: 4.711102
2024-11-03 19:20: Train Epoch 78: 0/4 Loss: 3.396183
2024-11-03 19:20: **********Train Epoch 78: averaged Loss: 3.529067, tf_ratio: 1.000000
2024-11-03 19:20: **********Val Epoch 78: average Loss: 4.728199
2024-11-03 19:20: Train Epoch 79: 0/4 Loss: 3.286450
2024-11-03 19:20: **********Train Epoch 79: averaged Loss: 3.524406, tf_ratio: 1.000000
2024-11-03 19:20: **********Val Epoch 79: average Loss: 4.732555
2024-11-03 19:20: Train Epoch 80: 0/4 Loss: 3.736213
2024-11-03 19:20: **********Train Epoch 80: averaged Loss: 3.566900, tf_ratio: 1.000000
2024-11-03 19:20: **********Val Epoch 80: average Loss: 4.726959
2024-11-03 19:20: Train Epoch 81: 0/4 Loss: 3.403702
2024-11-03 19:20: **********Train Epoch 81: averaged Loss: 3.523312, tf_ratio: 1.000000
2024-11-03 19:20: **********Val Epoch 81: average Loss: 4.716069
2024-11-03 19:20: Train Epoch 82: 0/4 Loss: 3.575968
2024-11-03 19:20: **********Train Epoch 82: averaged Loss: 3.499540, tf_ratio: 1.000000
2024-11-03 19:20: **********Val Epoch 82: average Loss: 4.702039
2024-11-03 19:20: Train Epoch 83: 0/4 Loss: 3.599999
2024-11-03 19:20: **********Train Epoch 83: averaged Loss: 3.532718, tf_ratio: 1.000000
2024-11-03 19:20: **********Val Epoch 83: average Loss: 4.688473
2024-11-03 19:20: Train Epoch 84: 0/4 Loss: 3.594584
2024-11-03 19:20: **********Train Epoch 84: averaged Loss: 3.502469, tf_ratio: 1.000000
2024-11-03 19:20: **********Val Epoch 84: average Loss: 4.676067
2024-11-03 19:20: Train Epoch 85: 0/4 Loss: 3.509099
2024-11-03 19:20: **********Train Epoch 85: averaged Loss: 3.536753, tf_ratio: 1.000000
2024-11-03 19:20: **********Val Epoch 85: average Loss: 4.665254
2024-11-03 19:20: Train Epoch 86: 0/4 Loss: 3.633418
2024-11-03 19:20: **********Train Epoch 86: averaged Loss: 3.532507, tf_ratio: 1.000000
2024-11-03 19:20: **********Val Epoch 86: average Loss: 4.656499
2024-11-03 19:20: Train Epoch 87: 0/4 Loss: 3.519815
2024-11-03 19:20: **********Train Epoch 87: averaged Loss: 3.538970, tf_ratio: 1.000000
2024-11-03 19:20: **********Val Epoch 87: average Loss: 4.650517
2024-11-03 19:20: Train Epoch 88: 0/4 Loss: 3.397828
2024-11-03 19:20: **********Train Epoch 88: averaged Loss: 3.515793, tf_ratio: 1.000000
2024-11-03 19:20: **********Val Epoch 88: average Loss: 4.646370
2024-11-03 19:20: Train Epoch 89: 0/4 Loss: 3.532906
2024-11-03 19:20: **********Train Epoch 89: averaged Loss: 3.524483, tf_ratio: 1.000000
2024-11-03 19:20: **********Val Epoch 89: average Loss: 4.642931
2024-11-03 19:20: Validation performance didn't improve for 15 epochs. Training stops.
2024-11-03 19:20: Total training time: 0.7314min, best loss: 4.610290
2024-11-03 19:20: Saving current best model to /root/AGCRN/model/experiments/HOURS/data20/2/20241103192015/best_model.pth
2024-11-03 19:20: Horizon 01, MAE: 3.46, RMSE: 6.52, MAPE: 7.1916%
2024-11-03 19:20: Horizon 02, MAE: 3.51, RMSE: 6.67, MAPE: 7.3851%
2024-11-03 19:20: Horizon 03, MAE: 3.56, RMSE: 6.80, MAPE: 7.5614%
2024-11-03 19:20: Horizon 04, MAE: 3.60, RMSE: 6.95, MAPE: 7.7412%
2024-11-03 19:20: Horizon 05, MAE: 3.65, RMSE: 6.99, MAPE: 7.8340%
2024-11-03 19:20: Horizon 06, MAE: 3.73, RMSE: 7.02, MAPE: 7.9493%
2024-11-03 19:20: Horizon 07, MAE: 3.72, RMSE: 7.12, MAPE: 7.9878%
2024-11-03 19:20: Horizon 08, MAE: 3.75, RMSE: 7.16, MAPE: 8.0132%
2024-11-03 19:20: Horizon 09, MAE: 3.79, RMSE: 7.15, MAPE: 8.0241%
2024-11-03 19:20: Horizon 10, MAE: 3.78, RMSE: 7.22, MAPE: 8.0413%
2024-11-03 19:20: Horizon 11, MAE: 3.83, RMSE: 7.14, MAPE: 8.0547%
2024-11-03 19:20: Horizon 12, MAE: 3.83, RMSE: 7.15, MAPE: 8.0645%
2024-11-03 19:20: Average Horizon, MAE: 3.68, RMSE: 6.99, MAPE: 7.8207%
