2024-11-03 19:38: Experiment log path in: /root/AGCRN/model/experiments/HOURS/data18/10/20241103193831
2024-11-03 19:38: Train Epoch 1: 0/4 Loss: 49.386703
2024-11-03 19:38: **********Train Epoch 1: averaged Loss: 49.244376, tf_ratio: 1.000000
2024-11-03 19:38: **********Val Epoch 1: average Loss: 45.962776
2024-11-03 19:38: *********************************Current best model saved!
2024-11-03 19:38: Train Epoch 2: 0/4 Loss: 49.365223
2024-11-03 19:38: **********Train Epoch 2: averaged Loss: 49.463661, tf_ratio: 1.000000
2024-11-03 19:38: **********Val Epoch 2: average Loss: 45.881886
2024-11-03 19:38: *********************************Current best model saved!
2024-11-03 19:38: Train Epoch 3: 0/4 Loss: 50.096909
2024-11-03 19:38: **********Train Epoch 3: averaged Loss: 49.373605, tf_ratio: 1.000000
2024-11-03 19:38: **********Val Epoch 3: average Loss: 45.642258
2024-11-03 19:38: *********************************Current best model saved!
2024-11-03 19:38: Train Epoch 4: 0/4 Loss: 49.042992
2024-11-03 19:38: **********Train Epoch 4: averaged Loss: 48.914012, tf_ratio: 1.000000
2024-11-03 19:38: **********Val Epoch 4: average Loss: 44.646721
2024-11-03 19:38: *********************************Current best model saved!
2024-11-03 19:38: Train Epoch 5: 0/4 Loss: 47.469654
2024-11-03 19:38: **********Train Epoch 5: averaged Loss: 47.256824, tf_ratio: 1.000000
2024-11-03 19:38: **********Val Epoch 5: average Loss: 42.771046
2024-11-03 19:38: *********************************Current best model saved!
2024-11-03 19:38: Train Epoch 6: 0/4 Loss: 45.872700
2024-11-03 19:38: **********Train Epoch 6: averaged Loss: 45.557111, tf_ratio: 1.000000
2024-11-03 19:38: **********Val Epoch 6: average Loss: 41.289658
2024-11-03 19:38: *********************************Current best model saved!
2024-11-03 19:38: Train Epoch 7: 0/4 Loss: 44.362167
2024-11-03 19:38: **********Train Epoch 7: averaged Loss: 44.442780, tf_ratio: 1.000000
2024-11-03 19:38: **********Val Epoch 7: average Loss: 40.124027
2024-11-03 19:38: *********************************Current best model saved!
2024-11-03 19:38: Train Epoch 8: 0/4 Loss: 43.427586
2024-11-03 19:38: **********Train Epoch 8: averaged Loss: 43.247061, tf_ratio: 1.000000
2024-11-03 19:38: **********Val Epoch 8: average Loss: 39.079685
2024-11-03 19:38: *********************************Current best model saved!
2024-11-03 19:38: Train Epoch 9: 0/4 Loss: 42.247574
2024-11-03 19:38: **********Train Epoch 9: averaged Loss: 42.219688, tf_ratio: 1.000000
2024-11-03 19:38: **********Val Epoch 9: average Loss: 38.078514
2024-11-03 19:38: *********************************Current best model saved!
2024-11-03 19:38: Train Epoch 10: 0/4 Loss: 41.749519
2024-11-03 19:38: **********Train Epoch 10: averaged Loss: 41.240036, tf_ratio: 1.000000
2024-11-03 19:38: **********Val Epoch 10: average Loss: 37.101231
2024-11-03 19:38: *********************************Current best model saved!
2024-11-03 19:38: Train Epoch 11: 0/4 Loss: 40.918465
2024-11-03 19:38: **********Train Epoch 11: averaged Loss: 40.340811, tf_ratio: 1.000000
2024-11-03 19:38: **********Val Epoch 11: average Loss: 36.140251
2024-11-03 19:38: *********************************Current best model saved!
2024-11-03 19:38: Train Epoch 12: 0/4 Loss: 39.398224
2024-11-03 19:38: **********Train Epoch 12: averaged Loss: 39.246696, tf_ratio: 1.000000
2024-11-03 19:38: **********Val Epoch 12: average Loss: 35.199566
2024-11-03 19:38: *********************************Current best model saved!
2024-11-03 19:38: Train Epoch 13: 0/4 Loss: 39.645645
2024-11-03 19:38: **********Train Epoch 13: averaged Loss: 38.463247, tf_ratio: 1.000000
2024-11-03 19:38: **********Val Epoch 13: average Loss: 34.283253
2024-11-03 19:38: *********************************Current best model saved!
2024-11-03 19:38: Train Epoch 14: 0/4 Loss: 38.262192
2024-11-03 19:38: **********Train Epoch 14: averaged Loss: 37.472820, tf_ratio: 1.000000
2024-11-03 19:38: **********Val Epoch 14: average Loss: 33.394260
2024-11-03 19:38: *********************************Current best model saved!
2024-11-03 19:38: Train Epoch 15: 0/4 Loss: 37.817253
2024-11-03 19:38: **********Train Epoch 15: averaged Loss: 36.419320, tf_ratio: 1.000000
2024-11-03 19:38: **********Val Epoch 15: average Loss: 32.532944
2024-11-03 19:38: *********************************Current best model saved!
2024-11-03 19:38: Train Epoch 16: 0/4 Loss: 35.937733
2024-11-03 19:38: **********Train Epoch 16: averaged Loss: 35.717765, tf_ratio: 1.000000
2024-11-03 19:38: **********Val Epoch 16: average Loss: 31.700363
2024-11-03 19:38: *********************************Current best model saved!
2024-11-03 19:38: Train Epoch 17: 0/4 Loss: 35.691132
2024-11-03 19:38: **********Train Epoch 17: averaged Loss: 34.738309, tf_ratio: 1.000000
2024-11-03 19:38: **********Val Epoch 17: average Loss: 30.898880
2024-11-03 19:38: *********************************Current best model saved!
2024-11-03 19:38: Train Epoch 18: 0/4 Loss: 34.013538
2024-11-03 19:38: **********Train Epoch 18: averaged Loss: 34.037686, tf_ratio: 1.000000
2024-11-03 19:38: **********Val Epoch 18: average Loss: 30.128269
2024-11-03 19:38: *********************************Current best model saved!
2024-11-03 19:38: Train Epoch 19: 0/4 Loss: 32.629032
2024-11-03 19:38: **********Train Epoch 19: averaged Loss: 33.249848, tf_ratio: 1.000000
2024-11-03 19:38: **********Val Epoch 19: average Loss: 29.387218
2024-11-03 19:38: *********************************Current best model saved!
2024-11-03 19:38: Train Epoch 20: 0/4 Loss: 32.829357
2024-11-03 19:38: **********Train Epoch 20: averaged Loss: 32.503640, tf_ratio: 1.000000
2024-11-03 19:38: **********Val Epoch 20: average Loss: 28.674763
2024-11-03 19:38: *********************************Current best model saved!
2024-11-03 19:38: Train Epoch 21: 0/4 Loss: 31.777908
2024-11-03 19:38: **********Train Epoch 21: averaged Loss: 31.584857, tf_ratio: 1.000000
2024-11-03 19:38: **********Val Epoch 21: average Loss: 27.990871
2024-11-03 19:38: *********************************Current best model saved!
2024-11-03 19:38: Train Epoch 22: 0/4 Loss: 30.738316
2024-11-03 19:38: **********Train Epoch 22: averaged Loss: 30.905516, tf_ratio: 1.000000
2024-11-03 19:38: **********Val Epoch 22: average Loss: 27.334810
2024-11-03 19:38: *********************************Current best model saved!
2024-11-03 19:38: Train Epoch 23: 0/4 Loss: 30.307388
2024-11-03 19:38: **********Train Epoch 23: averaged Loss: 30.272638, tf_ratio: 1.000000
2024-11-03 19:38: **********Val Epoch 23: average Loss: 26.707317
2024-11-03 19:38: *********************************Current best model saved!
2024-11-03 19:38: Train Epoch 24: 0/4 Loss: 30.104773
2024-11-03 19:38: **********Train Epoch 24: averaged Loss: 29.645454, tf_ratio: 1.000000
2024-11-03 19:38: **********Val Epoch 24: average Loss: 26.107613
2024-11-03 19:38: *********************************Current best model saved!
2024-11-03 19:38: Train Epoch 25: 0/4 Loss: 30.206100
2024-11-03 19:38: **********Train Epoch 25: averaged Loss: 28.994284, tf_ratio: 1.000000
2024-11-03 19:38: **********Val Epoch 25: average Loss: 25.533672
2024-11-03 19:38: *********************************Current best model saved!
2024-11-03 19:38: Train Epoch 26: 0/4 Loss: 28.249155
2024-11-03 19:38: **********Train Epoch 26: averaged Loss: 28.304580, tf_ratio: 1.000000
2024-11-03 19:38: **********Val Epoch 26: average Loss: 24.986496
2024-11-03 19:38: *********************************Current best model saved!
2024-11-03 19:38: Train Epoch 27: 0/4 Loss: 28.098764
2024-11-03 19:38: **********Train Epoch 27: averaged Loss: 27.737659, tf_ratio: 1.000000
2024-11-03 19:38: **********Val Epoch 27: average Loss: 24.466402
2024-11-03 19:38: *********************************Current best model saved!
2024-11-03 19:38: Train Epoch 28: 0/4 Loss: 27.658178
2024-11-03 19:38: **********Train Epoch 28: averaged Loss: 27.238832, tf_ratio: 1.000000
2024-11-03 19:38: **********Val Epoch 28: average Loss: 23.971954
2024-11-03 19:38: *********************************Current best model saved!
2024-11-03 19:38: Train Epoch 29: 0/4 Loss: 26.902906
2024-11-03 19:38: **********Train Epoch 29: averaged Loss: 26.704895, tf_ratio: 1.000000
2024-11-03 19:38: **********Val Epoch 29: average Loss: 23.503908
2024-11-03 19:38: *********************************Current best model saved!
2024-11-03 19:38: Train Epoch 30: 0/4 Loss: 26.201889
2024-11-03 19:38: **********Train Epoch 30: averaged Loss: 26.061233, tf_ratio: 1.000000
2024-11-03 19:38: **********Val Epoch 30: average Loss: 23.063025
2024-11-03 19:38: *********************************Current best model saved!
2024-11-03 19:38: Train Epoch 31: 0/4 Loss: 25.473162
2024-11-03 19:38: **********Train Epoch 31: averaged Loss: 25.578423, tf_ratio: 1.000000
2024-11-03 19:38: **********Val Epoch 31: average Loss: 22.647263
2024-11-03 19:38: *********************************Current best model saved!
2024-11-03 19:38: Train Epoch 32: 0/4 Loss: 25.314516
2024-11-03 19:38: **********Train Epoch 32: averaged Loss: 25.155899, tf_ratio: 1.000000
2024-11-03 19:38: **********Val Epoch 32: average Loss: 22.255913
2024-11-03 19:38: *********************************Current best model saved!
2024-11-03 19:38: Train Epoch 33: 0/4 Loss: 24.535007
2024-11-03 19:38: **********Train Epoch 33: averaged Loss: 24.580733, tf_ratio: 1.000000
2024-11-03 19:38: **********Val Epoch 33: average Loss: 21.888580
2024-11-03 19:38: *********************************Current best model saved!
2024-11-03 19:38: Train Epoch 34: 0/4 Loss: 25.072020
2024-11-03 19:38: **********Train Epoch 34: averaged Loss: 24.322873, tf_ratio: 1.000000
2024-11-03 19:38: **********Val Epoch 34: average Loss: 21.542057
2024-11-03 19:38: *********************************Current best model saved!
2024-11-03 19:38: Train Epoch 35: 0/4 Loss: 24.340620
2024-11-03 19:38: **********Train Epoch 35: averaged Loss: 23.738095, tf_ratio: 1.000000
2024-11-03 19:38: **********Val Epoch 35: average Loss: 21.216129
2024-11-03 19:38: *********************************Current best model saved!
2024-11-03 19:38: Train Epoch 36: 0/4 Loss: 23.797178
2024-11-03 19:38: **********Train Epoch 36: averaged Loss: 23.647651, tf_ratio: 1.000000
2024-11-03 19:38: **********Val Epoch 36: average Loss: 20.909813
2024-11-03 19:38: *********************************Current best model saved!
2024-11-03 19:38: Train Epoch 37: 0/4 Loss: 23.213831
2024-11-03 19:38: **********Train Epoch 37: averaged Loss: 23.158507, tf_ratio: 1.000000
2024-11-03 19:38: **********Val Epoch 37: average Loss: 20.619814
2024-11-03 19:38: *********************************Current best model saved!
2024-11-03 19:38: Train Epoch 38: 0/4 Loss: 23.279543
2024-11-03 19:38: **********Train Epoch 38: averaged Loss: 22.855120, tf_ratio: 1.000000
2024-11-03 19:38: **********Val Epoch 38: average Loss: 20.346376
2024-11-03 19:38: *********************************Current best model saved!
2024-11-03 19:38: Train Epoch 39: 0/4 Loss: 22.144636
2024-11-03 19:38: **********Train Epoch 39: averaged Loss: 22.472472, tf_ratio: 1.000000
2024-11-03 19:38: **********Val Epoch 39: average Loss: 20.088810
2024-11-03 19:38: *********************************Current best model saved!
2024-11-03 19:38: Train Epoch 40: 0/4 Loss: 22.184971
2024-11-03 19:38: **********Train Epoch 40: averaged Loss: 22.239961, tf_ratio: 1.000000
2024-11-03 19:38: **********Val Epoch 40: average Loss: 19.844013
2024-11-03 19:38: *********************************Current best model saved!
2024-11-03 19:38: Train Epoch 41: 0/4 Loss: 21.401218
2024-11-03 19:38: **********Train Epoch 41: averaged Loss: 21.742391, tf_ratio: 1.000000
2024-11-03 19:38: **********Val Epoch 41: average Loss: 19.612024
2024-11-03 19:38: *********************************Current best model saved!
2024-11-03 19:38: Train Epoch 42: 0/4 Loss: 22.098124
2024-11-03 19:38: **********Train Epoch 42: averaged Loss: 21.629452, tf_ratio: 1.000000
2024-11-03 19:38: **********Val Epoch 42: average Loss: 19.391424
2024-11-03 19:38: *********************************Current best model saved!
2024-11-03 19:38: Train Epoch 43: 0/4 Loss: 21.424734
2024-11-03 19:38: **********Train Epoch 43: averaged Loss: 21.238253, tf_ratio: 1.000000
2024-11-03 19:38: **********Val Epoch 43: average Loss: 19.183519
2024-11-03 19:38: *********************************Current best model saved!
2024-11-03 19:38: Train Epoch 44: 0/4 Loss: 21.217281
2024-11-03 19:38: **********Train Epoch 44: averaged Loss: 21.006285, tf_ratio: 1.000000
2024-11-03 19:38: **********Val Epoch 44: average Loss: 18.987513
2024-11-03 19:38: *********************************Current best model saved!
2024-11-03 19:38: Train Epoch 45: 0/4 Loss: 21.107040
2024-11-03 19:38: **********Train Epoch 45: averaged Loss: 20.713847, tf_ratio: 1.000000
2024-11-03 19:38: **********Val Epoch 45: average Loss: 18.801439
2024-11-03 19:38: *********************************Current best model saved!
2024-11-03 19:38: Train Epoch 46: 0/4 Loss: 20.305336
2024-11-03 19:38: **********Train Epoch 46: averaged Loss: 20.505953, tf_ratio: 1.000000
2024-11-03 19:38: **********Val Epoch 46: average Loss: 18.626167
2024-11-03 19:38: *********************************Current best model saved!
2024-11-03 19:38: Train Epoch 47: 0/4 Loss: 20.835062
2024-11-03 19:38: **********Train Epoch 47: averaged Loss: 20.227429, tf_ratio: 1.000000
2024-11-03 19:38: **********Val Epoch 47: average Loss: 18.459442
2024-11-03 19:38: *********************************Current best model saved!
2024-11-03 19:38: Train Epoch 48: 0/4 Loss: 20.826895
2024-11-03 19:38: **********Train Epoch 48: averaged Loss: 19.997870, tf_ratio: 1.000000
2024-11-03 19:38: **********Val Epoch 48: average Loss: 18.301834
2024-11-03 19:38: *********************************Current best model saved!
2024-11-03 19:38: Train Epoch 49: 0/4 Loss: 19.889465
2024-11-03 19:38: **********Train Epoch 49: averaged Loss: 19.694935, tf_ratio: 1.000000
2024-11-03 19:38: **********Val Epoch 49: average Loss: 18.153166
2024-11-03 19:38: *********************************Current best model saved!
2024-11-03 19:38: Train Epoch 50: 0/4 Loss: 19.553919
2024-11-03 19:38: **********Train Epoch 50: averaged Loss: 19.510803, tf_ratio: 1.000000
2024-11-03 19:38: **********Val Epoch 50: average Loss: 18.012732
2024-11-03 19:38: *********************************Current best model saved!
2024-11-03 19:38: Train Epoch 51: 0/4 Loss: 19.670044
2024-11-03 19:38: **********Train Epoch 51: averaged Loss: 19.313637, tf_ratio: 1.000000
2024-11-03 19:38: **********Val Epoch 51: average Loss: 17.878992
2024-11-03 19:38: *********************************Current best model saved!
2024-11-03 19:38: Train Epoch 52: 0/4 Loss: 19.834942
2024-11-03 19:38: **********Train Epoch 52: averaged Loss: 19.136086, tf_ratio: 1.000000
2024-11-03 19:38: **********Val Epoch 52: average Loss: 17.751780
2024-11-03 19:38: *********************************Current best model saved!
2024-11-03 19:38: Train Epoch 53: 0/4 Loss: 19.299747
2024-11-03 19:38: **********Train Epoch 53: averaged Loss: 18.915844, tf_ratio: 1.000000
2024-11-03 19:38: **********Val Epoch 53: average Loss: 17.631611
2024-11-03 19:38: *********************************Current best model saved!
2024-11-03 19:38: Train Epoch 54: 0/4 Loss: 18.970306
2024-11-03 19:38: **********Train Epoch 54: averaged Loss: 18.774827, tf_ratio: 1.000000
2024-11-03 19:38: **********Val Epoch 54: average Loss: 17.517851
2024-11-03 19:38: *********************************Current best model saved!
2024-11-03 19:38: Train Epoch 55: 0/4 Loss: 18.720512
2024-11-03 19:38: **********Train Epoch 55: averaged Loss: 18.545989, tf_ratio: 1.000000
2024-11-03 19:38: **********Val Epoch 55: average Loss: 17.409210
2024-11-03 19:38: *********************************Current best model saved!
2024-11-03 19:38: Train Epoch 56: 0/4 Loss: 18.374926
2024-11-03 19:39: **********Train Epoch 56: averaged Loss: 18.375859, tf_ratio: 1.000000
2024-11-03 19:39: **********Val Epoch 56: average Loss: 17.306646
2024-11-03 19:39: *********************************Current best model saved!
2024-11-03 19:39: Train Epoch 57: 0/4 Loss: 18.463343
2024-11-03 19:39: **********Train Epoch 57: averaged Loss: 18.222055, tf_ratio: 1.000000
2024-11-03 19:39: **********Val Epoch 57: average Loss: 17.208494
2024-11-03 19:39: *********************************Current best model saved!
2024-11-03 19:39: Train Epoch 58: 0/4 Loss: 17.996820
2024-11-03 19:39: **********Train Epoch 58: averaged Loss: 18.078113, tf_ratio: 1.000000
2024-11-03 19:39: **********Val Epoch 58: average Loss: 17.115421
2024-11-03 19:39: *********************************Current best model saved!
2024-11-03 19:39: Train Epoch 59: 0/4 Loss: 17.852707
2024-11-03 19:39: **********Train Epoch 59: averaged Loss: 17.896286, tf_ratio: 1.000000
2024-11-03 19:39: **********Val Epoch 59: average Loss: 17.027994
2024-11-03 19:39: *********************************Current best model saved!
2024-11-03 19:39: Train Epoch 60: 0/4 Loss: 17.829210
2024-11-03 19:39: **********Train Epoch 60: averaged Loss: 17.768579, tf_ratio: 1.000000
2024-11-03 19:39: **********Val Epoch 60: average Loss: 16.945347
2024-11-03 19:39: *********************************Current best model saved!
2024-11-03 19:39: Train Epoch 61: 0/4 Loss: 18.114201
2024-11-03 19:39: **********Train Epoch 61: averaged Loss: 17.599959, tf_ratio: 1.000000
2024-11-03 19:39: **********Val Epoch 61: average Loss: 16.867290
2024-11-03 19:39: *********************************Current best model saved!
2024-11-03 19:39: Train Epoch 62: 0/4 Loss: 17.389334
2024-11-03 19:39: **********Train Epoch 62: averaged Loss: 17.457664, tf_ratio: 1.000000
2024-11-03 19:39: **********Val Epoch 62: average Loss: 16.794186
2024-11-03 19:39: *********************************Current best model saved!
2024-11-03 19:39: Train Epoch 63: 0/4 Loss: 17.273186
2024-11-03 19:39: **********Train Epoch 63: averaged Loss: 17.344602, tf_ratio: 1.000000
2024-11-03 19:39: **********Val Epoch 63: average Loss: 16.725080
2024-11-03 19:39: *********************************Current best model saved!
2024-11-03 19:39: Train Epoch 64: 0/4 Loss: 17.199427
2024-11-03 19:39: **********Train Epoch 64: averaged Loss: 17.239212, tf_ratio: 1.000000
2024-11-03 19:39: **********Val Epoch 64: average Loss: 16.659481
2024-11-03 19:39: *********************************Current best model saved!
2024-11-03 19:39: Train Epoch 65: 0/4 Loss: 17.325964
2024-11-03 19:39: **********Train Epoch 65: averaged Loss: 17.103225, tf_ratio: 1.000000
2024-11-03 19:39: **********Val Epoch 65: average Loss: 16.598352
2024-11-03 19:39: *********************************Current best model saved!
2024-11-03 19:39: Train Epoch 66: 0/4 Loss: 17.016521
2024-11-03 19:39: **********Train Epoch 66: averaged Loss: 16.953777, tf_ratio: 1.000000
2024-11-03 19:39: **********Val Epoch 66: average Loss: 16.540792
2024-11-03 19:39: *********************************Current best model saved!
2024-11-03 19:39: Train Epoch 67: 0/4 Loss: 17.018209
2024-11-03 19:39: **********Train Epoch 67: averaged Loss: 16.891911, tf_ratio: 1.000000
2024-11-03 19:39: **********Val Epoch 67: average Loss: 16.487684
2024-11-03 19:39: *********************************Current best model saved!
2024-11-03 19:39: Train Epoch 68: 0/4 Loss: 16.852345
2024-11-03 19:39: **********Train Epoch 68: averaged Loss: 16.705529, tf_ratio: 1.000000
2024-11-03 19:39: **********Val Epoch 68: average Loss: 16.438093
2024-11-03 19:39: *********************************Current best model saved!
2024-11-03 19:39: Train Epoch 69: 0/4 Loss: 16.594555
2024-11-03 19:39: **********Train Epoch 69: averaged Loss: 16.658590, tf_ratio: 1.000000
2024-11-03 19:39: **********Val Epoch 69: average Loss: 16.391951
2024-11-03 19:39: *********************************Current best model saved!
2024-11-03 19:39: Train Epoch 70: 0/4 Loss: 16.619131
2024-11-03 19:39: **********Train Epoch 70: averaged Loss: 16.529381, tf_ratio: 1.000000
2024-11-03 19:39: **********Val Epoch 70: average Loss: 16.348989
2024-11-03 19:39: *********************************Current best model saved!
2024-11-03 19:39: Train Epoch 71: 0/4 Loss: 16.451874
2024-11-03 19:39: **********Train Epoch 71: averaged Loss: 16.472313, tf_ratio: 1.000000
2024-11-03 19:39: **********Val Epoch 71: average Loss: 16.309278
2024-11-03 19:39: *********************************Current best model saved!
2024-11-03 19:39: Train Epoch 72: 0/4 Loss: 16.320570
2024-11-03 19:39: **********Train Epoch 72: averaged Loss: 16.387454, tf_ratio: 1.000000
2024-11-03 19:39: **********Val Epoch 72: average Loss: 16.272224
2024-11-03 19:39: *********************************Current best model saved!
2024-11-03 19:39: Train Epoch 73: 0/4 Loss: 16.339222
2024-11-03 19:39: **********Train Epoch 73: averaged Loss: 16.294625, tf_ratio: 1.000000
2024-11-03 19:39: **********Val Epoch 73: average Loss: 16.238125
2024-11-03 19:39: *********************************Current best model saved!
2024-11-03 19:39: Train Epoch 74: 0/4 Loss: 16.124329
2024-11-03 19:39: **********Train Epoch 74: averaged Loss: 16.216826, tf_ratio: 1.000000
2024-11-03 19:39: **********Val Epoch 74: average Loss: 16.206249
2024-11-03 19:39: *********************************Current best model saved!
2024-11-03 19:39: Train Epoch 75: 0/4 Loss: 16.428999
2024-11-03 19:39: **********Train Epoch 75: averaged Loss: 16.122561, tf_ratio: 1.000000
2024-11-03 19:39: **********Val Epoch 75: average Loss: 16.177023
2024-11-03 19:39: *********************************Current best model saved!
2024-11-03 19:39: Train Epoch 76: 0/4 Loss: 15.975175
2024-11-03 19:39: **********Train Epoch 76: averaged Loss: 16.037821, tf_ratio: 1.000000
2024-11-03 19:39: **********Val Epoch 76: average Loss: 16.150970
2024-11-03 19:39: *********************************Current best model saved!
2024-11-03 19:39: Train Epoch 77: 0/4 Loss: 16.044622
2024-11-03 19:39: **********Train Epoch 77: averaged Loss: 15.984115, tf_ratio: 1.000000
2024-11-03 19:39: **********Val Epoch 77: average Loss: 16.127203
2024-11-03 19:39: *********************************Current best model saved!
2024-11-03 19:39: Train Epoch 78: 0/4 Loss: 15.946530
2024-11-03 19:39: **********Train Epoch 78: averaged Loss: 15.950637, tf_ratio: 1.000000
2024-11-03 19:39: **********Val Epoch 78: average Loss: 16.105898
2024-11-03 19:39: *********************************Current best model saved!
2024-11-03 19:39: Train Epoch 79: 0/4 Loss: 15.876651
2024-11-03 19:39: **********Train Epoch 79: averaged Loss: 15.859810, tf_ratio: 1.000000
2024-11-03 19:39: **********Val Epoch 79: average Loss: 16.087139
2024-11-03 19:39: *********************************Current best model saved!
2024-11-03 19:39: Train Epoch 80: 0/4 Loss: 15.825458
2024-11-03 19:39: **********Train Epoch 80: averaged Loss: 15.784137, tf_ratio: 1.000000
2024-11-03 19:39: **********Val Epoch 80: average Loss: 16.070545
2024-11-03 19:39: *********************************Current best model saved!
2024-11-03 19:39: Train Epoch 81: 0/4 Loss: 15.788734
2024-11-03 19:39: **********Train Epoch 81: averaged Loss: 15.763732, tf_ratio: 1.000000
2024-11-03 19:39: **********Val Epoch 81: average Loss: 16.055977
2024-11-03 19:39: *********************************Current best model saved!
2024-11-03 19:39: Train Epoch 82: 0/4 Loss: 15.839169
2024-11-03 19:39: **********Train Epoch 82: averaged Loss: 15.713990, tf_ratio: 1.000000
2024-11-03 19:39: **********Val Epoch 82: average Loss: 16.043858
2024-11-03 19:39: *********************************Current best model saved!
2024-11-03 19:39: Train Epoch 83: 0/4 Loss: 15.741765
2024-11-03 19:39: **********Train Epoch 83: averaged Loss: 15.591223, tf_ratio: 1.000000
2024-11-03 19:39: **********Val Epoch 83: average Loss: 16.033667
2024-11-03 19:39: *********************************Current best model saved!
2024-11-03 19:39: Train Epoch 84: 0/4 Loss: 15.691174
2024-11-03 19:39: **********Train Epoch 84: averaged Loss: 15.578446, tf_ratio: 1.000000
2024-11-03 19:39: **********Val Epoch 84: average Loss: 16.025249
2024-11-03 19:39: *********************************Current best model saved!
2024-11-03 19:39: Train Epoch 85: 0/4 Loss: 15.934299
2024-11-03 19:39: **********Train Epoch 85: averaged Loss: 15.546259, tf_ratio: 1.000000
2024-11-03 19:39: **********Val Epoch 85: average Loss: 16.018507
2024-11-03 19:39: *********************************Current best model saved!
2024-11-03 19:39: Train Epoch 86: 0/4 Loss: 15.365117
2024-11-03 19:39: **********Train Epoch 86: averaged Loss: 15.492200, tf_ratio: 1.000000
2024-11-03 19:39: **********Val Epoch 86: average Loss: 16.013441
2024-11-03 19:39: *********************************Current best model saved!
2024-11-03 19:39: Train Epoch 87: 0/4 Loss: 15.516699
2024-11-03 19:39: **********Train Epoch 87: averaged Loss: 15.464689, tf_ratio: 1.000000
2024-11-03 19:39: **********Val Epoch 87: average Loss: 16.009939
2024-11-03 19:39: *********************************Current best model saved!
2024-11-03 19:39: Train Epoch 88: 0/4 Loss: 15.494773
2024-11-03 19:39: **********Train Epoch 88: averaged Loss: 15.401983, tf_ratio: 1.000000
2024-11-03 19:39: **********Val Epoch 88: average Loss: 16.007740
2024-11-03 19:39: *********************************Current best model saved!
2024-11-03 19:39: Train Epoch 89: 0/4 Loss: 15.449547
2024-11-03 19:39: **********Train Epoch 89: averaged Loss: 15.395003, tf_ratio: 1.000000
2024-11-03 19:39: **********Val Epoch 89: average Loss: 16.006721
2024-11-03 19:39: *********************************Current best model saved!
2024-11-03 19:39: Train Epoch 90: 0/4 Loss: 15.338841
2024-11-03 19:39: **********Train Epoch 90: averaged Loss: 15.385840, tf_ratio: 1.000000
2024-11-03 19:39: **********Val Epoch 90: average Loss: 16.006720
2024-11-03 19:39: *********************************Current best model saved!
2024-11-03 19:39: Train Epoch 91: 0/4 Loss: 15.403809
2024-11-03 19:39: **********Train Epoch 91: averaged Loss: 15.284945, tf_ratio: 1.000000
2024-11-03 19:39: **********Val Epoch 91: average Loss: 16.007612
2024-11-03 19:39: Train Epoch 92: 0/4 Loss: 15.292148
2024-11-03 19:39: **********Train Epoch 92: averaged Loss: 15.305934, tf_ratio: 1.000000
2024-11-03 19:39: **********Val Epoch 92: average Loss: 16.009380
2024-11-03 19:39: Train Epoch 93: 0/4 Loss: 15.380816
2024-11-03 19:39: **********Train Epoch 93: averaged Loss: 15.270762, tf_ratio: 1.000000
2024-11-03 19:39: **********Val Epoch 93: average Loss: 16.011963
2024-11-03 19:39: Train Epoch 94: 0/4 Loss: 15.597999
2024-11-03 19:39: **********Train Epoch 94: averaged Loss: 15.215719, tf_ratio: 1.000000
2024-11-03 19:39: **********Val Epoch 94: average Loss: 16.015373
2024-11-03 19:39: Train Epoch 95: 0/4 Loss: 15.077120
2024-11-03 19:39: **********Train Epoch 95: averaged Loss: 15.188977, tf_ratio: 1.000000
2024-11-03 19:39: **********Val Epoch 95: average Loss: 16.019756
2024-11-03 19:39: Train Epoch 96: 0/4 Loss: 15.186995
2024-11-03 19:39: **********Train Epoch 96: averaged Loss: 15.215953, tf_ratio: 1.000000
2024-11-03 19:39: **********Val Epoch 96: average Loss: 16.025019
2024-11-03 19:39: Train Epoch 97: 0/4 Loss: 15.166815
2024-11-03 19:39: **********Train Epoch 97: averaged Loss: 15.133024, tf_ratio: 1.000000
2024-11-03 19:39: **********Val Epoch 97: average Loss: 16.031036
2024-11-03 19:39: Train Epoch 98: 0/4 Loss: 15.214514
2024-11-03 19:39: **********Train Epoch 98: averaged Loss: 15.170447, tf_ratio: 1.000000
2024-11-03 19:39: **********Val Epoch 98: average Loss: 16.037817
2024-11-03 19:39: Train Epoch 99: 0/4 Loss: 15.310591
2024-11-03 19:39: **********Train Epoch 99: averaged Loss: 15.174724, tf_ratio: 1.000000
2024-11-03 19:39: **********Val Epoch 99: average Loss: 16.045219
2024-11-03 19:39: Train Epoch 100: 0/4 Loss: 15.066302
2024-11-03 19:39: **********Train Epoch 100: averaged Loss: 15.174214, tf_ratio: 1.000000
2024-11-03 19:39: **********Val Epoch 100: average Loss: 16.053131
2024-11-03 19:39: Total training time: 0.8326min, best loss: 16.006720
2024-11-03 19:39: Saving current best model to /root/AGCRN/model/experiments/HOURS/data18/10/20241103193831/best_model.pth
2024-11-03 19:39: Horizon 01, MAE: 15.48, RMSE: 18.32, MAPE: 56.8717%
2024-11-03 19:39: Horizon 02, MAE: 15.45, RMSE: 18.24, MAPE: 56.4321%
2024-11-03 19:39: Horizon 03, MAE: 15.40, RMSE: 18.25, MAPE: 56.3296%
2024-11-03 19:39: Horizon 04, MAE: 15.38, RMSE: 18.06, MAPE: 55.4233%
2024-11-03 19:39: Horizon 05, MAE: 15.34, RMSE: 18.05, MAPE: 55.2223%
2024-11-03 19:39: Horizon 06, MAE: 15.29, RMSE: 18.10, MAPE: 55.3428%
2024-11-03 19:39: Horizon 07, MAE: 15.26, RMSE: 18.05, MAPE: 54.9755%
2024-11-03 19:39: Horizon 08, MAE: 15.24, RMSE: 18.00, MAPE: 54.6578%
2024-11-03 19:39: Horizon 09, MAE: 15.24, RMSE: 17.91, MAPE: 54.1807%
2024-11-03 19:39: Horizon 10, MAE: 15.24, RMSE: 17.84, MAPE: 53.8144%
2024-11-03 19:39: Horizon 11, MAE: 15.15, RMSE: 17.81, MAPE: 53.4037%
2024-11-03 19:39: Horizon 12, MAE: 15.09, RMSE: 17.67, MAPE: 52.5205%
2024-11-03 19:39: Average Horizon, MAE: 15.30, RMSE: 18.02, MAPE: 54.9312%
