2024-11-03 19:41: Experiment log path in: /root/AGCRN/model/experiments/HOURS/data21/10/20241103194106
2024-11-03 19:41: Train Epoch 1: 0/4 Loss: 66.151337
2024-11-03 19:41: **********Train Epoch 1: averaged Loss: 66.127863, tf_ratio: 1.000000
2024-11-03 19:41: **********Val Epoch 1: average Loss: 65.144112
2024-11-03 19:41: *********************************Current best model saved!
2024-11-03 19:41: Train Epoch 2: 0/4 Loss: 66.107841
2024-11-03 19:41: **********Train Epoch 2: averaged Loss: 66.116684, tf_ratio: 1.000000
2024-11-03 19:41: **********Val Epoch 2: average Loss: 65.063370
2024-11-03 19:41: *********************************Current best model saved!
2024-11-03 19:41: Train Epoch 3: 0/4 Loss: 66.020706
2024-11-03 19:41: **********Train Epoch 3: averaged Loss: 65.963451, tf_ratio: 1.000000
2024-11-03 19:41: **********Val Epoch 3: average Loss: 64.824593
2024-11-03 19:41: *********************************Current best model saved!
2024-11-03 19:41: Train Epoch 4: 0/4 Loss: 65.824059
2024-11-03 19:41: **********Train Epoch 4: averaged Loss: 65.524721, tf_ratio: 1.000000
2024-11-03 19:41: **********Val Epoch 4: average Loss: 63.831997
2024-11-03 19:41: *********************************Current best model saved!
2024-11-03 19:41: Train Epoch 5: 0/4 Loss: 64.633133
2024-11-03 19:41: **********Train Epoch 5: averaged Loss: 64.026829, tf_ratio: 1.000000
2024-11-03 19:41: **********Val Epoch 5: average Loss: 61.948498
2024-11-03 19:41: *********************************Current best model saved!
2024-11-03 19:41: Train Epoch 6: 0/4 Loss: 62.816658
2024-11-03 19:41: **********Train Epoch 6: averaged Loss: 62.301978, tf_ratio: 1.000000
2024-11-03 19:41: **********Val Epoch 6: average Loss: 60.462822
2024-11-03 19:41: *********************************Current best model saved!
2024-11-03 19:41: Train Epoch 7: 0/4 Loss: 61.355236
2024-11-03 19:41: **********Train Epoch 7: averaged Loss: 60.998677, tf_ratio: 1.000000
2024-11-03 19:41: **********Val Epoch 7: average Loss: 59.290440
2024-11-03 19:41: *********************************Current best model saved!
2024-11-03 19:41: Train Epoch 8: 0/4 Loss: 60.163082
2024-11-03 19:41: **********Train Epoch 8: averaged Loss: 59.865744, tf_ratio: 1.000000
2024-11-03 19:41: **********Val Epoch 8: average Loss: 58.234295
2024-11-03 19:41: *********************************Current best model saved!
2024-11-03 19:41: Train Epoch 9: 0/4 Loss: 59.148277
2024-11-03 19:41: **********Train Epoch 9: averaged Loss: 58.823742, tf_ratio: 1.000000
2024-11-03 19:41: **********Val Epoch 9: average Loss: 57.218990
2024-11-03 19:41: *********************************Current best model saved!
2024-11-03 19:41: Train Epoch 10: 0/4 Loss: 58.280087
2024-11-03 19:41: **********Train Epoch 10: averaged Loss: 57.833633, tf_ratio: 1.000000
2024-11-03 19:41: **********Val Epoch 10: average Loss: 56.221752
2024-11-03 19:41: *********************************Current best model saved!
2024-11-03 19:41: Train Epoch 11: 0/4 Loss: 57.240452
2024-11-03 19:41: **********Train Epoch 11: averaged Loss: 56.835900, tf_ratio: 1.000000
2024-11-03 19:41: **********Val Epoch 11: average Loss: 55.233383
2024-11-03 19:41: *********************************Current best model saved!
2024-11-03 19:41: Train Epoch 12: 0/4 Loss: 56.186291
2024-11-03 19:41: **********Train Epoch 12: averaged Loss: 55.812231, tf_ratio: 1.000000
2024-11-03 19:41: **********Val Epoch 12: average Loss: 54.255779
2024-11-03 19:41: *********************************Current best model saved!
2024-11-03 19:41: Train Epoch 13: 0/4 Loss: 55.307350
2024-11-03 19:41: **********Train Epoch 13: averaged Loss: 54.855408, tf_ratio: 1.000000
2024-11-03 19:41: **********Val Epoch 13: average Loss: 53.290211
2024-11-03 19:41: *********************************Current best model saved!
2024-11-03 19:41: Train Epoch 14: 0/4 Loss: 54.313778
2024-11-03 19:41: **********Train Epoch 14: averaged Loss: 53.901464, tf_ratio: 1.000000
2024-11-03 19:41: **********Val Epoch 14: average Loss: 52.336864
2024-11-03 19:41: *********************************Current best model saved!
2024-11-03 19:41: Train Epoch 15: 0/4 Loss: 53.452274
2024-11-03 19:41: **********Train Epoch 15: averaged Loss: 52.942558, tf_ratio: 1.000000
2024-11-03 19:41: **********Val Epoch 15: average Loss: 51.395290
2024-11-03 19:41: *********************************Current best model saved!
2024-11-03 19:41: Train Epoch 16: 0/4 Loss: 52.314888
2024-11-03 19:41: **********Train Epoch 16: averaged Loss: 52.039009, tf_ratio: 1.000000
2024-11-03 19:41: **********Val Epoch 16: average Loss: 50.464760
2024-11-03 19:41: *********************************Current best model saved!
2024-11-03 19:41: Train Epoch 17: 0/4 Loss: 51.546982
2024-11-03 19:41: **********Train Epoch 17: averaged Loss: 51.088876, tf_ratio: 1.000000
2024-11-03 19:41: **********Val Epoch 17: average Loss: 49.544579
2024-11-03 19:41: *********************************Current best model saved!
2024-11-03 19:41: Train Epoch 18: 0/4 Loss: 50.476589
2024-11-03 19:41: **********Train Epoch 18: averaged Loss: 50.180278, tf_ratio: 1.000000
2024-11-03 19:41: **********Val Epoch 18: average Loss: 48.633839
2024-11-03 19:41: *********************************Current best model saved!
2024-11-03 19:41: Train Epoch 19: 0/4 Loss: 49.504089
2024-11-03 19:41: **********Train Epoch 19: averaged Loss: 49.275358, tf_ratio: 1.000000
2024-11-03 19:41: **********Val Epoch 19: average Loss: 47.731560
2024-11-03 19:41: *********************************Current best model saved!
2024-11-03 19:41: Train Epoch 20: 0/4 Loss: 48.731495
2024-11-03 19:41: **********Train Epoch 20: averaged Loss: 48.370910, tf_ratio: 1.000000
2024-11-03 19:41: **********Val Epoch 20: average Loss: 46.836903
2024-11-03 19:41: *********************************Current best model saved!
2024-11-03 19:41: Train Epoch 21: 0/4 Loss: 47.750370
2024-11-03 19:41: **********Train Epoch 21: averaged Loss: 47.459773, tf_ratio: 1.000000
2024-11-03 19:41: **********Val Epoch 21: average Loss: 45.949142
2024-11-03 19:41: *********************************Current best model saved!
2024-11-03 19:41: Train Epoch 22: 0/4 Loss: 46.909740
2024-11-03 19:41: **********Train Epoch 22: averaged Loss: 46.546167, tf_ratio: 1.000000
2024-11-03 19:41: **********Val Epoch 22: average Loss: 45.068165
2024-11-03 19:41: *********************************Current best model saved!
2024-11-03 19:41: Train Epoch 23: 0/4 Loss: 46.031433
2024-11-03 19:41: **********Train Epoch 23: averaged Loss: 45.693160, tf_ratio: 1.000000
2024-11-03 19:41: **********Val Epoch 23: average Loss: 44.193394
2024-11-03 19:41: *********************************Current best model saved!
2024-11-03 19:41: Train Epoch 24: 0/4 Loss: 45.147324
2024-11-03 19:41: **********Train Epoch 24: averaged Loss: 44.831164, tf_ratio: 1.000000
2024-11-03 19:41: **********Val Epoch 24: average Loss: 43.324009
2024-11-03 19:41: *********************************Current best model saved!
2024-11-03 19:41: Train Epoch 25: 0/4 Loss: 44.307732
2024-11-03 19:41: **********Train Epoch 25: averaged Loss: 43.966319, tf_ratio: 1.000000
2024-11-03 19:41: **********Val Epoch 25: average Loss: 42.459492
2024-11-03 19:41: *********************************Current best model saved!
2024-11-03 19:41: Train Epoch 26: 0/4 Loss: 43.374039
2024-11-03 19:41: **********Train Epoch 26: averaged Loss: 43.074728, tf_ratio: 1.000000
2024-11-03 19:41: **********Val Epoch 26: average Loss: 41.599506
2024-11-03 19:41: *********************************Current best model saved!
2024-11-03 19:41: Train Epoch 27: 0/4 Loss: 42.530315
2024-11-03 19:41: **********Train Epoch 27: averaged Loss: 42.219077, tf_ratio: 1.000000
2024-11-03 19:41: **********Val Epoch 27: average Loss: 40.743633
2024-11-03 19:41: *********************************Current best model saved!
2024-11-03 19:41: Train Epoch 28: 0/4 Loss: 41.617546
2024-11-03 19:41: **********Train Epoch 28: averaged Loss: 41.375185, tf_ratio: 1.000000
2024-11-03 19:41: **********Val Epoch 28: average Loss: 39.891483
2024-11-03 19:41: *********************************Current best model saved!
2024-11-03 19:41: Train Epoch 29: 0/4 Loss: 40.879604
2024-11-03 19:41: **********Train Epoch 29: averaged Loss: 40.533303, tf_ratio: 1.000000
2024-11-03 19:41: **********Val Epoch 29: average Loss: 39.042786
2024-11-03 19:41: *********************************Current best model saved!
2024-11-03 19:41: Train Epoch 30: 0/4 Loss: 39.996342
2024-11-03 19:41: **********Train Epoch 30: averaged Loss: 39.651755, tf_ratio: 1.000000
2024-11-03 19:41: **********Val Epoch 30: average Loss: 38.197445
2024-11-03 19:41: *********************************Current best model saved!
2024-11-03 19:41: Train Epoch 31: 0/4 Loss: 39.110855
2024-11-03 19:41: **********Train Epoch 31: averaged Loss: 38.805586, tf_ratio: 1.000000
2024-11-03 19:41: **********Val Epoch 31: average Loss: 37.355419
2024-11-03 19:41: *********************************Current best model saved!
2024-11-03 19:41: Train Epoch 32: 0/4 Loss: 38.279312
2024-11-03 19:41: **********Train Epoch 32: averaged Loss: 37.943799, tf_ratio: 1.000000
2024-11-03 19:41: **********Val Epoch 32: average Loss: 36.516582
2024-11-03 19:41: *********************************Current best model saved!
2024-11-03 19:41: Train Epoch 33: 0/4 Loss: 37.418789
2024-11-03 19:41: **********Train Epoch 33: averaged Loss: 37.100745, tf_ratio: 1.000000
2024-11-03 19:41: **********Val Epoch 33: average Loss: 35.680965
2024-11-03 19:41: *********************************Current best model saved!
2024-11-03 19:41: Train Epoch 34: 0/4 Loss: 36.686996
2024-11-03 19:41: **********Train Epoch 34: averaged Loss: 36.296453, tf_ratio: 1.000000
2024-11-03 19:41: **********Val Epoch 34: average Loss: 34.848408
2024-11-03 19:41: *********************************Current best model saved!
2024-11-03 19:41: Train Epoch 35: 0/4 Loss: 35.887234
2024-11-03 19:41: **********Train Epoch 35: averaged Loss: 35.444435, tf_ratio: 1.000000
2024-11-03 19:41: **********Val Epoch 35: average Loss: 34.018898
2024-11-03 19:41: *********************************Current best model saved!
2024-11-03 19:41: Train Epoch 36: 0/4 Loss: 34.949406
2024-11-03 19:41: **********Train Epoch 36: averaged Loss: 34.637920, tf_ratio: 1.000000
2024-11-03 19:41: **********Val Epoch 36: average Loss: 33.192554
2024-11-03 19:41: *********************************Current best model saved!
2024-11-03 19:41: Train Epoch 37: 0/4 Loss: 34.159019
2024-11-03 19:41: **********Train Epoch 37: averaged Loss: 33.799477, tf_ratio: 1.000000
2024-11-03 19:41: **********Val Epoch 37: average Loss: 32.369503
2024-11-03 19:41: *********************************Current best model saved!
2024-11-03 19:41: Train Epoch 38: 0/4 Loss: 33.367840
2024-11-03 19:41: **********Train Epoch 38: averaged Loss: 32.966858, tf_ratio: 1.000000
2024-11-03 19:41: **********Val Epoch 38: average Loss: 31.549803
2024-11-03 19:41: *********************************Current best model saved!
2024-11-03 19:41: Train Epoch 39: 0/4 Loss: 32.536873
2024-11-03 19:41: **********Train Epoch 39: averaged Loss: 32.153385, tf_ratio: 1.000000
2024-11-03 19:41: **********Val Epoch 39: average Loss: 30.733664
2024-11-03 19:41: *********************************Current best model saved!
2024-11-03 19:41: Train Epoch 40: 0/4 Loss: 31.589918
2024-11-03 19:41: **********Train Epoch 40: averaged Loss: 31.321106, tf_ratio: 1.000000
2024-11-03 19:41: **********Val Epoch 40: average Loss: 29.920794
2024-11-03 19:41: *********************************Current best model saved!
2024-11-03 19:41: Train Epoch 41: 0/4 Loss: 30.781042
2024-11-03 19:41: **********Train Epoch 41: averaged Loss: 30.467933, tf_ratio: 1.000000
2024-11-03 19:41: **********Val Epoch 41: average Loss: 29.110758
2024-11-03 19:41: *********************************Current best model saved!
2024-11-03 19:41: Train Epoch 42: 0/4 Loss: 30.029766
2024-11-03 19:41: **********Train Epoch 42: averaged Loss: 29.689188, tf_ratio: 1.000000
2024-11-03 19:41: **********Val Epoch 42: average Loss: 28.303215
2024-11-03 19:41: *********************************Current best model saved!
2024-11-03 19:41: Train Epoch 43: 0/4 Loss: 29.164604
2024-11-03 19:41: **********Train Epoch 43: averaged Loss: 28.843229, tf_ratio: 1.000000
2024-11-03 19:41: **********Val Epoch 43: average Loss: 27.498087
2024-11-03 19:41: *********************************Current best model saved!
2024-11-03 19:41: Train Epoch 44: 0/4 Loss: 28.453419
2024-11-03 19:41: **********Train Epoch 44: averaged Loss: 28.040585, tf_ratio: 1.000000
2024-11-03 19:41: **********Val Epoch 44: average Loss: 26.695265
2024-11-03 19:41: *********************************Current best model saved!
2024-11-03 19:41: Train Epoch 45: 0/4 Loss: 27.649849
2024-11-03 19:41: **********Train Epoch 45: averaged Loss: 27.246438, tf_ratio: 1.000000
2024-11-03 19:41: **********Val Epoch 45: average Loss: 25.894663
2024-11-03 19:41: *********************************Current best model saved!
2024-11-03 19:41: Train Epoch 46: 0/4 Loss: 26.582836
2024-11-03 19:41: **********Train Epoch 46: averaged Loss: 26.424231, tf_ratio: 1.000000
2024-11-03 19:41: **********Val Epoch 46: average Loss: 25.096563
2024-11-03 19:41: *********************************Current best model saved!
2024-11-03 19:41: Train Epoch 47: 0/4 Loss: 26.025217
2024-11-03 19:41: **********Train Epoch 47: averaged Loss: 25.592664, tf_ratio: 1.000000
2024-11-03 19:41: **********Val Epoch 47: average Loss: 24.301241
2024-11-03 19:41: *********************************Current best model saved!
2024-11-03 19:41: Train Epoch 48: 0/4 Loss: 25.215902
2024-11-03 19:41: **********Train Epoch 48: averaged Loss: 24.796950, tf_ratio: 1.000000
2024-11-03 19:41: **********Val Epoch 48: average Loss: 23.508482
2024-11-03 19:41: *********************************Current best model saved!
2024-11-03 19:41: Train Epoch 49: 0/4 Loss: 24.206520
2024-11-03 19:41: **********Train Epoch 49: averaged Loss: 23.976383, tf_ratio: 1.000000
2024-11-03 19:41: **********Val Epoch 49: average Loss: 22.717850
2024-11-03 19:41: *********************************Current best model saved!
2024-11-03 19:41: Train Epoch 50: 0/4 Loss: 23.472637
2024-11-03 19:41: **********Train Epoch 50: averaged Loss: 23.192894, tf_ratio: 1.000000
2024-11-03 19:41: **********Val Epoch 50: average Loss: 21.929050
2024-11-03 19:41: *********************************Current best model saved!
2024-11-03 19:41: Train Epoch 51: 0/4 Loss: 22.751659
2024-11-03 19:41: **********Train Epoch 51: averaged Loss: 22.372418, tf_ratio: 1.000000
2024-11-03 19:41: **********Val Epoch 51: average Loss: 21.142391
2024-11-03 19:41: *********************************Current best model saved!
2024-11-03 19:41: Train Epoch 52: 0/4 Loss: 21.967640
2024-11-03 19:41: **********Train Epoch 52: averaged Loss: 21.620762, tf_ratio: 1.000000
2024-11-03 19:41: **********Val Epoch 52: average Loss: 20.358139
2024-11-03 19:41: *********************************Current best model saved!
2024-11-03 19:41: Train Epoch 53: 0/4 Loss: 21.155174
2024-11-03 19:41: **********Train Epoch 53: averaged Loss: 20.786289, tf_ratio: 1.000000
2024-11-03 19:41: **********Val Epoch 53: average Loss: 19.576252
2024-11-03 19:41: *********************************Current best model saved!
2024-11-03 19:41: Train Epoch 54: 0/4 Loss: 20.325243
2024-11-03 19:41: **********Train Epoch 54: averaged Loss: 19.994992, tf_ratio: 1.000000
2024-11-03 19:41: **********Val Epoch 54: average Loss: 18.797375
2024-11-03 19:41: *********************************Current best model saved!
2024-11-03 19:41: Train Epoch 55: 0/4 Loss: 19.485971
2024-11-03 19:41: **********Train Epoch 55: averaged Loss: 19.202401, tf_ratio: 1.000000
2024-11-03 19:41: **********Val Epoch 55: average Loss: 18.021391
2024-11-03 19:41: *********************************Current best model saved!
2024-11-03 19:41: Train Epoch 56: 0/4 Loss: 18.636368
2024-11-03 19:41: **********Train Epoch 56: averaged Loss: 18.401825, tf_ratio: 1.000000
2024-11-03 19:41: **********Val Epoch 56: average Loss: 17.248745
2024-11-03 19:41: *********************************Current best model saved!
2024-11-03 19:41: Train Epoch 57: 0/4 Loss: 17.965385
2024-11-03 19:41: **********Train Epoch 57: averaged Loss: 17.627484, tf_ratio: 1.000000
2024-11-03 19:41: **********Val Epoch 57: average Loss: 16.479317
2024-11-03 19:41: *********************************Current best model saved!
2024-11-03 19:41: Train Epoch 58: 0/4 Loss: 17.084179
2024-11-03 19:41: **********Train Epoch 58: averaged Loss: 16.855296, tf_ratio: 1.000000
2024-11-03 19:41: **********Val Epoch 58: average Loss: 15.713465
2024-11-03 19:41: *********************************Current best model saved!
2024-11-03 19:41: Train Epoch 59: 0/4 Loss: 16.342831
2024-11-03 19:41: **********Train Epoch 59: averaged Loss: 16.041849, tf_ratio: 1.000000
2024-11-03 19:41: **********Val Epoch 59: average Loss: 14.951298
2024-11-03 19:41: *********************************Current best model saved!
2024-11-03 19:41: Train Epoch 60: 0/4 Loss: 15.602993
2024-11-03 19:41: **********Train Epoch 60: averaged Loss: 15.274709, tf_ratio: 1.000000
2024-11-03 19:41: **********Val Epoch 60: average Loss: 14.192868
2024-11-03 19:41: *********************************Current best model saved!
2024-11-03 19:41: Train Epoch 61: 0/4 Loss: 14.843618
2024-11-03 19:41: **********Train Epoch 61: averaged Loss: 14.495560, tf_ratio: 1.000000
2024-11-03 19:41: **********Val Epoch 61: average Loss: 13.438700
2024-11-03 19:41: *********************************Current best model saved!
2024-11-03 19:41: Train Epoch 62: 0/4 Loss: 14.019684
2024-11-03 19:41: **********Train Epoch 62: averaged Loss: 13.726775, tf_ratio: 1.000000
2024-11-03 19:41: **********Val Epoch 62: average Loss: 12.688950
2024-11-03 19:41: *********************************Current best model saved!
2024-11-03 19:41: Train Epoch 63: 0/4 Loss: 13.181972
2024-11-03 19:41: **********Train Epoch 63: averaged Loss: 12.962905, tf_ratio: 1.000000
2024-11-03 19:41: **********Val Epoch 63: average Loss: 11.944236
2024-11-03 19:41: *********************************Current best model saved!
2024-11-03 19:41: Train Epoch 64: 0/4 Loss: 12.515079
2024-11-03 19:41: **********Train Epoch 64: averaged Loss: 12.192804, tf_ratio: 1.000000
2024-11-03 19:41: **********Val Epoch 64: average Loss: 11.204512
2024-11-03 19:41: *********************************Current best model saved!
2024-11-03 19:41: Train Epoch 65: 0/4 Loss: 11.665441
2024-11-03 19:41: **********Train Epoch 65: averaged Loss: 11.436297, tf_ratio: 1.000000
2024-11-03 19:41: **********Val Epoch 65: average Loss: 10.471008
2024-11-03 19:41: *********************************Current best model saved!
2024-11-03 19:41: Train Epoch 66: 0/4 Loss: 11.015025
2024-11-03 19:41: **********Train Epoch 66: averaged Loss: 10.650447, tf_ratio: 1.000000
2024-11-03 19:41: **********Val Epoch 66: average Loss: 9.743980
2024-11-03 19:41: *********************************Current best model saved!
2024-11-03 19:41: Train Epoch 67: 0/4 Loss: 10.272749
2024-11-03 19:41: **********Train Epoch 67: averaged Loss: 9.924864, tf_ratio: 1.000000
2024-11-03 19:41: **********Val Epoch 67: average Loss: 9.024498
2024-11-03 19:41: *********************************Current best model saved!
2024-11-03 19:41: Train Epoch 68: 0/4 Loss: 9.487306
2024-11-03 19:41: **********Train Epoch 68: averaged Loss: 9.185962, tf_ratio: 1.000000
2024-11-03 19:41: **********Val Epoch 68: average Loss: 8.313103
2024-11-03 19:41: *********************************Current best model saved!
2024-11-03 19:41: Train Epoch 69: 0/4 Loss: 8.707076
2024-11-03 19:41: **********Train Epoch 69: averaged Loss: 8.440816, tf_ratio: 1.000000
2024-11-03 19:41: **********Val Epoch 69: average Loss: 7.613317
2024-11-03 19:41: *********************************Current best model saved!
2024-11-03 19:41: Train Epoch 70: 0/4 Loss: 8.061156
2024-11-03 19:41: **********Train Epoch 70: averaged Loss: 7.692388, tf_ratio: 1.000000
2024-11-03 19:41: **********Val Epoch 70: average Loss: 6.929982
2024-11-03 19:41: *********************************Current best model saved!
2024-11-03 19:41: Train Epoch 71: 0/4 Loss: 7.181466
2024-11-03 19:41: **********Train Epoch 71: averaged Loss: 6.987712, tf_ratio: 1.000000
2024-11-03 19:41: **********Val Epoch 71: average Loss: 6.269060
2024-11-03 19:41: *********************************Current best model saved!
2024-11-03 19:41: Train Epoch 72: 0/4 Loss: 6.523654
2024-11-03 19:41: **********Train Epoch 72: averaged Loss: 6.274432, tf_ratio: 1.000000
2024-11-03 19:41: **********Val Epoch 72: average Loss: 5.639036
2024-11-03 19:41: *********************************Current best model saved!
2024-11-03 19:41: Train Epoch 73: 0/4 Loss: 5.890062
2024-11-03 19:41: **********Train Epoch 73: averaged Loss: 5.620530, tf_ratio: 1.000000
2024-11-03 19:41: **********Val Epoch 73: average Loss: 5.050069
2024-11-03 19:41: *********************************Current best model saved!
2024-11-03 19:41: Train Epoch 74: 0/4 Loss: 5.145435
2024-11-03 19:41: **********Train Epoch 74: averaged Loss: 5.003726, tf_ratio: 1.000000
2024-11-03 19:41: **********Val Epoch 74: average Loss: 4.515048
2024-11-03 19:41: *********************************Current best model saved!
2024-11-03 19:41: Train Epoch 75: 0/4 Loss: 4.627466
2024-11-03 19:41: **********Train Epoch 75: averaged Loss: 4.400776, tf_ratio: 1.000000
2024-11-03 19:41: **********Val Epoch 75: average Loss: 4.051929
2024-11-03 19:41: *********************************Current best model saved!
2024-11-03 19:41: Train Epoch 76: 0/4 Loss: 4.017175
2024-11-03 19:41: **********Train Epoch 76: averaged Loss: 3.882832, tf_ratio: 1.000000
2024-11-03 19:41: **********Val Epoch 76: average Loss: 3.686909
2024-11-03 19:41: *********************************Current best model saved!
2024-11-03 19:41: Train Epoch 77: 0/4 Loss: 3.633278
2024-11-03 19:41: **********Train Epoch 77: averaged Loss: 3.485697, tf_ratio: 1.000000
2024-11-03 19:41: **********Val Epoch 77: average Loss: 3.452296
2024-11-03 19:41: *********************************Current best model saved!
2024-11-03 19:41: Train Epoch 78: 0/4 Loss: 3.314064
2024-11-03 19:41: **********Train Epoch 78: averaged Loss: 3.216762, tf_ratio: 1.000000
2024-11-03 19:41: **********Val Epoch 78: average Loss: 3.343705
2024-11-03 19:41: *********************************Current best model saved!
2024-11-03 19:41: Train Epoch 79: 0/4 Loss: 3.129234
2024-11-03 19:41: **********Train Epoch 79: averaged Loss: 3.074600, tf_ratio: 1.000000
2024-11-03 19:41: **********Val Epoch 79: average Loss: 3.308621
2024-11-03 19:41: *********************************Current best model saved!
2024-11-03 19:41: Train Epoch 80: 0/4 Loss: 3.019427
2024-11-03 19:41: **********Train Epoch 80: averaged Loss: 2.999250, tf_ratio: 1.000000
2024-11-03 19:41: **********Val Epoch 80: average Loss: 3.303357
2024-11-03 19:41: *********************************Current best model saved!
2024-11-03 19:41: Train Epoch 81: 0/4 Loss: 3.038793
2024-11-03 19:41: **********Train Epoch 81: averaged Loss: 2.968473, tf_ratio: 1.000000
2024-11-03 19:41: **********Val Epoch 81: average Loss: 3.311417
2024-11-03 19:41: Train Epoch 82: 0/4 Loss: 2.982111
2024-11-03 19:41: **********Train Epoch 82: averaged Loss: 2.967607, tf_ratio: 1.000000
2024-11-03 19:41: **********Val Epoch 82: average Loss: 3.324043
2024-11-03 19:41: Train Epoch 83: 0/4 Loss: 2.952233
2024-11-03 19:41: **********Train Epoch 83: averaged Loss: 2.935122, tf_ratio: 1.000000
2024-11-03 19:41: **********Val Epoch 83: average Loss: 3.336676
2024-11-03 19:41: Train Epoch 84: 0/4 Loss: 2.923550
2024-11-03 19:41: **********Train Epoch 84: averaged Loss: 2.946213, tf_ratio: 1.000000
2024-11-03 19:41: **********Val Epoch 84: average Loss: 3.347505
2024-11-03 19:41: Train Epoch 85: 0/4 Loss: 2.953622
2024-11-03 19:41: **********Train Epoch 85: averaged Loss: 2.951538, tf_ratio: 1.000000
2024-11-03 19:41: **********Val Epoch 85: average Loss: 3.355587
2024-11-03 19:41: Train Epoch 86: 0/4 Loss: 2.909498
2024-11-03 19:41: **********Train Epoch 86: averaged Loss: 2.947186, tf_ratio: 1.000000
2024-11-03 19:41: **********Val Epoch 86: average Loss: 3.361073
2024-11-03 19:41: Train Epoch 87: 0/4 Loss: 2.938833
2024-11-03 19:41: **********Train Epoch 87: averaged Loss: 2.942850, tf_ratio: 1.000000
2024-11-03 19:41: **********Val Epoch 87: average Loss: 3.364180
2024-11-03 19:41: Train Epoch 88: 0/4 Loss: 2.934562
2024-11-03 19:41: **********Train Epoch 88: averaged Loss: 2.947344, tf_ratio: 1.000000
2024-11-03 19:41: **********Val Epoch 88: average Loss: 3.365661
2024-11-03 19:41: Train Epoch 89: 0/4 Loss: 2.954899
2024-11-03 19:41: **********Train Epoch 89: averaged Loss: 2.950959, tf_ratio: 1.000000
2024-11-03 19:41: **********Val Epoch 89: average Loss: 3.365558
2024-11-03 19:41: Train Epoch 90: 0/4 Loss: 2.949700
2024-11-03 19:41: **********Train Epoch 90: averaged Loss: 2.952964, tf_ratio: 1.000000
2024-11-03 19:41: **********Val Epoch 90: average Loss: 3.364472
2024-11-03 19:41: Train Epoch 91: 0/4 Loss: 2.907883
2024-11-03 19:41: **********Train Epoch 91: averaged Loss: 2.942936, tf_ratio: 1.000000
2024-11-03 19:41: **********Val Epoch 91: average Loss: 3.362964
2024-11-03 19:41: Train Epoch 92: 0/4 Loss: 2.916267
2024-11-03 19:41: **********Train Epoch 92: averaged Loss: 2.941493, tf_ratio: 1.000000
2024-11-03 19:41: **********Val Epoch 92: average Loss: 3.361019
2024-11-03 19:41: Train Epoch 93: 0/4 Loss: 2.925205
2024-11-03 19:41: **********Train Epoch 93: averaged Loss: 2.936657, tf_ratio: 1.000000
2024-11-03 19:41: **********Val Epoch 93: average Loss: 3.359241
2024-11-03 19:41: Train Epoch 94: 0/4 Loss: 2.916593
2024-11-03 19:41: **********Train Epoch 94: averaged Loss: 2.929555, tf_ratio: 1.000000
2024-11-03 19:41: **********Val Epoch 94: average Loss: 3.357847
2024-11-03 19:41: Train Epoch 95: 0/4 Loss: 2.945597
2024-11-03 19:41: **********Train Epoch 95: averaged Loss: 2.934484, tf_ratio: 1.000000
2024-11-03 19:41: **********Val Epoch 95: average Loss: 3.356859
2024-11-03 19:41: Validation performance didn't improve for 15 epochs. Training stops.
2024-11-03 19:41: Total training time: 0.8165min, best loss: 3.303357
2024-11-03 19:41: Saving current best model to /root/AGCRN/model/experiments/HOURS/data21/10/20241103194106/best_model.pth
2024-11-03 19:41: Horizon 01, MAE: 2.90, RMSE: 4.65, MAPE: 4.9416%
2024-11-03 19:41: Horizon 02, MAE: 2.92, RMSE: 4.69, MAPE: 4.9777%
2024-11-03 19:41: Horizon 03, MAE: 2.92, RMSE: 4.74, MAPE: 5.0234%
2024-11-03 19:41: Horizon 04, MAE: 2.95, RMSE: 4.74, MAPE: 5.0390%
2024-11-03 19:41: Horizon 05, MAE: 2.94, RMSE: 4.73, MAPE: 5.0343%
2024-11-03 19:41: Horizon 06, MAE: 2.92, RMSE: 4.72, MAPE: 5.0384%
2024-11-03 19:41: Horizon 07, MAE: 2.91, RMSE: 4.71, MAPE: 5.0272%
2024-11-03 19:41: Horizon 08, MAE: 2.91, RMSE: 4.70, MAPE: 5.0233%
2024-11-03 19:41: Horizon 09, MAE: 2.91, RMSE: 4.69, MAPE: 5.0156%
2024-11-03 19:41: Horizon 10, MAE: 2.92, RMSE: 4.68, MAPE: 5.0131%
2024-11-03 19:41: Horizon 11, MAE: 2.92, RMSE: 4.71, MAPE: 5.0330%
2024-11-03 19:41: Horizon 12, MAE: 2.93, RMSE: 4.73, MAPE: 5.0518%
2024-11-03 19:41: Average Horizon, MAE: 2.92, RMSE: 4.71, MAPE: 5.0182%
