2024-11-03 19:34: Experiment log path in: /root/AGCRN/model/experiments/HOURS/data13/10/20241103193426
2024-11-03 19:34: Train Epoch 1: 0/4 Loss: 58.583469
2024-11-03 19:34: **********Train Epoch 1: averaged Loss: 58.217589, tf_ratio: 1.000000
2024-11-03 19:34: **********Val Epoch 1: average Loss: 56.204277
2024-11-03 19:34: *********************************Current best model saved!
2024-11-03 19:34: Train Epoch 2: 0/4 Loss: 58.158478
2024-11-03 19:34: **********Train Epoch 2: averaged Loss: 58.251996, tf_ratio: 1.000000
2024-11-03 19:34: **********Val Epoch 2: average Loss: 56.123550
2024-11-03 19:34: *********************************Current best model saved!
2024-11-03 19:34: Train Epoch 3: 0/4 Loss: 58.359402
2024-11-03 19:34: **********Train Epoch 3: averaged Loss: 58.061240, tf_ratio: 1.000000
2024-11-03 19:34: **********Val Epoch 3: average Loss: 55.884640
2024-11-03 19:34: *********************************Current best model saved!
2024-11-03 19:34: Train Epoch 4: 0/4 Loss: 58.162693
2024-11-03 19:34: **********Train Epoch 4: averaged Loss: 57.615857, tf_ratio: 1.000000
2024-11-03 19:34: **********Val Epoch 4: average Loss: 54.892696
2024-11-03 19:34: *********************************Current best model saved!
2024-11-03 19:34: Train Epoch 5: 0/4 Loss: 56.527042
2024-11-03 19:34: **********Train Epoch 5: averaged Loss: 56.162927, tf_ratio: 1.000000
2024-11-03 19:34: **********Val Epoch 5: average Loss: 53.009068
2024-11-03 19:34: *********************************Current best model saved!
2024-11-03 19:34: Train Epoch 6: 0/4 Loss: 55.002174
2024-11-03 19:34: **********Train Epoch 6: averaged Loss: 54.376984, tf_ratio: 1.000000
2024-11-03 19:34: **********Val Epoch 6: average Loss: 51.522354
2024-11-03 19:34: *********************************Current best model saved!
2024-11-03 19:34: Train Epoch 7: 0/4 Loss: 53.444176
2024-11-03 19:34: **********Train Epoch 7: averaged Loss: 53.056421, tf_ratio: 1.000000
2024-11-03 19:34: **********Val Epoch 7: average Loss: 50.349163
2024-11-03 19:34: *********************************Current best model saved!
2024-11-03 19:34: Train Epoch 8: 0/4 Loss: 52.098854
2024-11-03 19:34: **********Train Epoch 8: averaged Loss: 51.964940, tf_ratio: 1.000000
2024-11-03 19:34: **********Val Epoch 8: average Loss: 49.293907
2024-11-03 19:34: *********************************Current best model saved!
2024-11-03 19:34: Train Epoch 9: 0/4 Loss: 51.566544
2024-11-03 19:34: **********Train Epoch 9: averaged Loss: 50.901475, tf_ratio: 1.000000
2024-11-03 19:34: **********Val Epoch 9: average Loss: 48.277424
2024-11-03 19:34: *********************************Current best model saved!
2024-11-03 19:34: Train Epoch 10: 0/4 Loss: 50.496929
2024-11-03 19:34: **********Train Epoch 10: averaged Loss: 49.963311, tf_ratio: 1.000000
2024-11-03 19:34: **********Val Epoch 10: average Loss: 47.279423
2024-11-03 19:34: *********************************Current best model saved!
2024-11-03 19:34: Train Epoch 11: 0/4 Loss: 49.487255
2024-11-03 19:34: **********Train Epoch 11: averaged Loss: 48.954111, tf_ratio: 1.000000
2024-11-03 19:34: **********Val Epoch 11: average Loss: 46.290691
2024-11-03 19:34: *********************************Current best model saved!
2024-11-03 19:34: Train Epoch 12: 0/4 Loss: 48.346760
2024-11-03 19:34: **********Train Epoch 12: averaged Loss: 47.947004, tf_ratio: 1.000000
2024-11-03 19:34: **********Val Epoch 12: average Loss: 45.313210
2024-11-03 19:34: *********************************Current best model saved!
2024-11-03 19:34: Train Epoch 13: 0/4 Loss: 47.451153
2024-11-03 19:34: **********Train Epoch 13: averaged Loss: 46.928489, tf_ratio: 1.000000
2024-11-03 19:34: **********Val Epoch 13: average Loss: 44.348167
2024-11-03 19:34: *********************************Current best model saved!
2024-11-03 19:34: Train Epoch 14: 0/4 Loss: 46.177883
2024-11-03 19:34: **********Train Epoch 14: averaged Loss: 46.011928, tf_ratio: 1.000000
2024-11-03 19:34: **********Val Epoch 14: average Loss: 43.395840
2024-11-03 19:34: *********************************Current best model saved!
2024-11-03 19:34: Train Epoch 15: 0/4 Loss: 45.840137
2024-11-03 19:34: **********Train Epoch 15: averaged Loss: 45.021929, tf_ratio: 1.000000
2024-11-03 19:34: **********Val Epoch 15: average Loss: 42.456100
2024-11-03 19:34: *********************************Current best model saved!
2024-11-03 19:34: Train Epoch 16: 0/4 Loss: 44.544830
2024-11-03 19:34: **********Train Epoch 16: averaged Loss: 44.146951, tf_ratio: 1.000000
2024-11-03 19:34: **********Val Epoch 16: average Loss: 41.528412
2024-11-03 19:34: *********************************Current best model saved!
2024-11-03 19:34: Train Epoch 17: 0/4 Loss: 43.987560
2024-11-03 19:34: **********Train Epoch 17: averaged Loss: 43.145024, tf_ratio: 1.000000
2024-11-03 19:34: **********Val Epoch 17: average Loss: 40.611969
2024-11-03 19:34: *********************************Current best model saved!
2024-11-03 19:34: Train Epoch 18: 0/4 Loss: 42.852478
2024-11-03 19:34: **********Train Epoch 18: averaged Loss: 42.387176, tf_ratio: 1.000000
2024-11-03 19:34: **********Val Epoch 18: average Loss: 39.706192
2024-11-03 19:34: *********************************Current best model saved!
2024-11-03 19:34: Train Epoch 19: 0/4 Loss: 41.852634
2024-11-03 19:34: **********Train Epoch 19: averaged Loss: 41.487113, tf_ratio: 1.000000
2024-11-03 19:34: **********Val Epoch 19: average Loss: 38.810585
2024-11-03 19:34: *********************************Current best model saved!
2024-11-03 19:34: Train Epoch 20: 0/4 Loss: 40.709431
2024-11-03 19:34: **********Train Epoch 20: averaged Loss: 40.451986, tf_ratio: 1.000000
2024-11-03 19:34: **********Val Epoch 20: average Loss: 37.924942
2024-11-03 19:34: *********************************Current best model saved!
2024-11-03 19:34: Train Epoch 21: 0/4 Loss: 39.992691
2024-11-03 19:34: **********Train Epoch 21: averaged Loss: 39.558112, tf_ratio: 1.000000
2024-11-03 19:34: **********Val Epoch 21: average Loss: 37.048485
2024-11-03 19:34: *********************************Current best model saved!
2024-11-03 19:34: Train Epoch 22: 0/4 Loss: 38.985271
2024-11-03 19:34: **********Train Epoch 22: averaged Loss: 38.585402, tf_ratio: 1.000000
2024-11-03 19:34: **********Val Epoch 22: average Loss: 36.180920
2024-11-03 19:34: *********************************Current best model saved!
2024-11-03 19:34: Train Epoch 23: 0/4 Loss: 38.120838
2024-11-03 19:34: **********Train Epoch 23: averaged Loss: 37.921895, tf_ratio: 1.000000
2024-11-03 19:34: **********Val Epoch 23: average Loss: 35.322498
2024-11-03 19:34: *********************************Current best model saved!
2024-11-03 19:34: Train Epoch 24: 0/4 Loss: 37.323116
2024-11-03 19:34: **********Train Epoch 24: averaged Loss: 37.062690, tf_ratio: 1.000000
2024-11-03 19:34: **********Val Epoch 24: average Loss: 34.473278
2024-11-03 19:34: *********************************Current best model saved!
2024-11-03 19:34: Train Epoch 25: 0/4 Loss: 36.203133
2024-11-03 19:34: **********Train Epoch 25: averaged Loss: 36.130957, tf_ratio: 1.000000
2024-11-03 19:34: **********Val Epoch 25: average Loss: 33.632820
2024-11-03 19:34: *********************************Current best model saved!
2024-11-03 19:34: Train Epoch 26: 0/4 Loss: 35.586159
2024-11-03 19:34: **********Train Epoch 26: averaged Loss: 35.335824, tf_ratio: 1.000000
2024-11-03 19:34: **********Val Epoch 26: average Loss: 32.801479
2024-11-03 19:34: *********************************Current best model saved!
2024-11-03 19:34: Train Epoch 27: 0/4 Loss: 34.681656
2024-11-03 19:34: **********Train Epoch 27: averaged Loss: 34.474644, tf_ratio: 1.000000
2024-11-03 19:34: **********Val Epoch 27: average Loss: 31.980017
2024-11-03 19:34: *********************************Current best model saved!
2024-11-03 19:34: Train Epoch 28: 0/4 Loss: 33.915398
2024-11-03 19:34: **********Train Epoch 28: averaged Loss: 33.646070, tf_ratio: 1.000000
2024-11-03 19:34: **********Val Epoch 28: average Loss: 31.168568
2024-11-03 19:34: *********************************Current best model saved!
2024-11-03 19:34: Train Epoch 29: 0/4 Loss: 32.908649
2024-11-03 19:34: **********Train Epoch 29: averaged Loss: 32.815036, tf_ratio: 1.000000
2024-11-03 19:34: **********Val Epoch 29: average Loss: 30.367987
2024-11-03 19:34: *********************************Current best model saved!
2024-11-03 19:34: Train Epoch 30: 0/4 Loss: 32.215004
2024-11-03 19:34: **********Train Epoch 30: averaged Loss: 31.932738, tf_ratio: 1.000000
2024-11-03 19:34: **********Val Epoch 30: average Loss: 29.577160
2024-11-03 19:34: *********************************Current best model saved!
2024-11-03 19:34: Train Epoch 31: 0/4 Loss: 31.262701
2024-11-03 19:34: **********Train Epoch 31: averaged Loss: 31.126192, tf_ratio: 1.000000
2024-11-03 19:34: **********Val Epoch 31: average Loss: 28.795567
2024-11-03 19:34: *********************************Current best model saved!
2024-11-03 19:34: Train Epoch 32: 0/4 Loss: 31.016083
2024-11-03 19:34: **********Train Epoch 32: averaged Loss: 30.361316, tf_ratio: 1.000000
2024-11-03 19:34: **********Val Epoch 32: average Loss: 28.023077
2024-11-03 19:34: *********************************Current best model saved!
2024-11-03 19:34: Train Epoch 33: 0/4 Loss: 29.963524
2024-11-03 19:34: **********Train Epoch 33: averaged Loss: 29.544621, tf_ratio: 1.000000
2024-11-03 19:34: **********Val Epoch 33: average Loss: 27.260973
2024-11-03 19:34: *********************************Current best model saved!
2024-11-03 19:34: Train Epoch 34: 0/4 Loss: 29.129301
2024-11-03 19:34: **********Train Epoch 34: averaged Loss: 28.822742, tf_ratio: 1.000000
2024-11-03 19:34: **********Val Epoch 34: average Loss: 26.509285
2024-11-03 19:34: *********************************Current best model saved!
2024-11-03 19:34: Train Epoch 35: 0/4 Loss: 28.656492
2024-11-03 19:34: **********Train Epoch 35: averaged Loss: 27.987849, tf_ratio: 1.000000
2024-11-03 19:34: **********Val Epoch 35: average Loss: 25.766676
2024-11-03 19:34: *********************************Current best model saved!
2024-11-03 19:34: Train Epoch 36: 0/4 Loss: 27.677216
2024-11-03 19:34: **********Train Epoch 36: averaged Loss: 27.434178, tf_ratio: 1.000000
2024-11-03 19:34: **********Val Epoch 36: average Loss: 25.033543
2024-11-03 19:34: *********************************Current best model saved!
2024-11-03 19:34: Train Epoch 37: 0/4 Loss: 26.709862
2024-11-03 19:34: **********Train Epoch 37: averaged Loss: 26.572520, tf_ratio: 1.000000
2024-11-03 19:34: **********Val Epoch 37: average Loss: 24.309790
2024-11-03 19:34: *********************************Current best model saved!
2024-11-03 19:34: Train Epoch 38: 0/4 Loss: 26.414553
2024-11-03 19:34: **********Train Epoch 38: averaged Loss: 25.830037, tf_ratio: 1.000000
2024-11-03 19:34: **********Val Epoch 38: average Loss: 23.595905
2024-11-03 19:34: *********************************Current best model saved!
2024-11-03 19:34: Train Epoch 39: 0/4 Loss: 25.654911
2024-11-03 19:34: **********Train Epoch 39: averaged Loss: 25.129632, tf_ratio: 1.000000
2024-11-03 19:34: **********Val Epoch 39: average Loss: 22.891901
2024-11-03 19:34: *********************************Current best model saved!
2024-11-03 19:34: Train Epoch 40: 0/4 Loss: 24.320524
2024-11-03 19:34: **********Train Epoch 40: averaged Loss: 24.343061, tf_ratio: 1.000000
2024-11-03 19:34: **********Val Epoch 40: average Loss: 22.197693
2024-11-03 19:34: *********************************Current best model saved!
2024-11-03 19:34: Train Epoch 41: 0/4 Loss: 23.720745
2024-11-03 19:34: **********Train Epoch 41: averaged Loss: 23.547767, tf_ratio: 1.000000
2024-11-03 19:34: **********Val Epoch 41: average Loss: 21.513224
2024-11-03 19:34: *********************************Current best model saved!
2024-11-03 19:34: Train Epoch 42: 0/4 Loss: 23.374586
2024-11-03 19:34: **********Train Epoch 42: averaged Loss: 22.931622, tf_ratio: 1.000000
2024-11-03 19:34: **********Val Epoch 42: average Loss: 20.839157
2024-11-03 19:34: *********************************Current best model saved!
2024-11-03 19:34: Train Epoch 43: 0/4 Loss: 22.467777
2024-11-03 19:34: **********Train Epoch 43: averaged Loss: 22.210596, tf_ratio: 1.000000
2024-11-03 19:34: **********Val Epoch 43: average Loss: 20.175064
2024-11-03 19:34: *********************************Current best model saved!
2024-11-03 19:34: Train Epoch 44: 0/4 Loss: 22.098450
2024-11-03 19:34: **********Train Epoch 44: averaged Loss: 21.520557, tf_ratio: 1.000000
2024-11-03 19:34: **********Val Epoch 44: average Loss: 19.520285
2024-11-03 19:34: *********************************Current best model saved!
2024-11-03 19:34: Train Epoch 45: 0/4 Loss: 21.428059
2024-11-03 19:34: **********Train Epoch 45: averaged Loss: 20.848776, tf_ratio: 1.000000
2024-11-03 19:34: **********Val Epoch 45: average Loss: 18.874693
2024-11-03 19:34: *********************************Current best model saved!
2024-11-03 19:34: Train Epoch 46: 0/4 Loss: 20.155415
2024-11-03 19:34: **********Train Epoch 46: averaged Loss: 20.207189, tf_ratio: 1.000000
2024-11-03 19:34: **********Val Epoch 46: average Loss: 18.239574
2024-11-03 19:34: *********************************Current best model saved!
2024-11-03 19:34: Train Epoch 47: 0/4 Loss: 20.184502
2024-11-03 19:34: **********Train Epoch 47: averaged Loss: 19.526872, tf_ratio: 1.000000
2024-11-03 19:34: **********Val Epoch 47: average Loss: 17.612915
2024-11-03 19:34: *********************************Current best model saved!
2024-11-03 19:34: Train Epoch 48: 0/4 Loss: 19.631279
2024-11-03 19:34: **********Train Epoch 48: averaged Loss: 18.872291, tf_ratio: 1.000000
2024-11-03 19:34: **********Val Epoch 48: average Loss: 16.995361
2024-11-03 19:34: *********************************Current best model saved!
2024-11-03 19:34: Train Epoch 49: 0/4 Loss: 18.185328
2024-11-03 19:34: **********Train Epoch 49: averaged Loss: 18.197664, tf_ratio: 1.000000
2024-11-03 19:34: **********Val Epoch 49: average Loss: 16.388561
2024-11-03 19:34: *********************************Current best model saved!
2024-11-03 19:34: Train Epoch 50: 0/4 Loss: 17.818516
2024-11-03 19:34: **********Train Epoch 50: averaged Loss: 17.570416, tf_ratio: 1.000000
2024-11-03 19:34: **********Val Epoch 50: average Loss: 15.791573
2024-11-03 19:34: *********************************Current best model saved!
2024-11-03 19:34: Train Epoch 51: 0/4 Loss: 17.199484
2024-11-03 19:34: **********Train Epoch 51: averaged Loss: 16.883121, tf_ratio: 1.000000
2024-11-03 19:34: **********Val Epoch 51: average Loss: 15.205155
2024-11-03 19:34: *********************************Current best model saved!
2024-11-03 19:34: Train Epoch 52: 0/4 Loss: 16.890713
2024-11-03 19:34: **********Train Epoch 52: averaged Loss: 16.371284, tf_ratio: 1.000000
2024-11-03 19:34: **********Val Epoch 52: average Loss: 14.629436
2024-11-03 19:34: *********************************Current best model saved!
2024-11-03 19:34: Train Epoch 53: 0/4 Loss: 16.040882
2024-11-03 19:34: **********Train Epoch 53: averaged Loss: 15.699194, tf_ratio: 1.000000
2024-11-03 19:34: **********Val Epoch 53: average Loss: 14.065125
2024-11-03 19:34: *********************************Current best model saved!
2024-11-03 19:34: Train Epoch 54: 0/4 Loss: 15.417816
2024-11-03 19:34: **********Train Epoch 54: averaged Loss: 15.083544, tf_ratio: 1.000000
2024-11-03 19:34: **********Val Epoch 54: average Loss: 13.513679
2024-11-03 19:34: *********************************Current best model saved!
2024-11-03 19:34: Train Epoch 55: 0/4 Loss: 14.870323
2024-11-03 19:34: **********Train Epoch 55: averaged Loss: 14.472656, tf_ratio: 1.000000
2024-11-03 19:34: **********Val Epoch 55: average Loss: 12.976201
2024-11-03 19:34: *********************************Current best model saved!
2024-11-03 19:34: Train Epoch 56: 0/4 Loss: 13.990541
2024-11-03 19:34: **********Train Epoch 56: averaged Loss: 13.925649, tf_ratio: 1.000000
2024-11-03 19:34: **********Val Epoch 56: average Loss: 12.454653
2024-11-03 19:34: *********************************Current best model saved!
2024-11-03 19:34: Train Epoch 57: 0/4 Loss: 13.795520
2024-11-03 19:34: **********Train Epoch 57: averaged Loss: 13.392008, tf_ratio: 1.000000
2024-11-03 19:34: **********Val Epoch 57: average Loss: 11.947074
2024-11-03 19:34: *********************************Current best model saved!
2024-11-03 19:34: Train Epoch 58: 0/4 Loss: 12.931107
2024-11-03 19:34: **********Train Epoch 58: averaged Loss: 12.852308, tf_ratio: 1.000000
2024-11-03 19:34: **********Val Epoch 58: average Loss: 11.453847
2024-11-03 19:34: *********************************Current best model saved!
2024-11-03 19:34: Train Epoch 59: 0/4 Loss: 12.370217
2024-11-03 19:34: **********Train Epoch 59: averaged Loss: 12.254609, tf_ratio: 1.000000
2024-11-03 19:34: **********Val Epoch 59: average Loss: 10.977344
2024-11-03 19:34: *********************************Current best model saved!
2024-11-03 19:34: Train Epoch 60: 0/4 Loss: 12.020082
2024-11-03 19:34: **********Train Epoch 60: averaged Loss: 11.760058, tf_ratio: 1.000000
2024-11-03 19:34: **********Val Epoch 60: average Loss: 10.515227
2024-11-03 19:34: *********************************Current best model saved!
2024-11-03 19:34: Train Epoch 61: 0/4 Loss: 11.745631
2024-11-03 19:34: **********Train Epoch 61: averaged Loss: 11.231256, tf_ratio: 1.000000
2024-11-03 19:34: **********Val Epoch 61: average Loss: 10.068881
2024-11-03 19:34: *********************************Current best model saved!
2024-11-03 19:34: Train Epoch 62: 0/4 Loss: 10.836294
2024-11-03 19:34: **********Train Epoch 62: averaged Loss: 10.722897, tf_ratio: 1.000000
2024-11-03 19:34: **********Val Epoch 62: average Loss: 9.638592
2024-11-03 19:34: *********************************Current best model saved!
2024-11-03 19:34: Train Epoch 63: 0/4 Loss: 10.284877
2024-11-03 19:34: **********Train Epoch 63: averaged Loss: 10.254104, tf_ratio: 1.000000
2024-11-03 19:34: **********Val Epoch 63: average Loss: 9.225891
2024-11-03 19:34: *********************************Current best model saved!
2024-11-03 19:34: Train Epoch 64: 0/4 Loss: 9.889270
2024-11-03 19:34: **********Train Epoch 64: averaged Loss: 9.792243, tf_ratio: 1.000000
2024-11-03 19:34: **********Val Epoch 64: average Loss: 8.831650
2024-11-03 19:34: *********************************Current best model saved!
2024-11-03 19:34: Train Epoch 65: 0/4 Loss: 9.526493
2024-11-03 19:34: **********Train Epoch 65: averaged Loss: 9.340955, tf_ratio: 1.000000
2024-11-03 19:34: **********Val Epoch 65: average Loss: 8.457959
2024-11-03 19:34: *********************************Current best model saved!
2024-11-03 19:34: Train Epoch 66: 0/4 Loss: 9.069481
2024-11-03 19:34: **********Train Epoch 66: averaged Loss: 8.839846, tf_ratio: 1.000000
2024-11-03 19:34: **********Val Epoch 66: average Loss: 8.108280
2024-11-03 19:34: *********************************Current best model saved!
2024-11-03 19:34: Train Epoch 67: 0/4 Loss: 8.743087
2024-11-03 19:34: **********Train Epoch 67: averaged Loss: 8.490104, tf_ratio: 1.000000
2024-11-03 19:34: **********Val Epoch 67: average Loss: 7.787016
2024-11-03 19:34: *********************************Current best model saved!
2024-11-03 19:34: Train Epoch 68: 0/4 Loss: 8.333772
2024-11-03 19:35: **********Train Epoch 68: averaged Loss: 8.057565, tf_ratio: 1.000000
2024-11-03 19:35: **********Val Epoch 68: average Loss: 7.496506
2024-11-03 19:35: *********************************Current best model saved!
2024-11-03 19:35: Train Epoch 69: 0/4 Loss: 7.940875
2024-11-03 19:35: **********Train Epoch 69: averaged Loss: 7.719156, tf_ratio: 1.000000
2024-11-03 19:35: **********Val Epoch 69: average Loss: 7.238547
2024-11-03 19:35: *********************************Current best model saved!
2024-11-03 19:35: Train Epoch 70: 0/4 Loss: 7.560975
2024-11-03 19:35: **********Train Epoch 70: averaged Loss: 7.378117, tf_ratio: 1.000000
2024-11-03 19:35: **********Val Epoch 70: average Loss: 7.013202
2024-11-03 19:35: *********************************Current best model saved!
2024-11-03 19:35: Train Epoch 71: 0/4 Loss: 7.147422
2024-11-03 19:35: **********Train Epoch 71: averaged Loss: 7.119981, tf_ratio: 1.000000
2024-11-03 19:35: **********Val Epoch 71: average Loss: 6.823120
2024-11-03 19:35: *********************************Current best model saved!
2024-11-03 19:35: Train Epoch 72: 0/4 Loss: 6.896213
2024-11-03 19:35: **********Train Epoch 72: averaged Loss: 6.826718, tf_ratio: 1.000000
2024-11-03 19:35: **********Val Epoch 72: average Loss: 6.665998
2024-11-03 19:35: *********************************Current best model saved!
2024-11-03 19:35: Train Epoch 73: 0/4 Loss: 6.767273
2024-11-03 19:35: **********Train Epoch 73: averaged Loss: 6.614349, tf_ratio: 1.000000
2024-11-03 19:35: **********Val Epoch 73: average Loss: 6.540580
2024-11-03 19:35: *********************************Current best model saved!
2024-11-03 19:35: Train Epoch 74: 0/4 Loss: 6.490213
2024-11-03 19:35: **********Train Epoch 74: averaged Loss: 6.457068, tf_ratio: 1.000000
2024-11-03 19:35: **********Val Epoch 74: average Loss: 6.444946
2024-11-03 19:35: *********************************Current best model saved!
2024-11-03 19:35: Train Epoch 75: 0/4 Loss: 6.314003
2024-11-03 19:35: **********Train Epoch 75: averaged Loss: 6.271797, tf_ratio: 1.000000
2024-11-03 19:35: **********Val Epoch 75: average Loss: 6.376321
2024-11-03 19:35: *********************************Current best model saved!
2024-11-03 19:35: Train Epoch 76: 0/4 Loss: 5.979242
2024-11-03 19:35: **********Train Epoch 76: averaged Loss: 6.127324, tf_ratio: 1.000000
2024-11-03 19:35: **********Val Epoch 76: average Loss: 6.332478
2024-11-03 19:35: *********************************Current best model saved!
2024-11-03 19:35: Train Epoch 77: 0/4 Loss: 5.995921
2024-11-03 19:35: **********Train Epoch 77: averaged Loss: 6.066149, tf_ratio: 1.000000
2024-11-03 19:35: **********Val Epoch 77: average Loss: 6.308842
2024-11-03 19:35: *********************************Current best model saved!
2024-11-03 19:35: Train Epoch 78: 0/4 Loss: 6.085423
2024-11-03 19:35: **********Train Epoch 78: averaged Loss: 5.948588, tf_ratio: 1.000000
2024-11-03 19:35: **********Val Epoch 78: average Loss: 6.301841
2024-11-03 19:35: *********************************Current best model saved!
2024-11-03 19:35: Train Epoch 79: 0/4 Loss: 5.960797
2024-11-03 19:35: **********Train Epoch 79: averaged Loss: 5.842296, tf_ratio: 1.000000
2024-11-03 19:35: **********Val Epoch 79: average Loss: 6.307347
2024-11-03 19:35: Train Epoch 80: 0/4 Loss: 6.066599
2024-11-03 19:35: **********Train Epoch 80: averaged Loss: 5.826365, tf_ratio: 1.000000
2024-11-03 19:35: **********Val Epoch 80: average Loss: 6.320989
2024-11-03 19:35: Train Epoch 81: 0/4 Loss: 6.209134
2024-11-03 19:35: **********Train Epoch 81: averaged Loss: 5.815769, tf_ratio: 1.000000
2024-11-03 19:35: **********Val Epoch 81: average Loss: 6.339005
2024-11-03 19:35: Train Epoch 82: 0/4 Loss: 5.938092
2024-11-03 19:35: **********Train Epoch 82: averaged Loss: 5.844715, tf_ratio: 1.000000
2024-11-03 19:35: **********Val Epoch 82: average Loss: 6.358449
2024-11-03 19:35: Train Epoch 83: 0/4 Loss: 5.941007
2024-11-03 19:35: **********Train Epoch 83: averaged Loss: 5.763536, tf_ratio: 1.000000
2024-11-03 19:35: **********Val Epoch 83: average Loss: 6.377625
2024-11-03 19:35: Train Epoch 84: 0/4 Loss: 5.629261
2024-11-03 19:35: **********Train Epoch 84: averaged Loss: 5.810352, tf_ratio: 1.000000
2024-11-03 19:35: **********Val Epoch 84: average Loss: 6.395855
2024-11-03 19:35: Train Epoch 85: 0/4 Loss: 5.660332
2024-11-03 19:35: **********Train Epoch 85: averaged Loss: 5.812733, tf_ratio: 1.000000
2024-11-03 19:35: **********Val Epoch 85: average Loss: 6.411968
2024-11-03 19:35: Train Epoch 86: 0/4 Loss: 5.815921
2024-11-03 19:35: **********Train Epoch 86: averaged Loss: 5.846255, tf_ratio: 1.000000
2024-11-03 19:35: **********Val Epoch 86: average Loss: 6.425076
2024-11-03 19:35: Train Epoch 87: 0/4 Loss: 5.853286
2024-11-03 19:35: **********Train Epoch 87: averaged Loss: 5.750543, tf_ratio: 1.000000
2024-11-03 19:35: **********Val Epoch 87: average Loss: 6.435875
2024-11-03 19:35: Train Epoch 88: 0/4 Loss: 5.594545
2024-11-03 19:35: **********Train Epoch 88: averaged Loss: 5.769455, tf_ratio: 1.000000
2024-11-03 19:35: **********Val Epoch 88: average Loss: 6.445691
2024-11-03 19:35: Train Epoch 89: 0/4 Loss: 5.776865
2024-11-03 19:35: **********Train Epoch 89: averaged Loss: 5.782491, tf_ratio: 1.000000
2024-11-03 19:35: **********Val Epoch 89: average Loss: 6.452869
2024-11-03 19:35: Train Epoch 90: 0/4 Loss: 5.914263
2024-11-03 19:35: **********Train Epoch 90: averaged Loss: 5.830299, tf_ratio: 1.000000
2024-11-03 19:35: **********Val Epoch 90: average Loss: 6.458114
2024-11-03 19:35: Train Epoch 91: 0/4 Loss: 5.798913
2024-11-03 19:35: **********Train Epoch 91: averaged Loss: 5.775276, tf_ratio: 1.000000
2024-11-03 19:35: **********Val Epoch 91: average Loss: 6.461522
2024-11-03 19:35: Train Epoch 92: 0/4 Loss: 5.657334
2024-11-03 19:35: **********Train Epoch 92: averaged Loss: 5.750689, tf_ratio: 1.000000
2024-11-03 19:35: **********Val Epoch 92: average Loss: 6.463969
2024-11-03 19:35: Train Epoch 93: 0/4 Loss: 5.776114
2024-11-03 19:35: **********Train Epoch 93: averaged Loss: 5.760134, tf_ratio: 1.000000
2024-11-03 19:35: **********Val Epoch 93: average Loss: 6.465135
2024-11-03 19:35: Validation performance didn't improve for 15 epochs. Training stops.
2024-11-03 19:35: Total training time: 0.7733min, best loss: 6.301841
2024-11-03 19:35: Saving current best model to /root/AGCRN/model/experiments/HOURS/data13/10/20241103193426/best_model.pth
2024-11-03 19:35: Horizon 01, MAE: 6.56, RMSE: 10.85, MAPE: 17.7704%
2024-11-03 19:35: Horizon 02, MAE: 6.59, RMSE: 10.86, MAPE: 17.8458%
2024-11-03 19:35: Horizon 03, MAE: 6.63, RMSE: 10.98, MAPE: 18.0235%
2024-11-03 19:35: Horizon 04, MAE: 6.65, RMSE: 10.84, MAPE: 17.9527%
2024-11-03 19:35: Horizon 05, MAE: 6.67, RMSE: 10.92, MAPE: 18.0747%
2024-11-03 19:35: Horizon 06, MAE: 6.71, RMSE: 11.09, MAPE: 18.2937%
2024-11-03 19:35: Horizon 07, MAE: 6.73, RMSE: 11.10, MAPE: 18.3440%
2024-11-03 19:35: Horizon 08, MAE: 6.77, RMSE: 11.13, MAPE: 18.4032%
2024-11-03 19:35: Horizon 09, MAE: 6.79, RMSE: 11.08, MAPE: 18.3615%
2024-11-03 19:35: Horizon 10, MAE: 6.82, RMSE: 11.05, MAPE: 18.3276%
2024-11-03 19:35: Horizon 11, MAE: 6.89, RMSE: 11.25, MAPE: 18.6837%
2024-11-03 19:35: Horizon 12, MAE: 6.94, RMSE: 11.26, MAPE: 18.8507%
2024-11-03 19:35: Average Horizon, MAE: 6.73, RMSE: 11.04, MAPE: 18.2443%
