2024-11-03 19:18: Experiment log path in: /root/AGCRN/model/experiments/HOURS/data18/2/20241103191833
2024-11-03 19:18: Train Epoch 1: 0/4 Loss: 49.245815
2024-11-03 19:18: **********Train Epoch 1: averaged Loss: 49.467688, tf_ratio: 1.000000
2024-11-03 19:18: **********Val Epoch 1: average Loss: 45.992363
2024-11-03 19:18: *********************************Current best model saved!
2024-11-03 19:18: Train Epoch 2: 0/4 Loss: 49.848438
2024-11-03 19:18: **********Train Epoch 2: averaged Loss: 49.571068, tf_ratio: 1.000000
2024-11-03 19:18: **********Val Epoch 2: average Loss: 45.968277
2024-11-03 19:18: *********************************Current best model saved!
2024-11-03 19:18: Train Epoch 3: 0/4 Loss: 50.042294
2024-11-03 19:18: **********Train Epoch 3: averaged Loss: 49.429062, tf_ratio: 1.000000
2024-11-03 19:18: **********Val Epoch 3: average Loss: 45.927372
2024-11-03 19:18: *********************************Current best model saved!
2024-11-03 19:18: Train Epoch 4: 0/4 Loss: 49.787098
2024-11-03 19:18: **********Train Epoch 4: averaged Loss: 49.447761, tf_ratio: 1.000000
2024-11-03 19:18: **********Val Epoch 4: average Loss: 45.847561
2024-11-03 19:18: *********************************Current best model saved!
2024-11-03 19:18: Train Epoch 5: 0/4 Loss: 49.750645
2024-11-03 19:18: **********Train Epoch 5: averaged Loss: 49.359883, tf_ratio: 1.000000
2024-11-03 19:18: **********Val Epoch 5: average Loss: 45.660942
2024-11-03 19:18: *********************************Current best model saved!
2024-11-03 19:18: Train Epoch 6: 0/4 Loss: 49.844418
2024-11-03 19:18: **********Train Epoch 6: averaged Loss: 49.034545, tf_ratio: 1.000000
2024-11-03 19:18: **********Val Epoch 6: average Loss: 45.113934
2024-11-03 19:18: *********************************Current best model saved!
2024-11-03 19:18: Train Epoch 7: 0/4 Loss: 48.025585
2024-11-03 19:18: **********Train Epoch 7: averaged Loss: 48.244792, tf_ratio: 1.000000
2024-11-03 19:18: **********Val Epoch 7: average Loss: 43.696163
2024-11-03 19:18: *********************************Current best model saved!
2024-11-03 19:18: Train Epoch 8: 0/4 Loss: 47.352791
2024-11-03 19:18: **********Train Epoch 8: averaged Loss: 46.299102, tf_ratio: 1.000000
2024-11-03 19:18: **********Val Epoch 8: average Loss: 41.762039
2024-11-03 19:18: *********************************Current best model saved!
2024-11-03 19:18: Train Epoch 9: 0/4 Loss: 45.846867
2024-11-03 19:18: **********Train Epoch 9: averaged Loss: 44.549586, tf_ratio: 1.000000
2024-11-03 19:18: **********Val Epoch 9: average Loss: 40.044178
2024-11-03 19:18: *********************************Current best model saved!
2024-11-03 19:18: Train Epoch 10: 0/4 Loss: 44.653790
2024-11-03 19:18: **********Train Epoch 10: averaged Loss: 43.025762, tf_ratio: 1.000000
2024-11-03 19:18: **********Val Epoch 10: average Loss: 38.505047
2024-11-03 19:18: *********************************Current best model saved!
2024-11-03 19:18: Train Epoch 11: 0/4 Loss: 41.482098
2024-11-03 19:18: **********Train Epoch 11: averaged Loss: 41.393184, tf_ratio: 1.000000
2024-11-03 19:18: **********Val Epoch 11: average Loss: 37.025280
2024-11-03 19:18: *********************************Current best model saved!
2024-11-03 19:18: Train Epoch 12: 0/4 Loss: 40.267975
2024-11-03 19:18: **********Train Epoch 12: averaged Loss: 39.957316, tf_ratio: 1.000000
2024-11-03 19:18: **********Val Epoch 12: average Loss: 35.593460
2024-11-03 19:18: *********************************Current best model saved!
2024-11-03 19:18: Train Epoch 13: 0/4 Loss: 38.729500
2024-11-03 19:18: **********Train Epoch 13: averaged Loss: 38.521425, tf_ratio: 1.000000
2024-11-03 19:18: **********Val Epoch 13: average Loss: 34.268845
2024-11-03 19:18: *********************************Current best model saved!
2024-11-03 19:18: Train Epoch 14: 0/4 Loss: 37.033321
2024-11-03 19:18: **********Train Epoch 14: averaged Loss: 37.133684, tf_ratio: 1.000000
2024-11-03 19:18: **********Val Epoch 14: average Loss: 33.069035
2024-11-03 19:18: *********************************Current best model saved!
2024-11-03 19:18: Train Epoch 15: 0/4 Loss: 35.908165
2024-11-03 19:18: **********Train Epoch 15: averaged Loss: 36.074376, tf_ratio: 1.000000
2024-11-03 19:18: **********Val Epoch 15: average Loss: 31.957483
2024-11-03 19:18: *********************************Current best model saved!
2024-11-03 19:18: Train Epoch 16: 0/4 Loss: 35.260410
2024-11-03 19:18: **********Train Epoch 16: averaged Loss: 34.856476, tf_ratio: 1.000000
2024-11-03 19:18: **********Val Epoch 16: average Loss: 30.925795
2024-11-03 19:18: *********************************Current best model saved!
2024-11-03 19:18: Train Epoch 17: 0/4 Loss: 34.929958
2024-11-03 19:18: **********Train Epoch 17: averaged Loss: 34.028691, tf_ratio: 1.000000
2024-11-03 19:18: **********Val Epoch 17: average Loss: 29.962484
2024-11-03 19:18: *********************************Current best model saved!
2024-11-03 19:18: Train Epoch 18: 0/4 Loss: 33.307503
2024-11-03 19:18: **********Train Epoch 18: averaged Loss: 32.993227, tf_ratio: 1.000000
2024-11-03 19:18: **********Val Epoch 18: average Loss: 29.064774
2024-11-03 19:18: *********************************Current best model saved!
2024-11-03 19:18: Train Epoch 19: 0/4 Loss: 31.353338
2024-11-03 19:18: **********Train Epoch 19: averaged Loss: 32.047884, tf_ratio: 1.000000
2024-11-03 19:18: **********Val Epoch 19: average Loss: 28.221203
2024-11-03 19:18: *********************************Current best model saved!
2024-11-03 19:18: Train Epoch 20: 0/4 Loss: 31.674393
2024-11-03 19:18: **********Train Epoch 20: averaged Loss: 31.226508, tf_ratio: 1.000000
2024-11-03 19:18: **********Val Epoch 20: average Loss: 27.424391
2024-11-03 19:18: *********************************Current best model saved!
2024-11-03 19:18: Train Epoch 21: 0/4 Loss: 30.566109
2024-11-03 19:18: **********Train Epoch 21: averaged Loss: 30.205118, tf_ratio: 1.000000
2024-11-03 19:18: **********Val Epoch 21: average Loss: 26.676775
2024-11-03 19:18: *********************************Current best model saved!
2024-11-03 19:18: Train Epoch 22: 0/4 Loss: 29.995157
2024-11-03 19:18: **********Train Epoch 22: averaged Loss: 29.698753, tf_ratio: 1.000000
2024-11-03 19:18: **********Val Epoch 22: average Loss: 25.972847
2024-11-03 19:18: *********************************Current best model saved!
2024-11-03 19:18: Train Epoch 23: 0/4 Loss: 28.964733
2024-11-03 19:18: **********Train Epoch 23: averaged Loss: 28.787336, tf_ratio: 1.000000
2024-11-03 19:18: **********Val Epoch 23: average Loss: 25.309023
2024-11-03 19:18: *********************************Current best model saved!
2024-11-03 19:18: Train Epoch 24: 0/4 Loss: 28.312191
2024-11-03 19:18: **********Train Epoch 24: averaged Loss: 28.002850, tf_ratio: 1.000000
2024-11-03 19:18: **********Val Epoch 24: average Loss: 24.685442
2024-11-03 19:18: *********************************Current best model saved!
2024-11-03 19:18: Train Epoch 25: 0/4 Loss: 27.963541
2024-11-03 19:18: **********Train Epoch 25: averaged Loss: 27.398848, tf_ratio: 1.000000
2024-11-03 19:18: **********Val Epoch 25: average Loss: 24.101891
2024-11-03 19:18: *********************************Current best model saved!
2024-11-03 19:18: Train Epoch 26: 0/4 Loss: 27.610014
2024-11-03 19:18: **********Train Epoch 26: averaged Loss: 26.770333, tf_ratio: 1.000000
2024-11-03 19:18: **********Val Epoch 26: average Loss: 23.555676
2024-11-03 19:18: *********************************Current best model saved!
2024-11-03 19:18: Train Epoch 27: 0/4 Loss: 25.510080
2024-11-03 19:18: **********Train Epoch 27: averaged Loss: 26.211588, tf_ratio: 1.000000
2024-11-03 19:18: **********Val Epoch 27: average Loss: 23.047716
2024-11-03 19:18: *********************************Current best model saved!
2024-11-03 19:18: Train Epoch 28: 0/4 Loss: 25.432812
2024-11-03 19:18: **********Train Epoch 28: averaged Loss: 25.592576, tf_ratio: 1.000000
2024-11-03 19:18: **********Val Epoch 28: average Loss: 22.574663
2024-11-03 19:18: *********************************Current best model saved!
2024-11-03 19:18: Train Epoch 29: 0/4 Loss: 25.058245
2024-11-03 19:18: **********Train Epoch 29: averaged Loss: 24.997056, tf_ratio: 1.000000
2024-11-03 19:18: **********Val Epoch 29: average Loss: 22.135075
2024-11-03 19:18: *********************************Current best model saved!
2024-11-03 19:18: Train Epoch 30: 0/4 Loss: 24.556154
2024-11-03 19:18: **********Train Epoch 30: averaged Loss: 24.648991, tf_ratio: 1.000000
2024-11-03 19:18: **********Val Epoch 30: average Loss: 21.726521
2024-11-03 19:18: *********************************Current best model saved!
2024-11-03 19:18: Train Epoch 31: 0/4 Loss: 24.596134
2024-11-03 19:18: **********Train Epoch 31: averaged Loss: 23.899613, tf_ratio: 1.000000
2024-11-03 19:18: **********Val Epoch 31: average Loss: 21.346035
2024-11-03 19:18: *********************************Current best model saved!
2024-11-03 19:18: Train Epoch 32: 0/4 Loss: 24.238977
2024-11-03 19:18: **********Train Epoch 32: averaged Loss: 23.660341, tf_ratio: 1.000000
2024-11-03 19:18: **********Val Epoch 32: average Loss: 20.991333
2024-11-03 19:18: *********************************Current best model saved!
2024-11-03 19:18: Train Epoch 33: 0/4 Loss: 23.374386
2024-11-03 19:18: **********Train Epoch 33: averaged Loss: 23.217517, tf_ratio: 1.000000
2024-11-03 19:18: **********Val Epoch 33: average Loss: 20.660357
2024-11-03 19:18: *********************************Current best model saved!
2024-11-03 19:18: Train Epoch 34: 0/4 Loss: 22.506639
2024-11-03 19:18: **********Train Epoch 34: averaged Loss: 22.677639, tf_ratio: 1.000000
2024-11-03 19:18: **********Val Epoch 34: average Loss: 20.352377
2024-11-03 19:18: *********************************Current best model saved!
2024-11-03 19:18: Train Epoch 35: 0/4 Loss: 22.973284
2024-11-03 19:18: **********Train Epoch 35: averaged Loss: 22.565073, tf_ratio: 1.000000
2024-11-03 19:18: **********Val Epoch 35: average Loss: 20.063402
2024-11-03 19:18: *********************************Current best model saved!
2024-11-03 19:18: Train Epoch 36: 0/4 Loss: 21.843884
2024-11-03 19:18: **********Train Epoch 36: averaged Loss: 22.086900, tf_ratio: 1.000000
2024-11-03 19:18: **********Val Epoch 36: average Loss: 19.791849
2024-11-03 19:18: *********************************Current best model saved!
2024-11-03 19:18: Train Epoch 37: 0/4 Loss: 21.696945
2024-11-03 19:18: **********Train Epoch 37: averaged Loss: 21.754742, tf_ratio: 1.000000
2024-11-03 19:18: **********Val Epoch 37: average Loss: 19.537357
2024-11-03 19:18: *********************************Current best model saved!
2024-11-03 19:18: Train Epoch 38: 0/4 Loss: 21.639294
2024-11-03 19:18: **********Train Epoch 38: averaged Loss: 21.424544, tf_ratio: 1.000000
2024-11-03 19:18: **********Val Epoch 38: average Loss: 19.297523
2024-11-03 19:18: *********************************Current best model saved!
2024-11-03 19:18: Train Epoch 39: 0/4 Loss: 21.371019
2024-11-03 19:18: **********Train Epoch 39: averaged Loss: 21.071346, tf_ratio: 1.000000
2024-11-03 19:18: **********Val Epoch 39: average Loss: 19.072937
2024-11-03 19:18: *********************************Current best model saved!
2024-11-03 19:18: Train Epoch 40: 0/4 Loss: 20.680641
2024-11-03 19:18: **********Train Epoch 40: averaged Loss: 20.846748, tf_ratio: 1.000000
2024-11-03 19:18: **********Val Epoch 40: average Loss: 18.863546
2024-11-03 19:18: *********************************Current best model saved!
2024-11-03 19:18: Train Epoch 41: 0/4 Loss: 20.669436
2024-11-03 19:18: **********Train Epoch 41: averaged Loss: 20.505594, tf_ratio: 1.000000
2024-11-03 19:18: **********Val Epoch 41: average Loss: 18.665257
2024-11-03 19:18: *********************************Current best model saved!
2024-11-03 19:18: Train Epoch 42: 0/4 Loss: 20.010086
2024-11-03 19:18: **********Train Epoch 42: averaged Loss: 20.171629, tf_ratio: 1.000000
2024-11-03 19:18: **********Val Epoch 42: average Loss: 18.479895
2024-11-03 19:18: *********************************Current best model saved!
2024-11-03 19:18: Train Epoch 43: 0/4 Loss: 20.097271
2024-11-03 19:18: **********Train Epoch 43: averaged Loss: 19.948757, tf_ratio: 1.000000
2024-11-03 19:18: **********Val Epoch 43: average Loss: 18.305916
2024-11-03 19:18: *********************************Current best model saved!
2024-11-03 19:18: Train Epoch 44: 0/4 Loss: 19.956974
2024-11-03 19:18: **********Train Epoch 44: averaged Loss: 19.768580, tf_ratio: 1.000000
2024-11-03 19:18: **********Val Epoch 44: average Loss: 18.142315
2024-11-03 19:18: *********************************Current best model saved!
2024-11-03 19:18: Train Epoch 45: 0/4 Loss: 19.782192
2024-11-03 19:18: **********Train Epoch 45: averaged Loss: 19.541004, tf_ratio: 1.000000
2024-11-03 19:18: **********Val Epoch 45: average Loss: 17.987747
2024-11-03 19:18: *********************************Current best model saved!
2024-11-03 19:18: Train Epoch 46: 0/4 Loss: 19.573095
2024-11-03 19:18: **********Train Epoch 46: averaged Loss: 19.231240, tf_ratio: 1.000000
2024-11-03 19:18: **********Val Epoch 46: average Loss: 17.841400
2024-11-03 19:18: *********************************Current best model saved!
2024-11-03 19:18: Train Epoch 47: 0/4 Loss: 19.236753
2024-11-03 19:18: **********Train Epoch 47: averaged Loss: 19.089267, tf_ratio: 1.000000
2024-11-03 19:18: **********Val Epoch 47: average Loss: 17.703398
2024-11-03 19:18: *********************************Current best model saved!
2024-11-03 19:18: Train Epoch 48: 0/4 Loss: 19.033915
2024-11-03 19:18: **********Train Epoch 48: averaged Loss: 18.854277, tf_ratio: 1.000000
2024-11-03 19:18: **********Val Epoch 48: average Loss: 17.574356
2024-11-03 19:18: *********************************Current best model saved!
2024-11-03 19:18: Train Epoch 49: 0/4 Loss: 18.663908
2024-11-03 19:18: **********Train Epoch 49: averaged Loss: 18.607689, tf_ratio: 1.000000
2024-11-03 19:18: **********Val Epoch 49: average Loss: 17.452126
2024-11-03 19:18: *********************************Current best model saved!
2024-11-03 19:18: Train Epoch 50: 0/4 Loss: 18.733072
2024-11-03 19:18: **********Train Epoch 50: averaged Loss: 18.440408, tf_ratio: 1.000000
2024-11-03 19:18: **********Val Epoch 50: average Loss: 17.336344
2024-11-03 19:18: *********************************Current best model saved!
2024-11-03 19:18: Train Epoch 51: 0/4 Loss: 18.214647
2024-11-03 19:18: **********Train Epoch 51: averaged Loss: 18.258333, tf_ratio: 1.000000
2024-11-03 19:18: **********Val Epoch 51: average Loss: 17.226377
2024-11-03 19:18: *********************************Current best model saved!
2024-11-03 19:18: Train Epoch 52: 0/4 Loss: 18.281179
2024-11-03 19:18: **********Train Epoch 52: averaged Loss: 18.065146, tf_ratio: 1.000000
2024-11-03 19:18: **********Val Epoch 52: average Loss: 17.122442
2024-11-03 19:18: *********************************Current best model saved!
2024-11-03 19:18: Train Epoch 53: 0/4 Loss: 17.576763
2024-11-03 19:19: **********Train Epoch 53: averaged Loss: 17.843226, tf_ratio: 1.000000
2024-11-03 19:19: **********Val Epoch 53: average Loss: 17.024960
2024-11-03 19:19: *********************************Current best model saved!
2024-11-03 19:19: Train Epoch 54: 0/4 Loss: 17.738651
2024-11-03 19:19: **********Train Epoch 54: averaged Loss: 17.767642, tf_ratio: 1.000000
2024-11-03 19:19: **********Val Epoch 54: average Loss: 16.934374
2024-11-03 19:19: *********************************Current best model saved!
2024-11-03 19:19: Train Epoch 55: 0/4 Loss: 17.539419
2024-11-03 19:19: **********Train Epoch 55: averaged Loss: 17.578997, tf_ratio: 1.000000
2024-11-03 19:19: **********Val Epoch 55: average Loss: 16.849392
2024-11-03 19:19: *********************************Current best model saved!
2024-11-03 19:19: Train Epoch 56: 0/4 Loss: 17.503075
2024-11-03 19:19: **********Train Epoch 56: averaged Loss: 17.416325, tf_ratio: 1.000000
2024-11-03 19:19: **********Val Epoch 56: average Loss: 16.769903
2024-11-03 19:19: *********************************Current best model saved!
2024-11-03 19:19: Train Epoch 57: 0/4 Loss: 17.154627
2024-11-03 19:19: **********Train Epoch 57: averaged Loss: 17.280250, tf_ratio: 1.000000
2024-11-03 19:19: **********Val Epoch 57: average Loss: 16.695946
2024-11-03 19:19: *********************************Current best model saved!
2024-11-03 19:19: Train Epoch 58: 0/4 Loss: 17.242479
2024-11-03 19:19: **********Train Epoch 58: averaged Loss: 17.170370, tf_ratio: 1.000000
2024-11-03 19:19: **********Val Epoch 58: average Loss: 16.626587
2024-11-03 19:19: *********************************Current best model saved!
2024-11-03 19:19: Train Epoch 59: 0/4 Loss: 17.111351
2024-11-03 19:19: **********Train Epoch 59: averaged Loss: 17.044287, tf_ratio: 1.000000
2024-11-03 19:19: **********Val Epoch 59: average Loss: 16.562065
2024-11-03 19:19: *********************************Current best model saved!
2024-11-03 19:19: Train Epoch 60: 0/4 Loss: 16.776340
2024-11-03 19:19: **********Train Epoch 60: averaged Loss: 16.859832, tf_ratio: 1.000000
2024-11-03 19:19: **********Val Epoch 60: average Loss: 16.502359
2024-11-03 19:19: *********************************Current best model saved!
2024-11-03 19:19: Train Epoch 61: 0/4 Loss: 16.792881
2024-11-03 19:19: **********Train Epoch 61: averaged Loss: 16.789178, tf_ratio: 1.000000
2024-11-03 19:19: **********Val Epoch 61: average Loss: 16.446293
2024-11-03 19:19: *********************************Current best model saved!
2024-11-03 19:19: Train Epoch 62: 0/4 Loss: 16.624611
2024-11-03 19:19: **********Train Epoch 62: averaged Loss: 16.653340, tf_ratio: 1.000000
2024-11-03 19:19: **********Val Epoch 62: average Loss: 16.393368
2024-11-03 19:19: *********************************Current best model saved!
2024-11-03 19:19: Train Epoch 63: 0/4 Loss: 16.565830
2024-11-03 19:19: **********Train Epoch 63: averaged Loss: 16.533249, tf_ratio: 1.000000
2024-11-03 19:19: **********Val Epoch 63: average Loss: 16.339607
2024-11-03 19:19: *********************************Current best model saved!
2024-11-03 19:19: Train Epoch 64: 0/4 Loss: 16.471727
2024-11-03 19:19: **********Train Epoch 64: averaged Loss: 16.458547, tf_ratio: 1.000000
2024-11-03 19:19: **********Val Epoch 64: average Loss: 16.253361
2024-11-03 19:19: *********************************Current best model saved!
2024-11-03 19:19: Train Epoch 65: 0/4 Loss: 16.502541
2024-11-03 19:19: **********Train Epoch 65: averaged Loss: 16.284261, tf_ratio: 1.000000
2024-11-03 19:19: **********Val Epoch 65: average Loss: 16.177425
2024-11-03 19:19: *********************************Current best model saved!
2024-11-03 19:19: Train Epoch 66: 0/4 Loss: 16.251797
2024-11-03 19:19: **********Train Epoch 66: averaged Loss: 16.153281, tf_ratio: 1.000000
2024-11-03 19:19: **********Val Epoch 66: average Loss: 16.120676
2024-11-03 19:19: *********************************Current best model saved!
2024-11-03 19:19: Train Epoch 67: 0/4 Loss: 16.013912
2024-11-03 19:19: **********Train Epoch 67: averaged Loss: 16.096016, tf_ratio: 1.000000
2024-11-03 19:19: **********Val Epoch 67: average Loss: 16.092220
2024-11-03 19:19: *********************************Current best model saved!
2024-11-03 19:19: Train Epoch 68: 0/4 Loss: 15.983145
2024-11-03 19:19: **********Train Epoch 68: averaged Loss: 15.994185, tf_ratio: 1.000000
2024-11-03 19:19: **********Val Epoch 68: average Loss: 16.050528
2024-11-03 19:19: *********************************Current best model saved!
2024-11-03 19:19: Train Epoch 69: 0/4 Loss: 15.905210
2024-11-03 19:19: **********Train Epoch 69: averaged Loss: 15.906544, tf_ratio: 1.000000
2024-11-03 19:19: **********Val Epoch 69: average Loss: 16.014177
2024-11-03 19:19: *********************************Current best model saved!
2024-11-03 19:19: Train Epoch 70: 0/4 Loss: 16.013153
2024-11-03 19:19: **********Train Epoch 70: averaged Loss: 15.803676, tf_ratio: 1.000000
2024-11-03 19:19: **********Val Epoch 70: average Loss: 15.938365
2024-11-03 19:19: *********************************Current best model saved!
2024-11-03 19:19: Train Epoch 71: 0/4 Loss: 15.799363
2024-11-03 19:19: **********Train Epoch 71: averaged Loss: 15.678091, tf_ratio: 1.000000
2024-11-03 19:19: **********Val Epoch 71: average Loss: 15.857863
2024-11-03 19:19: *********************************Current best model saved!
2024-11-03 19:19: Train Epoch 72: 0/4 Loss: 15.747321
2024-11-03 19:19: **********Train Epoch 72: averaged Loss: 15.614790, tf_ratio: 1.000000
2024-11-03 19:19: **********Val Epoch 72: average Loss: 15.834829
2024-11-03 19:19: *********************************Current best model saved!
2024-11-03 19:19: Train Epoch 73: 0/4 Loss: 15.622817
2024-11-03 19:19: **********Train Epoch 73: averaged Loss: 15.535210, tf_ratio: 1.000000
2024-11-03 19:19: **********Val Epoch 73: average Loss: 15.806293
2024-11-03 19:19: *********************************Current best model saved!
2024-11-03 19:19: Train Epoch 74: 0/4 Loss: 15.632287
2024-11-03 19:19: **********Train Epoch 74: averaged Loss: 15.500534, tf_ratio: 1.000000
2024-11-03 19:19: **********Val Epoch 74: average Loss: 15.785906
2024-11-03 19:19: *********************************Current best model saved!
2024-11-03 19:19: Train Epoch 75: 0/4 Loss: 15.438793
2024-11-03 19:19: **********Train Epoch 75: averaged Loss: 15.363964, tf_ratio: 1.000000
2024-11-03 19:19: **********Val Epoch 75: average Loss: 15.782382
2024-11-03 19:19: *********************************Current best model saved!
2024-11-03 19:19: Train Epoch 76: 0/4 Loss: 15.437406
2024-11-03 19:19: **********Train Epoch 76: averaged Loss: 15.355495, tf_ratio: 1.000000
2024-11-03 19:19: **********Val Epoch 76: average Loss: 15.759860
2024-11-03 19:19: *********************************Current best model saved!
2024-11-03 19:19: Train Epoch 77: 0/4 Loss: 15.137163
2024-11-03 19:19: **********Train Epoch 77: averaged Loss: 15.321433, tf_ratio: 1.000000
2024-11-03 19:19: **********Val Epoch 77: average Loss: 15.740587
2024-11-03 19:19: *********************************Current best model saved!
2024-11-03 19:19: Train Epoch 78: 0/4 Loss: 15.123524
2024-11-03 19:19: **********Train Epoch 78: averaged Loss: 15.205320, tf_ratio: 1.000000
2024-11-03 19:19: **********Val Epoch 78: average Loss: 15.694864
2024-11-03 19:19: *********************************Current best model saved!
2024-11-03 19:19: Train Epoch 79: 0/4 Loss: 15.092351
2024-11-03 19:19: **********Train Epoch 79: averaged Loss: 15.077663, tf_ratio: 1.000000
2024-11-03 19:19: **********Val Epoch 79: average Loss: 15.643414
2024-11-03 19:19: *********************************Current best model saved!
2024-11-03 19:19: Train Epoch 80: 0/4 Loss: 15.009051
2024-11-03 19:19: **********Train Epoch 80: averaged Loss: 15.030797, tf_ratio: 1.000000
2024-11-03 19:19: **********Val Epoch 80: average Loss: 15.612009
2024-11-03 19:19: *********************************Current best model saved!
2024-11-03 19:19: Train Epoch 81: 0/4 Loss: 14.730951
2024-11-03 19:19: **********Train Epoch 81: averaged Loss: 14.954652, tf_ratio: 1.000000
2024-11-03 19:19: **********Val Epoch 81: average Loss: 15.572021
2024-11-03 19:19: *********************************Current best model saved!
2024-11-03 19:19: Train Epoch 82: 0/4 Loss: 14.730701
2024-11-03 19:19: **********Train Epoch 82: averaged Loss: 14.894380, tf_ratio: 1.000000
2024-11-03 19:19: **********Val Epoch 82: average Loss: 15.485446
2024-11-03 19:19: *********************************Current best model saved!
2024-11-03 19:19: Train Epoch 83: 0/4 Loss: 14.779817
2024-11-03 19:19: **********Train Epoch 83: averaged Loss: 14.782282, tf_ratio: 1.000000
2024-11-03 19:19: **********Val Epoch 83: average Loss: 15.436658
2024-11-03 19:19: *********************************Current best model saved!
2024-11-03 19:19: Train Epoch 84: 0/4 Loss: 14.627738
2024-11-03 19:19: **********Train Epoch 84: averaged Loss: 14.668540, tf_ratio: 1.000000
2024-11-03 19:19: **********Val Epoch 84: average Loss: 15.277184
2024-11-03 19:19: *********************************Current best model saved!
2024-11-03 19:19: Train Epoch 85: 0/4 Loss: 14.881284
2024-11-03 19:19: **********Train Epoch 85: averaged Loss: 14.540982, tf_ratio: 1.000000
2024-11-03 19:19: **********Val Epoch 85: average Loss: 15.200455
2024-11-03 19:19: *********************************Current best model saved!
2024-11-03 19:19: Train Epoch 86: 0/4 Loss: 14.617422
2024-11-03 19:19: **********Train Epoch 86: averaged Loss: 14.505408, tf_ratio: 1.000000
2024-11-03 19:19: **********Val Epoch 86: average Loss: 15.187163
2024-11-03 19:19: *********************************Current best model saved!
2024-11-03 19:19: Train Epoch 87: 0/4 Loss: 14.487509
2024-11-03 19:19: **********Train Epoch 87: averaged Loss: 14.441560, tf_ratio: 1.000000
2024-11-03 19:19: **********Val Epoch 87: average Loss: 15.168543
2024-11-03 19:19: *********************************Current best model saved!
2024-11-03 19:19: Train Epoch 88: 0/4 Loss: 14.397067
2024-11-03 19:19: **********Train Epoch 88: averaged Loss: 14.357465, tf_ratio: 1.000000
2024-11-03 19:19: **********Val Epoch 88: average Loss: 15.152013
2024-11-03 19:19: *********************************Current best model saved!
2024-11-03 19:19: Train Epoch 89: 0/4 Loss: 14.295503
2024-11-03 19:19: **********Train Epoch 89: averaged Loss: 14.289539, tf_ratio: 1.000000
2024-11-03 19:19: **********Val Epoch 89: average Loss: 15.150591
2024-11-03 19:19: *********************************Current best model saved!
2024-11-03 19:19: Train Epoch 90: 0/4 Loss: 14.070792
2024-11-03 19:19: **********Train Epoch 90: averaged Loss: 14.353604, tf_ratio: 1.000000
2024-11-03 19:19: **********Val Epoch 90: average Loss: 15.125129
2024-11-03 19:19: *********************************Current best model saved!
2024-11-03 19:19: Train Epoch 91: 0/4 Loss: 14.332203
2024-11-03 19:19: **********Train Epoch 91: averaged Loss: 14.240258, tf_ratio: 1.000000
2024-11-03 19:19: **********Val Epoch 91: average Loss: 15.061235
2024-11-03 19:19: *********************************Current best model saved!
2024-11-03 19:19: Train Epoch 92: 0/4 Loss: 14.272144
2024-11-03 19:19: **********Train Epoch 92: averaged Loss: 14.187143, tf_ratio: 1.000000
2024-11-03 19:19: **********Val Epoch 92: average Loss: 14.995089
2024-11-03 19:19: *********************************Current best model saved!
2024-11-03 19:19: Train Epoch 93: 0/4 Loss: 14.393723
2024-11-03 19:19: **********Train Epoch 93: averaged Loss: 14.174056, tf_ratio: 1.000000
2024-11-03 19:19: **********Val Epoch 93: average Loss: 14.971163
2024-11-03 19:19: *********************************Current best model saved!
2024-11-03 19:19: Train Epoch 94: 0/4 Loss: 13.914890
2024-11-03 19:19: **********Train Epoch 94: averaged Loss: 14.081704, tf_ratio: 1.000000
2024-11-03 19:19: **********Val Epoch 94: average Loss: 14.966707
2024-11-03 19:19: *********************************Current best model saved!
2024-11-03 19:19: Train Epoch 95: 0/4 Loss: 14.153421
2024-11-03 19:19: **********Train Epoch 95: averaged Loss: 13.991009, tf_ratio: 1.000000
2024-11-03 19:19: **********Val Epoch 95: average Loss: 14.825867
2024-11-03 19:19: *********************************Current best model saved!
2024-11-03 19:19: Train Epoch 96: 0/4 Loss: 14.070053
2024-11-03 19:19: **********Train Epoch 96: averaged Loss: 13.885458, tf_ratio: 1.000000
2024-11-03 19:19: **********Val Epoch 96: average Loss: 14.632770
2024-11-03 19:19: *********************************Current best model saved!
2024-11-03 19:19: Train Epoch 97: 0/4 Loss: 13.848664
2024-11-03 19:19: **********Train Epoch 97: averaged Loss: 13.707822, tf_ratio: 1.000000
2024-11-03 19:19: **********Val Epoch 97: average Loss: 14.519634
2024-11-03 19:19: *********************************Current best model saved!
2024-11-03 19:19: Train Epoch 98: 0/4 Loss: 13.494970
2024-11-03 19:19: **********Train Epoch 98: averaged Loss: 13.614667, tf_ratio: 1.000000
2024-11-03 19:19: **********Val Epoch 98: average Loss: 14.345208
2024-11-03 19:19: *********************************Current best model saved!
2024-11-03 19:19: Train Epoch 99: 0/4 Loss: 13.715295
2024-11-03 19:19: **********Train Epoch 99: averaged Loss: 13.421141, tf_ratio: 1.000000
2024-11-03 19:19: **********Val Epoch 99: average Loss: 14.213984
2024-11-03 19:19: *********************************Current best model saved!
2024-11-03 19:19: Train Epoch 100: 0/4 Loss: 13.385471
2024-11-03 19:19: **********Train Epoch 100: averaged Loss: 13.321022, tf_ratio: 1.000000
2024-11-03 19:19: **********Val Epoch 100: average Loss: 14.156116
2024-11-03 19:19: *********************************Current best model saved!
2024-11-03 19:19: Total training time: 0.8210min, best loss: 14.156116
2024-11-03 19:19: Saving current best model to /root/AGCRN/model/experiments/HOURS/data18/2/20241103191833/best_model.pth
2024-11-03 19:19: Horizon 01, MAE: 13.44, RMSE: 17.59, MAPE: 51.0482%
2024-11-03 19:19: Horizon 02, MAE: 13.41, RMSE: 17.54, MAPE: 50.7812%
2024-11-03 19:19: Horizon 03, MAE: 13.37, RMSE: 17.48, MAPE: 50.4012%
2024-11-03 19:19: Horizon 04, MAE: 13.32, RMSE: 17.50, MAPE: 50.2763%
2024-11-03 19:19: Horizon 05, MAE: 13.29, RMSE: 17.39, MAPE: 49.8440%
2024-11-03 19:19: Horizon 06, MAE: 13.27, RMSE: 17.31, MAPE: 49.4215%
2024-11-03 19:19: Horizon 07, MAE: 13.24, RMSE: 17.32, MAPE: 49.3355%
2024-11-03 19:19: Horizon 08, MAE: 13.22, RMSE: 17.29, MAPE: 49.0768%
2024-11-03 19:19: Horizon 09, MAE: 13.21, RMSE: 17.23, MAPE: 48.8303%
2024-11-03 19:19: Horizon 10, MAE: 13.20, RMSE: 17.25, MAPE: 48.8003%
2024-11-03 19:19: Horizon 11, MAE: 13.15, RMSE: 17.07, MAPE: 47.8920%
2024-11-03 19:19: Horizon 12, MAE: 13.09, RMSE: 16.96, MAPE: 47.2558%
2024-11-03 19:19: Average Horizon, MAE: 13.27, RMSE: 17.33, MAPE: 49.4136%
