2024-11-03 19:30: Experiment log path in: /root/AGCRN/model/experiments/HOURS/data8/10/20241103193010
2024-11-03 19:30: Train Epoch 1: 0/4 Loss: 52.396530
2024-11-03 19:30: **********Train Epoch 1: averaged Loss: 52.324556, tf_ratio: 1.000000
2024-11-03 19:30: **********Val Epoch 1: average Loss: 52.312363
2024-11-03 19:30: *********************************Current best model saved!
2024-11-03 19:30: Train Epoch 2: 0/4 Loss: 52.415077
2024-11-03 19:30: **********Train Epoch 2: averaged Loss: 52.320420, tf_ratio: 1.000000
2024-11-03 19:30: **********Val Epoch 2: average Loss: 52.230541
2024-11-03 19:30: *********************************Current best model saved!
2024-11-03 19:30: Train Epoch 3: 0/4 Loss: 52.680851
2024-11-03 19:30: **********Train Epoch 3: averaged Loss: 52.311063, tf_ratio: 1.000000
2024-11-03 19:30: **********Val Epoch 3: average Loss: 51.985168
2024-11-03 19:30: *********************************Current best model saved!
2024-11-03 19:30: Train Epoch 4: 0/4 Loss: 51.733097
2024-11-03 19:30: **********Train Epoch 4: averaged Loss: 51.893157, tf_ratio: 1.000000
2024-11-03 19:30: **********Val Epoch 4: average Loss: 50.964993
2024-11-03 19:30: *********************************Current best model saved!
2024-11-03 19:30: Train Epoch 5: 0/4 Loss: 50.972923
2024-11-03 19:30: **********Train Epoch 5: averaged Loss: 50.372382, tf_ratio: 1.000000
2024-11-03 19:30: **********Val Epoch 5: average Loss: 49.093109
2024-11-03 19:30: *********************************Current best model saved!
2024-11-03 19:30: Train Epoch 6: 0/4 Loss: 49.039658
2024-11-03 19:30: **********Train Epoch 6: averaged Loss: 48.590988, tf_ratio: 1.000000
2024-11-03 19:30: **********Val Epoch 6: average Loss: 47.624931
2024-11-03 19:30: *********************************Current best model saved!
2024-11-03 19:30: Train Epoch 7: 0/4 Loss: 47.818615
2024-11-03 19:30: **********Train Epoch 7: averaged Loss: 47.398709, tf_ratio: 1.000000
2024-11-03 19:30: **********Val Epoch 7: average Loss: 46.460976
2024-11-03 19:30: *********************************Current best model saved!
2024-11-03 19:30: Train Epoch 8: 0/4 Loss: 46.304752
2024-11-03 19:30: **********Train Epoch 8: averaged Loss: 46.257884, tf_ratio: 1.000000
2024-11-03 19:30: **********Val Epoch 8: average Loss: 45.402771
2024-11-03 19:30: *********************************Current best model saved!
2024-11-03 19:30: Train Epoch 9: 0/4 Loss: 44.590302
2024-11-03 19:30: **********Train Epoch 9: averaged Loss: 45.164388, tf_ratio: 1.000000
2024-11-03 19:30: **********Val Epoch 9: average Loss: 44.386547
2024-11-03 19:30: *********************************Current best model saved!
2024-11-03 19:30: Train Epoch 10: 0/4 Loss: 44.103157
2024-11-03 19:30: **********Train Epoch 10: averaged Loss: 44.032312, tf_ratio: 1.000000
2024-11-03 19:30: **********Val Epoch 10: average Loss: 43.388996
2024-11-03 19:30: *********************************Current best model saved!
2024-11-03 19:30: Train Epoch 11: 0/4 Loss: 43.410469
2024-11-03 19:30: **********Train Epoch 11: averaged Loss: 43.200229, tf_ratio: 1.000000
2024-11-03 19:30: **********Val Epoch 11: average Loss: 42.401245
2024-11-03 19:30: *********************************Current best model saved!
2024-11-03 19:30: Train Epoch 12: 0/4 Loss: 41.956459
2024-11-03 19:30: **********Train Epoch 12: averaged Loss: 42.054752, tf_ratio: 1.000000
2024-11-03 19:30: **********Val Epoch 12: average Loss: 41.426399
2024-11-03 19:30: *********************************Current best model saved!
2024-11-03 19:30: Train Epoch 13: 0/4 Loss: 42.076267
2024-11-03 19:30: **********Train Epoch 13: averaged Loss: 41.218580, tf_ratio: 1.000000
2024-11-03 19:30: **********Val Epoch 13: average Loss: 40.466637
2024-11-03 19:30: *********************************Current best model saved!
2024-11-03 19:30: Train Epoch 14: 0/4 Loss: 41.177361
2024-11-03 19:30: **********Train Epoch 14: averaged Loss: 40.343102, tf_ratio: 1.000000
2024-11-03 19:30: **********Val Epoch 14: average Loss: 39.523273
2024-11-03 19:30: *********************************Current best model saved!
2024-11-03 19:30: Train Epoch 15: 0/4 Loss: 40.055012
2024-11-03 19:30: **********Train Epoch 15: averaged Loss: 39.283216, tf_ratio: 1.000000
2024-11-03 19:30: **********Val Epoch 15: average Loss: 38.596764
2024-11-03 19:30: *********************************Current best model saved!
2024-11-03 19:30: Train Epoch 16: 0/4 Loss: 38.893345
2024-11-03 19:30: **********Train Epoch 16: averaged Loss: 38.408541, tf_ratio: 1.000000
2024-11-03 19:30: **********Val Epoch 16: average Loss: 37.687485
2024-11-03 19:30: *********************************Current best model saved!
2024-11-03 19:30: Train Epoch 17: 0/4 Loss: 38.104347
2024-11-03 19:30: **********Train Epoch 17: averaged Loss: 37.614254, tf_ratio: 1.000000
2024-11-03 19:30: **********Val Epoch 17: average Loss: 36.796227
2024-11-03 19:30: *********************************Current best model saved!
2024-11-03 19:30: Train Epoch 18: 0/4 Loss: 36.695534
2024-11-03 19:30: **********Train Epoch 18: averaged Loss: 36.620538, tf_ratio: 1.000000
2024-11-03 19:30: **********Val Epoch 18: average Loss: 35.925087
2024-11-03 19:30: *********************************Current best model saved!
2024-11-03 19:30: Train Epoch 19: 0/4 Loss: 35.377079
2024-11-03 19:30: **********Train Epoch 19: averaged Loss: 35.778873, tf_ratio: 1.000000
2024-11-03 19:30: **********Val Epoch 19: average Loss: 35.075493
2024-11-03 19:30: *********************************Current best model saved!
2024-11-03 19:30: Train Epoch 20: 0/4 Loss: 35.650345
2024-11-03 19:30: **********Train Epoch 20: averaged Loss: 35.059353, tf_ratio: 1.000000
2024-11-03 19:30: **********Val Epoch 20: average Loss: 34.246315
2024-11-03 19:30: *********************************Current best model saved!
2024-11-03 19:30: Train Epoch 21: 0/4 Loss: 34.053814
2024-11-03 19:30: **********Train Epoch 21: averaged Loss: 34.144584, tf_ratio: 1.000000
2024-11-03 19:30: **********Val Epoch 21: average Loss: 33.438187
2024-11-03 19:30: *********************************Current best model saved!
2024-11-03 19:30: Train Epoch 22: 0/4 Loss: 33.427551
2024-11-03 19:30: **********Train Epoch 22: averaged Loss: 33.465393, tf_ratio: 1.000000
2024-11-03 19:30: **********Val Epoch 22: average Loss: 32.651871
2024-11-03 19:30: *********************************Current best model saved!
2024-11-03 19:30: Train Epoch 23: 0/4 Loss: 32.638649
2024-11-03 19:30: **********Train Epoch 23: averaged Loss: 32.587753, tf_ratio: 1.000000
2024-11-03 19:30: **********Val Epoch 23: average Loss: 31.890940
2024-11-03 19:30: *********************************Current best model saved!
2024-11-03 19:30: Train Epoch 24: 0/4 Loss: 31.933891
2024-11-03 19:30: **********Train Epoch 24: averaged Loss: 31.831331, tf_ratio: 1.000000
2024-11-03 19:30: **********Val Epoch 24: average Loss: 31.157536
2024-11-03 19:30: *********************************Current best model saved!
2024-11-03 19:30: Train Epoch 25: 0/4 Loss: 32.352081
2024-11-03 19:30: **********Train Epoch 25: averaged Loss: 31.261001, tf_ratio: 1.000000
2024-11-03 19:30: **********Val Epoch 25: average Loss: 30.450258
2024-11-03 19:30: *********************************Current best model saved!
2024-11-03 19:30: Train Epoch 26: 0/4 Loss: 30.436396
2024-11-03 19:30: **********Train Epoch 26: averaged Loss: 30.410283, tf_ratio: 1.000000
2024-11-03 19:30: **********Val Epoch 26: average Loss: 29.769457
2024-11-03 19:30: *********************************Current best model saved!
2024-11-03 19:30: Train Epoch 27: 0/4 Loss: 30.296995
2024-11-03 19:30: **********Train Epoch 27: averaged Loss: 29.798184, tf_ratio: 1.000000
2024-11-03 19:30: **********Val Epoch 27: average Loss: 29.112116
2024-11-03 19:30: *********************************Current best model saved!
2024-11-03 19:30: Train Epoch 28: 0/4 Loss: 29.527075
2024-11-03 19:30: **********Train Epoch 28: averaged Loss: 29.220088, tf_ratio: 1.000000
2024-11-03 19:30: **********Val Epoch 28: average Loss: 28.477499
2024-11-03 19:30: *********************************Current best model saved!
2024-11-03 19:30: Train Epoch 29: 0/4 Loss: 29.234587
2024-11-03 19:30: **********Train Epoch 29: averaged Loss: 28.678085, tf_ratio: 1.000000
2024-11-03 19:30: **********Val Epoch 29: average Loss: 27.863510
2024-11-03 19:30: *********************************Current best model saved!
2024-11-03 19:30: Train Epoch 30: 0/4 Loss: 28.313005
2024-11-03 19:30: **********Train Epoch 30: averaged Loss: 27.978867, tf_ratio: 1.000000
2024-11-03 19:30: **********Val Epoch 30: average Loss: 27.268820
2024-11-03 19:30: *********************************Current best model saved!
2024-11-03 19:30: Train Epoch 31: 0/4 Loss: 27.369183
2024-11-03 19:30: **********Train Epoch 31: averaged Loss: 27.370696, tf_ratio: 1.000000
2024-11-03 19:30: **********Val Epoch 31: average Loss: 26.692377
2024-11-03 19:30: *********************************Current best model saved!
2024-11-03 19:30: Train Epoch 32: 0/4 Loss: 26.794411
2024-11-03 19:30: **********Train Epoch 32: averaged Loss: 26.789793, tf_ratio: 1.000000
2024-11-03 19:30: **********Val Epoch 32: average Loss: 26.134388
2024-11-03 19:30: *********************************Current best model saved!
2024-11-03 19:30: Train Epoch 33: 0/4 Loss: 26.702843
2024-11-03 19:30: **********Train Epoch 33: averaged Loss: 26.281960, tf_ratio: 1.000000
2024-11-03 19:30: **********Val Epoch 33: average Loss: 25.592417
2024-11-03 19:30: *********************************Current best model saved!
2024-11-03 19:30: Train Epoch 34: 0/4 Loss: 26.428049
2024-11-03 19:30: **********Train Epoch 34: averaged Loss: 25.816923, tf_ratio: 1.000000
2024-11-03 19:30: **********Val Epoch 34: average Loss: 25.066057
2024-11-03 19:30: *********************************Current best model saved!
2024-11-03 19:30: Train Epoch 35: 0/4 Loss: 25.436935
2024-11-03 19:30: **********Train Epoch 35: averaged Loss: 25.229468, tf_ratio: 1.000000
2024-11-03 19:30: **********Val Epoch 35: average Loss: 24.557154
2024-11-03 19:30: *********************************Current best model saved!
2024-11-03 19:30: Train Epoch 36: 0/4 Loss: 25.200230
2024-11-03 19:30: **********Train Epoch 36: averaged Loss: 24.887081, tf_ratio: 1.000000
2024-11-03 19:30: **********Val Epoch 36: average Loss: 24.064966
2024-11-03 19:30: *********************************Current best model saved!
2024-11-03 19:30: Train Epoch 37: 0/4 Loss: 24.465666
2024-11-03 19:30: **********Train Epoch 37: averaged Loss: 24.383578, tf_ratio: 1.000000
2024-11-03 19:30: **********Val Epoch 37: average Loss: 23.587862
2024-11-03 19:30: *********************************Current best model saved!
2024-11-03 19:30: Train Epoch 38: 0/4 Loss: 24.195295
2024-11-03 19:30: **********Train Epoch 38: averaged Loss: 23.910534, tf_ratio: 1.000000
2024-11-03 19:30: **********Val Epoch 38: average Loss: 23.126757
2024-11-03 19:30: *********************************Current best model saved!
2024-11-03 19:30: Train Epoch 39: 0/4 Loss: 23.610914
2024-11-03 19:30: **********Train Epoch 39: averaged Loss: 23.525553, tf_ratio: 1.000000
2024-11-03 19:30: **********Val Epoch 39: average Loss: 22.680464
2024-11-03 19:30: *********************************Current best model saved!
2024-11-03 19:30: Train Epoch 40: 0/4 Loss: 23.167118
2024-11-03 19:30: **********Train Epoch 40: averaged Loss: 23.063691, tf_ratio: 1.000000
2024-11-03 19:30: **********Val Epoch 40: average Loss: 22.249037
2024-11-03 19:30: *********************************Current best model saved!
2024-11-03 19:30: Train Epoch 41: 0/4 Loss: 22.553623
2024-11-03 19:30: **********Train Epoch 41: averaged Loss: 22.553567, tf_ratio: 1.000000
2024-11-03 19:30: **********Val Epoch 41: average Loss: 21.832472
2024-11-03 19:30: *********************************Current best model saved!
2024-11-03 19:30: Train Epoch 42: 0/4 Loss: 22.537720
2024-11-03 19:30: **********Train Epoch 42: averaged Loss: 22.303920, tf_ratio: 1.000000
2024-11-03 19:30: **********Val Epoch 42: average Loss: 21.429333
2024-11-03 19:30: *********************************Current best model saved!
2024-11-03 19:30: Train Epoch 43: 0/4 Loss: 22.109407
2024-11-03 19:30: **********Train Epoch 43: averaged Loss: 21.857052, tf_ratio: 1.000000
2024-11-03 19:30: **********Val Epoch 43: average Loss: 21.038515
2024-11-03 19:30: *********************************Current best model saved!
2024-11-03 19:30: Train Epoch 44: 0/4 Loss: 21.597158
2024-11-03 19:30: **********Train Epoch 44: averaged Loss: 21.488763, tf_ratio: 1.000000
2024-11-03 19:30: **********Val Epoch 44: average Loss: 20.659969
2024-11-03 19:30: *********************************Current best model saved!
2024-11-03 19:30: Train Epoch 45: 0/4 Loss: 21.352371
2024-11-03 19:30: **********Train Epoch 45: averaged Loss: 21.102436, tf_ratio: 1.000000
2024-11-03 19:30: **********Val Epoch 45: average Loss: 20.291845
2024-11-03 19:30: *********************************Current best model saved!
2024-11-03 19:30: Train Epoch 46: 0/4 Loss: 20.781668
2024-11-03 19:30: **********Train Epoch 46: averaged Loss: 20.816954, tf_ratio: 1.000000
2024-11-03 19:30: **********Val Epoch 46: average Loss: 19.934158
2024-11-03 19:30: *********************************Current best model saved!
2024-11-03 19:30: Train Epoch 47: 0/4 Loss: 21.000334
2024-11-03 19:30: **********Train Epoch 47: averaged Loss: 20.439527, tf_ratio: 1.000000
2024-11-03 19:30: **********Val Epoch 47: average Loss: 19.586182
2024-11-03 19:30: *********************************Current best model saved!
2024-11-03 19:30: Train Epoch 48: 0/4 Loss: 20.721035
2024-11-03 19:30: **********Train Epoch 48: averaged Loss: 20.120639, tf_ratio: 1.000000
2024-11-03 19:30: **********Val Epoch 48: average Loss: 19.248499
2024-11-03 19:30: *********************************Current best model saved!
2024-11-03 19:30: Train Epoch 49: 0/4 Loss: 19.999159
2024-11-03 19:30: **********Train Epoch 49: averaged Loss: 19.750423, tf_ratio: 1.000000
2024-11-03 19:30: **********Val Epoch 49: average Loss: 18.919365
2024-11-03 19:30: *********************************Current best model saved!
2024-11-03 19:30: Train Epoch 50: 0/4 Loss: 19.520567
2024-11-03 19:30: **********Train Epoch 50: averaged Loss: 19.421717, tf_ratio: 1.000000
2024-11-03 19:30: **********Val Epoch 50: average Loss: 18.599318
2024-11-03 19:30: *********************************Current best model saved!
2024-11-03 19:30: Train Epoch 51: 0/4 Loss: 19.502756
2024-11-03 19:30: **********Train Epoch 51: averaged Loss: 19.138539, tf_ratio: 1.000000
2024-11-03 19:30: **********Val Epoch 51: average Loss: 18.288036
2024-11-03 19:30: *********************************Current best model saved!
2024-11-03 19:30: Train Epoch 52: 0/4 Loss: 19.555092
2024-11-03 19:30: **********Train Epoch 52: averaged Loss: 18.884192, tf_ratio: 1.000000
2024-11-03 19:30: **********Val Epoch 52: average Loss: 17.983528
2024-11-03 19:30: *********************************Current best model saved!
2024-11-03 19:30: Train Epoch 53: 0/4 Loss: 18.816795
2024-11-03 19:30: **********Train Epoch 53: averaged Loss: 18.566257, tf_ratio: 1.000000
2024-11-03 19:30: **********Val Epoch 53: average Loss: 17.687866
2024-11-03 19:30: *********************************Current best model saved!
2024-11-03 19:30: Train Epoch 54: 0/4 Loss: 18.560528
2024-11-03 19:30: **********Train Epoch 54: averaged Loss: 18.316618, tf_ratio: 1.000000
2024-11-03 19:30: **********Val Epoch 54: average Loss: 17.400126
2024-11-03 19:30: *********************************Current best model saved!
2024-11-03 19:30: Train Epoch 55: 0/4 Loss: 18.197407
2024-11-03 19:30: **********Train Epoch 55: averaged Loss: 18.000578, tf_ratio: 1.000000
2024-11-03 19:30: **********Val Epoch 55: average Loss: 17.120245
2024-11-03 19:30: *********************************Current best model saved!
2024-11-03 19:30: Train Epoch 56: 0/4 Loss: 17.806889
2024-11-03 19:30: **********Train Epoch 56: averaged Loss: 17.751664, tf_ratio: 1.000000
2024-11-03 19:30: **********Val Epoch 56: average Loss: 16.848642
2024-11-03 19:30: *********************************Current best model saved!
2024-11-03 19:30: Train Epoch 57: 0/4 Loss: 17.744652
2024-11-03 19:30: **********Train Epoch 57: averaged Loss: 17.484494, tf_ratio: 1.000000
2024-11-03 19:30: **********Val Epoch 57: average Loss: 16.585384
2024-11-03 19:30: *********************************Current best model saved!
2024-11-03 19:30: Train Epoch 58: 0/4 Loss: 17.173418
2024-11-03 19:30: **********Train Epoch 58: averaged Loss: 17.233174, tf_ratio: 1.000000
2024-11-03 19:30: **********Val Epoch 58: average Loss: 16.330524
2024-11-03 19:30: *********************************Current best model saved!
2024-11-03 19:30: Train Epoch 59: 0/4 Loss: 17.089653
2024-11-03 19:30: **********Train Epoch 59: averaged Loss: 16.980252, tf_ratio: 1.000000
2024-11-03 19:30: **********Val Epoch 59: average Loss: 16.082300
2024-11-03 19:30: *********************************Current best model saved!
2024-11-03 19:30: Train Epoch 60: 0/4 Loss: 16.812891
2024-11-03 19:30: **********Train Epoch 60: averaged Loss: 16.761309, tf_ratio: 1.000000
2024-11-03 19:30: **********Val Epoch 60: average Loss: 15.842872
2024-11-03 19:30: *********************************Current best model saved!
2024-11-03 19:30: Train Epoch 61: 0/4 Loss: 16.907274
2024-11-03 19:30: **********Train Epoch 61: averaged Loss: 16.508552, tf_ratio: 1.000000
2024-11-03 19:30: **********Val Epoch 61: average Loss: 15.610006
2024-11-03 19:30: *********************************Current best model saved!
2024-11-03 19:30: Train Epoch 62: 0/4 Loss: 16.303190
2024-11-03 19:30: **********Train Epoch 62: averaged Loss: 16.267051, tf_ratio: 1.000000
2024-11-03 19:30: **********Val Epoch 62: average Loss: 15.385562
2024-11-03 19:30: *********************************Current best model saved!
2024-11-03 19:30: Train Epoch 63: 0/4 Loss: 16.046904
2024-11-03 19:30: **********Train Epoch 63: averaged Loss: 16.047642, tf_ratio: 1.000000
2024-11-03 19:30: **********Val Epoch 63: average Loss: 15.167218
2024-11-03 19:30: *********************************Current best model saved!
2024-11-03 19:30: Train Epoch 64: 0/4 Loss: 15.878926
2024-11-03 19:30: **********Train Epoch 64: averaged Loss: 15.868006, tf_ratio: 1.000000
2024-11-03 19:30: **********Val Epoch 64: average Loss: 14.954386
2024-11-03 19:30: *********************************Current best model saved!
2024-11-03 19:30: Train Epoch 65: 0/4 Loss: 15.837264
2024-11-03 19:30: **********Train Epoch 65: averaged Loss: 15.654128, tf_ratio: 1.000000
2024-11-03 19:30: **********Val Epoch 65: average Loss: 14.748567
2024-11-03 19:30: *********************************Current best model saved!
2024-11-03 19:30: Train Epoch 66: 0/4 Loss: 15.558728
2024-11-03 19:30: **********Train Epoch 66: averaged Loss: 15.431370, tf_ratio: 1.000000
2024-11-03 19:30: **********Val Epoch 66: average Loss: 14.548601
2024-11-03 19:30: *********************************Current best model saved!
2024-11-03 19:30: Train Epoch 67: 0/4 Loss: 15.353116
2024-11-03 19:30: **********Train Epoch 67: averaged Loss: 15.259351, tf_ratio: 1.000000
2024-11-03 19:30: **********Val Epoch 67: average Loss: 14.355377
2024-11-03 19:30: *********************************Current best model saved!
2024-11-03 19:30: Train Epoch 68: 0/4 Loss: 15.213855
2024-11-03 19:30: **********Train Epoch 68: averaged Loss: 15.037415, tf_ratio: 1.000000
2024-11-03 19:30: **********Val Epoch 68: average Loss: 14.168697
2024-11-03 19:30: *********************************Current best model saved!
2024-11-03 19:30: Train Epoch 69: 0/4 Loss: 14.843261
2024-11-03 19:30: **********Train Epoch 69: averaged Loss: 14.891924, tf_ratio: 1.000000
2024-11-03 19:30: **********Val Epoch 69: average Loss: 13.987744
2024-11-03 19:30: *********************************Current best model saved!
2024-11-03 19:30: Train Epoch 70: 0/4 Loss: 14.926164
2024-11-03 19:30: **********Train Epoch 70: averaged Loss: 14.698371, tf_ratio: 1.000000
2024-11-03 19:30: **********Val Epoch 70: average Loss: 13.813063
2024-11-03 19:30: *********************************Current best model saved!
2024-11-03 19:30: Train Epoch 71: 0/4 Loss: 14.495534
2024-11-03 19:30: **********Train Epoch 71: averaged Loss: 14.521889, tf_ratio: 1.000000
2024-11-03 19:30: **********Val Epoch 71: average Loss: 13.644864
2024-11-03 19:30: *********************************Current best model saved!
2024-11-03 19:30: Train Epoch 72: 0/4 Loss: 14.478664
2024-11-03 19:30: **********Train Epoch 72: averaged Loss: 14.400256, tf_ratio: 1.000000
2024-11-03 19:30: **********Val Epoch 72: average Loss: 13.483481
2024-11-03 19:30: *********************************Current best model saved!
2024-11-03 19:30: Train Epoch 73: 0/4 Loss: 14.250077
2024-11-03 19:30: **********Train Epoch 73: averaged Loss: 14.251757, tf_ratio: 1.000000
2024-11-03 19:30: **********Val Epoch 73: average Loss: 13.328456
2024-11-03 19:30: *********************************Current best model saved!
2024-11-03 19:30: Train Epoch 74: 0/4 Loss: 13.970749
2024-11-03 19:30: **********Train Epoch 74: averaged Loss: 14.088984, tf_ratio: 1.000000
2024-11-03 19:30: **********Val Epoch 74: average Loss: 13.180119
2024-11-03 19:30: *********************************Current best model saved!
2024-11-03 19:30: Train Epoch 75: 0/4 Loss: 14.158197
2024-11-03 19:30: **********Train Epoch 75: averaged Loss: 13.930124, tf_ratio: 1.000000
2024-11-03 19:30: **********Val Epoch 75: average Loss: 13.037649
2024-11-03 19:30: *********************************Current best model saved!
2024-11-03 19:30: Train Epoch 76: 0/4 Loss: 13.855345
2024-11-03 19:30: **********Train Epoch 76: averaged Loss: 13.813495, tf_ratio: 1.000000
2024-11-03 19:30: **********Val Epoch 76: average Loss: 12.902306
2024-11-03 19:30: *********************************Current best model saved!
2024-11-03 19:30: Train Epoch 77: 0/4 Loss: 13.869979
2024-11-03 19:30: **********Train Epoch 77: averaged Loss: 13.662232, tf_ratio: 1.000000
2024-11-03 19:30: **********Val Epoch 77: average Loss: 12.771650
2024-11-03 19:30: *********************************Current best model saved!
2024-11-03 19:30: Train Epoch 78: 0/4 Loss: 13.684174
2024-11-03 19:30: **********Train Epoch 78: averaged Loss: 13.556158, tf_ratio: 1.000000
2024-11-03 19:30: **********Val Epoch 78: average Loss: 12.645912
2024-11-03 19:30: *********************************Current best model saved!
2024-11-03 19:30: Train Epoch 79: 0/4 Loss: 13.550345
2024-11-03 19:30: **********Train Epoch 79: averaged Loss: 13.416862, tf_ratio: 1.000000
2024-11-03 19:30: **********Val Epoch 79: average Loss: 12.525993
2024-11-03 19:30: *********************************Current best model saved!
2024-11-03 19:30: Train Epoch 80: 0/4 Loss: 13.238833
2024-11-03 19:30: **********Train Epoch 80: averaged Loss: 13.352088, tf_ratio: 1.000000
2024-11-03 19:30: **********Val Epoch 80: average Loss: 12.412121
2024-11-03 19:30: *********************************Current best model saved!
2024-11-03 19:30: Train Epoch 81: 0/4 Loss: 13.159097
2024-11-03 19:30: **********Train Epoch 81: averaged Loss: 13.194636, tf_ratio: 1.000000
2024-11-03 19:30: **********Val Epoch 81: average Loss: 12.303785
2024-11-03 19:30: *********************************Current best model saved!
2024-11-03 19:30: Train Epoch 82: 0/4 Loss: 12.985325
2024-11-03 19:30: **********Train Epoch 82: averaged Loss: 13.095250, tf_ratio: 1.000000
2024-11-03 19:30: **********Val Epoch 82: average Loss: 12.201953
2024-11-03 19:30: *********************************Current best model saved!
2024-11-03 19:30: Train Epoch 83: 0/4 Loss: 12.985246
2024-11-03 19:30: **********Train Epoch 83: averaged Loss: 13.020378, tf_ratio: 1.000000
2024-11-03 19:30: **********Val Epoch 83: average Loss: 12.105796
2024-11-03 19:30: *********************************Current best model saved!
2024-11-03 19:30: Train Epoch 84: 0/4 Loss: 13.074353
2024-11-03 19:30: **********Train Epoch 84: averaged Loss: 12.972347, tf_ratio: 1.000000
2024-11-03 19:30: **********Val Epoch 84: average Loss: 12.015765
2024-11-03 19:30: *********************************Current best model saved!
2024-11-03 19:30: Train Epoch 85: 0/4 Loss: 13.075852
2024-11-03 19:30: **********Train Epoch 85: averaged Loss: 12.833595, tf_ratio: 1.000000
2024-11-03 19:30: **********Val Epoch 85: average Loss: 11.930875
2024-11-03 19:30: *********************************Current best model saved!
2024-11-03 19:30: Train Epoch 86: 0/4 Loss: 12.786572
2024-11-03 19:30: **********Train Epoch 86: averaged Loss: 12.718752, tf_ratio: 1.000000
2024-11-03 19:30: **********Val Epoch 86: average Loss: 11.851666
2024-11-03 19:30: *********************************Current best model saved!
2024-11-03 19:30: Train Epoch 87: 0/4 Loss: 12.758735
2024-11-03 19:30: **********Train Epoch 87: averaged Loss: 12.698643, tf_ratio: 1.000000
2024-11-03 19:30: **********Val Epoch 87: average Loss: 11.778678
2024-11-03 19:30: *********************************Current best model saved!
2024-11-03 19:30: Train Epoch 88: 0/4 Loss: 13.039709
2024-11-03 19:30: **********Train Epoch 88: averaged Loss: 12.601346, tf_ratio: 1.000000
2024-11-03 19:30: **********Val Epoch 88: average Loss: 11.711257
2024-11-03 19:30: *********************************Current best model saved!
2024-11-03 19:30: Train Epoch 89: 0/4 Loss: 12.427777
2024-11-03 19:30: **********Train Epoch 89: averaged Loss: 12.543379, tf_ratio: 1.000000
2024-11-03 19:30: **********Val Epoch 89: average Loss: 11.649202
2024-11-03 19:30: *********************************Current best model saved!
2024-11-03 19:30: Train Epoch 90: 0/4 Loss: 12.771553
2024-11-03 19:30: **********Train Epoch 90: averaged Loss: 12.483890, tf_ratio: 1.000000
2024-11-03 19:30: **********Val Epoch 90: average Loss: 11.593097
2024-11-03 19:30: *********************************Current best model saved!
2024-11-03 19:30: Train Epoch 91: 0/4 Loss: 12.565824
2024-11-03 19:30: **********Train Epoch 91: averaged Loss: 12.474435, tf_ratio: 1.000000
2024-11-03 19:30: **********Val Epoch 91: average Loss: 11.542629
2024-11-03 19:30: *********************************Current best model saved!
2024-11-03 19:30: Train Epoch 92: 0/4 Loss: 12.415205
2024-11-03 19:30: **********Train Epoch 92: averaged Loss: 12.414562, tf_ratio: 1.000000
2024-11-03 19:30: **********Val Epoch 92: average Loss: 11.497803
2024-11-03 19:30: *********************************Current best model saved!
2024-11-03 19:30: Train Epoch 93: 0/4 Loss: 12.522461
2024-11-03 19:30: **********Train Epoch 93: averaged Loss: 12.366012, tf_ratio: 1.000000
2024-11-03 19:30: **********Val Epoch 93: average Loss: 11.458497
2024-11-03 19:30: *********************************Current best model saved!
2024-11-03 19:30: Train Epoch 94: 0/4 Loss: 12.439068
2024-11-03 19:30: **********Train Epoch 94: averaged Loss: 12.352323, tf_ratio: 1.000000
2024-11-03 19:30: **********Val Epoch 94: average Loss: 11.423920
2024-11-03 19:30: *********************************Current best model saved!
2024-11-03 19:30: Train Epoch 95: 0/4 Loss: 12.522595
2024-11-03 19:30: **********Train Epoch 95: averaged Loss: 12.320922, tf_ratio: 1.000000
2024-11-03 19:30: **********Val Epoch 95: average Loss: 11.394031
2024-11-03 19:30: *********************************Current best model saved!
2024-11-03 19:30: Train Epoch 96: 0/4 Loss: 12.410254
2024-11-03 19:30: **********Train Epoch 96: averaged Loss: 12.248400, tf_ratio: 1.000000
2024-11-03 19:30: **********Val Epoch 96: average Loss: 11.368164
2024-11-03 19:30: *********************************Current best model saved!
2024-11-03 19:30: Train Epoch 97: 0/4 Loss: 12.097467
2024-11-03 19:30: **********Train Epoch 97: averaged Loss: 12.133824, tf_ratio: 1.000000
2024-11-03 19:30: **********Val Epoch 97: average Loss: 11.345693
2024-11-03 19:30: *********************************Current best model saved!
2024-11-03 19:30: Train Epoch 98: 0/4 Loss: 12.118334
2024-11-03 19:30: **********Train Epoch 98: averaged Loss: 12.203557, tf_ratio: 1.000000
2024-11-03 19:30: **********Val Epoch 98: average Loss: 11.326845
2024-11-03 19:30: *********************************Current best model saved!
2024-11-03 19:30: Train Epoch 99: 0/4 Loss: 12.213874
2024-11-03 19:30: **********Train Epoch 99: averaged Loss: 12.188641, tf_ratio: 1.000000
2024-11-03 19:30: **********Val Epoch 99: average Loss: 11.311400
2024-11-03 19:30: *********************************Current best model saved!
2024-11-03 19:30: Train Epoch 100: 0/4 Loss: 12.120028
2024-11-03 19:31: **********Train Epoch 100: averaged Loss: 12.171817, tf_ratio: 1.000000
2024-11-03 19:31: **********Val Epoch 100: average Loss: 11.298895
2024-11-03 19:31: *********************************Current best model saved!
2024-11-03 19:31: Total training time: 0.8330min, best loss: 11.298895
2024-11-03 19:31: Saving current best model to /root/AGCRN/model/experiments/HOURS/data8/10/20241103193010/best_model.pth
2024-11-03 19:31: Horizon 01, MAE: 11.39, RMSE: 16.38, MAPE: 36.4288%
2024-11-03 19:31: Horizon 02, MAE: 11.37, RMSE: 16.33, MAPE: 36.2879%
2024-11-03 19:31: Horizon 03, MAE: 11.33, RMSE: 16.36, MAPE: 36.2583%
2024-11-03 19:31: Horizon 04, MAE: 11.35, RMSE: 16.20, MAPE: 36.0137%
2024-11-03 19:31: Horizon 05, MAE: 11.32, RMSE: 16.22, MAPE: 35.9633%
2024-11-03 19:31: Horizon 06, MAE: 11.27, RMSE: 16.30, MAPE: 35.9915%
2024-11-03 19:31: Horizon 07, MAE: 11.26, RMSE: 16.27, MAPE: 35.9006%
2024-11-03 19:31: Horizon 08, MAE: 11.25, RMSE: 16.24, MAPE: 35.8405%
2024-11-03 19:31: Horizon 09, MAE: 11.27, RMSE: 16.17, MAPE: 35.7728%
2024-11-03 19:31: Horizon 10, MAE: 11.30, RMSE: 16.14, MAPE: 35.7590%
2024-11-03 19:31: Horizon 11, MAE: 11.24, RMSE: 16.17, MAPE: 35.6863%
2024-11-03 19:31: Horizon 12, MAE: 11.23, RMSE: 16.07, MAPE: 35.4578%
2024-11-03 19:31: Average Horizon, MAE: 11.30, RMSE: 16.24, MAPE: 35.9467%
