2024-11-03 19:25: Experiment log path in: /root/AGCRN/model/experiments/HOURS/data2/10/20241103192503
2024-11-03 19:25: Train Epoch 1: 0/4 Loss: 66.060410
2024-11-03 19:25: **********Train Epoch 1: averaged Loss: 66.003122, tf_ratio: 1.000000
2024-11-03 19:25: **********Val Epoch 1: average Loss: 65.534149
2024-11-03 19:25: *********************************Current best model saved!
2024-11-03 19:25: Train Epoch 2: 0/4 Loss: 65.974495
2024-11-03 19:25: **********Train Epoch 2: averaged Loss: 65.982603, tf_ratio: 1.000000
2024-11-03 19:25: **********Val Epoch 2: average Loss: 65.452942
2024-11-03 19:25: *********************************Current best model saved!
2024-11-03 19:25: Train Epoch 3: 0/4 Loss: 65.977875
2024-11-03 19:25: **********Train Epoch 3: averaged Loss: 65.833878, tf_ratio: 1.000000
2024-11-03 19:25: **********Val Epoch 3: average Loss: 65.211990
2024-11-03 19:25: *********************************Current best model saved!
2024-11-03 19:25: Train Epoch 4: 0/4 Loss: 65.659805
2024-11-03 19:25: **********Train Epoch 4: averaged Loss: 65.409817, tf_ratio: 1.000000
2024-11-03 19:25: **********Val Epoch 4: average Loss: 64.212540
2024-11-03 19:25: *********************************Current best model saved!
2024-11-03 19:25: Train Epoch 5: 0/4 Loss: 64.605972
2024-11-03 19:25: **********Train Epoch 5: averaged Loss: 63.929334, tf_ratio: 1.000000
2024-11-03 19:25: **********Val Epoch 5: average Loss: 62.333447
2024-11-03 19:25: *********************************Current best model saved!
2024-11-03 19:25: Train Epoch 6: 0/4 Loss: 62.781960
2024-11-03 19:25: **********Train Epoch 6: averaged Loss: 62.196358, tf_ratio: 1.000000
2024-11-03 19:25: **********Val Epoch 6: average Loss: 60.852020
2024-11-03 19:25: *********************************Current best model saved!
2024-11-03 19:25: Train Epoch 7: 0/4 Loss: 61.296623
2024-11-03 19:25: **********Train Epoch 7: averaged Loss: 60.870787, tf_ratio: 1.000000
2024-11-03 19:25: **********Val Epoch 7: average Loss: 59.680271
2024-11-03 19:25: *********************************Current best model saved!
2024-11-03 19:25: Train Epoch 8: 0/4 Loss: 60.040146
2024-11-03 19:25: **********Train Epoch 8: averaged Loss: 59.743495, tf_ratio: 1.000000
2024-11-03 19:25: **********Val Epoch 8: average Loss: 58.623863
2024-11-03 19:25: *********************************Current best model saved!
2024-11-03 19:25: Train Epoch 9: 0/4 Loss: 59.085247
2024-11-03 19:25: **********Train Epoch 9: averaged Loss: 58.697906, tf_ratio: 1.000000
2024-11-03 19:25: **********Val Epoch 9: average Loss: 57.607983
2024-11-03 19:25: *********************************Current best model saved!
2024-11-03 19:25: Train Epoch 10: 0/4 Loss: 58.060570
2024-11-03 19:25: **********Train Epoch 10: averaged Loss: 57.696376, tf_ratio: 1.000000
2024-11-03 19:25: **********Val Epoch 10: average Loss: 56.610062
2024-11-03 19:25: *********************************Current best model saved!
2024-11-03 19:25: Train Epoch 11: 0/4 Loss: 57.075493
2024-11-03 19:25: **********Train Epoch 11: averaged Loss: 56.709880, tf_ratio: 1.000000
2024-11-03 19:25: **********Val Epoch 11: average Loss: 55.621014
2024-11-03 19:25: *********************************Current best model saved!
2024-11-03 19:25: Train Epoch 12: 0/4 Loss: 56.083321
2024-11-03 19:25: **********Train Epoch 12: averaged Loss: 55.702498, tf_ratio: 1.000000
2024-11-03 19:25: **********Val Epoch 12: average Loss: 54.642754
2024-11-03 19:25: *********************************Current best model saved!
2024-11-03 19:25: Train Epoch 13: 0/4 Loss: 55.214706
2024-11-03 19:25: **********Train Epoch 13: averaged Loss: 54.749298, tf_ratio: 1.000000
2024-11-03 19:25: **********Val Epoch 13: average Loss: 53.676552
2024-11-03 19:25: *********************************Current best model saved!
2024-11-03 19:25: Train Epoch 14: 0/4 Loss: 54.170887
2024-11-03 19:25: **********Train Epoch 14: averaged Loss: 53.788328, tf_ratio: 1.000000
2024-11-03 19:25: **********Val Epoch 14: average Loss: 52.722584
2024-11-03 19:25: *********************************Current best model saved!
2024-11-03 19:25: Train Epoch 15: 0/4 Loss: 53.323269
2024-11-03 19:25: **********Train Epoch 15: averaged Loss: 52.818106, tf_ratio: 1.000000
2024-11-03 19:25: **********Val Epoch 15: average Loss: 51.780392
2024-11-03 19:25: *********************************Current best model saved!
2024-11-03 19:25: Train Epoch 16: 0/4 Loss: 52.254910
2024-11-03 19:25: **********Train Epoch 16: averaged Loss: 51.899847, tf_ratio: 1.000000
2024-11-03 19:25: **********Val Epoch 16: average Loss: 50.849220
2024-11-03 19:25: *********************************Current best model saved!
2024-11-03 19:25: Train Epoch 17: 0/4 Loss: 51.356873
2024-11-03 19:25: **********Train Epoch 17: averaged Loss: 50.979912, tf_ratio: 1.000000
2024-11-03 19:25: **********Val Epoch 17: average Loss: 49.928181
2024-11-03 19:25: *********************************Current best model saved!
2024-11-03 19:25: Train Epoch 18: 0/4 Loss: 50.372459
2024-11-03 19:25: **********Train Epoch 18: averaged Loss: 50.052326, tf_ratio: 1.000000
2024-11-03 19:25: **********Val Epoch 18: average Loss: 49.016335
2024-11-03 19:25: *********************************Current best model saved!
2024-11-03 19:25: Train Epoch 19: 0/4 Loss: 49.416843
2024-11-03 19:25: **********Train Epoch 19: averaged Loss: 49.148635, tf_ratio: 1.000000
2024-11-03 19:25: **********Val Epoch 19: average Loss: 48.112831
2024-11-03 19:25: *********************************Current best model saved!
2024-11-03 19:25: Train Epoch 20: 0/4 Loss: 48.609592
2024-11-03 19:25: **********Train Epoch 20: averaged Loss: 48.240879, tf_ratio: 1.000000
2024-11-03 19:25: **********Val Epoch 20: average Loss: 47.216866
2024-11-03 19:25: *********************************Current best model saved!
2024-11-03 19:25: Train Epoch 21: 0/4 Loss: 47.639786
2024-11-03 19:25: **********Train Epoch 21: averaged Loss: 47.352359, tf_ratio: 1.000000
2024-11-03 19:25: **********Val Epoch 21: average Loss: 46.327724
2024-11-03 19:25: *********************************Current best model saved!
2024-11-03 19:25: Train Epoch 22: 0/4 Loss: 46.809929
2024-11-03 19:25: **********Train Epoch 22: averaged Loss: 46.440612, tf_ratio: 1.000000
2024-11-03 19:25: **********Val Epoch 22: average Loss: 45.444752
2024-11-03 19:25: *********************************Current best model saved!
2024-11-03 19:25: Train Epoch 23: 0/4 Loss: 45.901249
2024-11-03 19:25: **********Train Epoch 23: averaged Loss: 45.579212, tf_ratio: 1.000000
2024-11-03 19:25: **********Val Epoch 23: average Loss: 44.567329
2024-11-03 19:25: *********************************Current best model saved!
2024-11-03 19:25: Train Epoch 24: 0/4 Loss: 44.926804
2024-11-03 19:25: **********Train Epoch 24: averaged Loss: 44.717084, tf_ratio: 1.000000
2024-11-03 19:25: **********Val Epoch 24: average Loss: 43.694992
2024-11-03 19:25: *********************************Current best model saved!
2024-11-03 19:25: Train Epoch 25: 0/4 Loss: 44.188049
2024-11-03 19:25: **********Train Epoch 25: averaged Loss: 43.838212, tf_ratio: 1.000000
2024-11-03 19:25: **********Val Epoch 25: average Loss: 42.827301
2024-11-03 19:25: *********************************Current best model saved!
2024-11-03 19:25: Train Epoch 26: 0/4 Loss: 43.232121
2024-11-03 19:25: **********Train Epoch 26: averaged Loss: 42.963587, tf_ratio: 1.000000
2024-11-03 19:25: **********Val Epoch 26: average Loss: 41.963810
2024-11-03 19:25: *********************************Current best model saved!
2024-11-03 19:25: Train Epoch 27: 0/4 Loss: 42.456909
2024-11-03 19:25: **********Train Epoch 27: averaged Loss: 42.104005, tf_ratio: 1.000000
2024-11-03 19:25: **********Val Epoch 27: average Loss: 41.104172
2024-11-03 19:25: *********************************Current best model saved!
2024-11-03 19:25: Train Epoch 28: 0/4 Loss: 41.580765
2024-11-03 19:25: **********Train Epoch 28: averaged Loss: 41.254467, tf_ratio: 1.000000
2024-11-03 19:25: **********Val Epoch 28: average Loss: 40.248108
2024-11-03 19:25: *********************************Current best model saved!
2024-11-03 19:25: Train Epoch 29: 0/4 Loss: 40.748070
2024-11-03 19:25: **********Train Epoch 29: averaged Loss: 40.402169, tf_ratio: 1.000000
2024-11-03 19:25: **********Val Epoch 29: average Loss: 39.395355
2024-11-03 19:25: *********************************Current best model saved!
2024-11-03 19:25: Train Epoch 30: 0/4 Loss: 39.871319
2024-11-03 19:25: **********Train Epoch 30: averaged Loss: 39.531049, tf_ratio: 1.000000
2024-11-03 19:25: **********Val Epoch 30: average Loss: 38.545639
2024-11-03 19:25: *********************************Current best model saved!
2024-11-03 19:25: Train Epoch 31: 0/4 Loss: 38.948040
2024-11-03 19:25: **********Train Epoch 31: averaged Loss: 38.688872, tf_ratio: 1.000000
2024-11-03 19:25: **********Val Epoch 31: average Loss: 37.698750
2024-11-03 19:25: *********************************Current best model saved!
2024-11-03 19:25: Train Epoch 32: 0/4 Loss: 38.166691
2024-11-03 19:25: **********Train Epoch 32: averaged Loss: 37.829209, tf_ratio: 1.000000
2024-11-03 19:25: **********Val Epoch 32: average Loss: 36.854576
2024-11-03 19:25: *********************************Current best model saved!
2024-11-03 19:25: Train Epoch 33: 0/4 Loss: 37.346649
2024-11-03 19:25: **********Train Epoch 33: averaged Loss: 36.986358, tf_ratio: 1.000000
2024-11-03 19:25: **********Val Epoch 33: average Loss: 36.012932
2024-11-03 19:25: *********************************Current best model saved!
2024-11-03 19:25: Train Epoch 34: 0/4 Loss: 36.480873
2024-11-03 19:25: **********Train Epoch 34: averaged Loss: 36.150540, tf_ratio: 1.000000
2024-11-03 19:25: **********Val Epoch 34: average Loss: 35.173687
2024-11-03 19:25: *********************************Current best model saved!
2024-11-03 19:25: Train Epoch 35: 0/4 Loss: 35.661053
2024-11-03 19:25: **********Train Epoch 35: averaged Loss: 35.313335, tf_ratio: 1.000000
2024-11-03 19:25: **********Val Epoch 35: average Loss: 34.336761
2024-11-03 19:25: *********************************Current best model saved!
2024-11-03 19:25: Train Epoch 36: 0/4 Loss: 34.895016
2024-11-03 19:25: **********Train Epoch 36: averaged Loss: 34.503468, tf_ratio: 1.000000
2024-11-03 19:25: **********Val Epoch 36: average Loss: 33.502083
2024-11-03 19:25: *********************************Current best model saved!
2024-11-03 19:25: Train Epoch 37: 0/4 Loss: 33.992073
2024-11-03 19:25: **********Train Epoch 37: averaged Loss: 33.647370, tf_ratio: 1.000000
2024-11-03 19:25: **********Val Epoch 37: average Loss: 32.669621
2024-11-03 19:25: *********************************Current best model saved!
2024-11-03 19:25: Train Epoch 38: 0/4 Loss: 33.164326
2024-11-03 19:25: **********Train Epoch 38: averaged Loss: 32.816861, tf_ratio: 1.000000
2024-11-03 19:25: **********Val Epoch 38: average Loss: 31.839357
2024-11-03 19:25: *********************************Current best model saved!
2024-11-03 19:25: Train Epoch 39: 0/4 Loss: 32.377777
2024-11-03 19:25: **********Train Epoch 39: averaged Loss: 31.998645, tf_ratio: 1.000000
2024-11-03 19:25: **********Val Epoch 39: average Loss: 31.011370
2024-11-03 19:25: *********************************Current best model saved!
2024-11-03 19:25: Train Epoch 40: 0/4 Loss: 31.412983
2024-11-03 19:25: **********Train Epoch 40: averaged Loss: 31.146261, tf_ratio: 1.000000
2024-11-03 19:25: **********Val Epoch 40: average Loss: 30.185478
2024-11-03 19:25: *********************************Current best model saved!
2024-11-03 19:25: Train Epoch 41: 0/4 Loss: 30.563757
2024-11-03 19:25: **********Train Epoch 41: averaged Loss: 30.306404, tf_ratio: 1.000000
2024-11-03 19:25: **********Val Epoch 41: average Loss: 29.361637
2024-11-03 19:25: *********************************Current best model saved!
2024-11-03 19:25: Train Epoch 42: 0/4 Loss: 29.835535
2024-11-03 19:25: **********Train Epoch 42: averaged Loss: 29.497210, tf_ratio: 1.000000
2024-11-03 19:25: **********Val Epoch 42: average Loss: 28.539713
2024-11-03 19:25: *********************************Current best model saved!
2024-11-03 19:25: Train Epoch 43: 0/4 Loss: 29.037926
2024-11-03 19:25: **********Train Epoch 43: averaged Loss: 28.667885, tf_ratio: 1.000000
2024-11-03 19:25: **********Val Epoch 43: average Loss: 27.719446
2024-11-03 19:25: *********************************Current best model saved!
2024-11-03 19:25: Train Epoch 44: 0/4 Loss: 28.194555
2024-11-03 19:25: **********Train Epoch 44: averaged Loss: 27.849922, tf_ratio: 1.000000
2024-11-03 19:25: **********Val Epoch 44: average Loss: 26.900837
2024-11-03 19:25: *********************************Current best model saved!
2024-11-03 19:25: Train Epoch 45: 0/4 Loss: 27.430935
2024-11-03 19:25: **********Train Epoch 45: averaged Loss: 27.042436, tf_ratio: 1.000000
2024-11-03 19:25: **********Val Epoch 45: average Loss: 26.083887
2024-11-03 19:25: *********************************Current best model saved!
2024-11-03 19:25: Train Epoch 46: 0/4 Loss: 26.476770
2024-11-03 19:25: **********Train Epoch 46: averaged Loss: 26.224996, tf_ratio: 1.000000
2024-11-03 19:25: **********Val Epoch 46: average Loss: 25.268549
2024-11-03 19:25: *********************************Current best model saved!
2024-11-03 19:25: Train Epoch 47: 0/4 Loss: 25.766031
2024-11-03 19:25: **********Train Epoch 47: averaged Loss: 25.388025, tf_ratio: 1.000000
2024-11-03 19:25: **********Val Epoch 47: average Loss: 24.454718
2024-11-03 19:25: *********************************Current best model saved!
2024-11-03 19:25: Train Epoch 48: 0/4 Loss: 25.005140
2024-11-03 19:25: **********Train Epoch 48: averaged Loss: 24.585569, tf_ratio: 1.000000
2024-11-03 19:25: **********Val Epoch 48: average Loss: 23.642347
2024-11-03 19:25: *********************************Current best model saved!
2024-11-03 19:25: Train Epoch 49: 0/4 Loss: 24.051018
2024-11-03 19:25: **********Train Epoch 49: averaged Loss: 23.760905, tf_ratio: 1.000000
2024-11-03 19:25: **********Val Epoch 49: average Loss: 22.831335
2024-11-03 19:25: *********************************Current best model saved!
2024-11-03 19:25: Train Epoch 50: 0/4 Loss: 23.277721
2024-11-03 19:25: **********Train Epoch 50: averaged Loss: 22.942954, tf_ratio: 1.000000
2024-11-03 19:25: **********Val Epoch 50: average Loss: 22.021526
2024-11-03 19:25: *********************************Current best model saved!
2024-11-03 19:25: Train Epoch 51: 0/4 Loss: 22.470852
2024-11-03 19:25: **********Train Epoch 51: averaged Loss: 22.114987, tf_ratio: 1.000000
2024-11-03 19:25: **********Val Epoch 51: average Loss: 21.212969
2024-11-03 19:25: *********************************Current best model saved!
2024-11-03 19:25: Train Epoch 52: 0/4 Loss: 21.739420
2024-11-03 19:25: **********Train Epoch 52: averaged Loss: 21.339827, tf_ratio: 1.000000
2024-11-03 19:25: **********Val Epoch 52: average Loss: 20.405775
2024-11-03 19:25: *********************************Current best model saved!
2024-11-03 19:25: Train Epoch 53: 0/4 Loss: 20.861551
2024-11-03 19:25: **********Train Epoch 53: averaged Loss: 20.502758, tf_ratio: 1.000000
2024-11-03 19:25: **********Val Epoch 53: average Loss: 19.599964
2024-11-03 19:25: *********************************Current best model saved!
2024-11-03 19:25: Train Epoch 54: 0/4 Loss: 20.086637
2024-11-03 19:25: **********Train Epoch 54: averaged Loss: 19.713096, tf_ratio: 1.000000
2024-11-03 19:25: **********Val Epoch 54: average Loss: 18.795343
2024-11-03 19:25: *********************************Current best model saved!
2024-11-03 19:25: Train Epoch 55: 0/4 Loss: 19.178286
2024-11-03 19:25: **********Train Epoch 55: averaged Loss: 18.886364, tf_ratio: 1.000000
2024-11-03 19:25: **********Val Epoch 55: average Loss: 17.992085
2024-11-03 19:25: *********************************Current best model saved!
2024-11-03 19:25: Train Epoch 56: 0/4 Loss: 18.273340
2024-11-03 19:25: **********Train Epoch 56: averaged Loss: 18.095273, tf_ratio: 1.000000
2024-11-03 19:25: **********Val Epoch 56: average Loss: 17.190416
2024-11-03 19:25: *********************************Current best model saved!
2024-11-03 19:25: Train Epoch 57: 0/4 Loss: 17.647854
2024-11-03 19:25: **********Train Epoch 57: averaged Loss: 17.303215, tf_ratio: 1.000000
2024-11-03 19:25: **********Val Epoch 57: average Loss: 16.390295
2024-11-03 19:25: *********************************Current best model saved!
2024-11-03 19:25: Train Epoch 58: 0/4 Loss: 16.714161
2024-11-03 19:25: **********Train Epoch 58: averaged Loss: 16.489496, tf_ratio: 1.000000
2024-11-03 19:25: **********Val Epoch 58: average Loss: 15.591952
2024-11-03 19:25: *********************************Current best model saved!
2024-11-03 19:25: Train Epoch 59: 0/4 Loss: 15.983047
2024-11-03 19:25: **********Train Epoch 59: averaged Loss: 15.676941, tf_ratio: 1.000000
2024-11-03 19:25: **********Val Epoch 59: average Loss: 14.795582
2024-11-03 19:25: *********************************Current best model saved!
2024-11-03 19:25: Train Epoch 60: 0/4 Loss: 15.182341
2024-11-03 19:25: **********Train Epoch 60: averaged Loss: 14.885569, tf_ratio: 1.000000
2024-11-03 19:25: **********Val Epoch 60: average Loss: 14.001419
2024-11-03 19:25: *********************************Current best model saved!
2024-11-03 19:25: Train Epoch 61: 0/4 Loss: 14.405843
2024-11-03 19:25: **********Train Epoch 61: averaged Loss: 14.076635, tf_ratio: 1.000000
2024-11-03 19:25: **********Val Epoch 61: average Loss: 13.209679
2024-11-03 19:25: *********************************Current best model saved!
2024-11-03 19:25: Train Epoch 62: 0/4 Loss: 13.569839
2024-11-03 19:25: **********Train Epoch 62: averaged Loss: 13.264269, tf_ratio: 1.000000
2024-11-03 19:25: **********Val Epoch 62: average Loss: 12.420646
2024-11-03 19:25: *********************************Current best model saved!
2024-11-03 19:25: Train Epoch 63: 0/4 Loss: 12.764761
2024-11-03 19:25: **********Train Epoch 63: averaged Loss: 12.484396, tf_ratio: 1.000000
2024-11-03 19:25: **********Val Epoch 63: average Loss: 11.635242
2024-11-03 19:25: *********************************Current best model saved!
2024-11-03 19:25: Train Epoch 64: 0/4 Loss: 12.069979
2024-11-03 19:25: **********Train Epoch 64: averaged Loss: 11.704178, tf_ratio: 1.000000
2024-11-03 19:25: **********Val Epoch 64: average Loss: 10.854562
2024-11-03 19:25: *********************************Current best model saved!
2024-11-03 19:25: Train Epoch 65: 0/4 Loss: 11.206015
2024-11-03 19:25: **********Train Epoch 65: averaged Loss: 10.895596, tf_ratio: 1.000000
2024-11-03 19:25: **********Val Epoch 65: average Loss: 10.079639
2024-11-03 19:25: *********************************Current best model saved!
2024-11-03 19:25: Train Epoch 66: 0/4 Loss: 10.493512
2024-11-03 19:25: **********Train Epoch 66: averaged Loss: 10.104949, tf_ratio: 1.000000
2024-11-03 19:25: **********Val Epoch 66: average Loss: 9.310941
2024-11-03 19:25: *********************************Current best model saved!
2024-11-03 19:25: Train Epoch 67: 0/4 Loss: 9.682164
2024-11-03 19:25: **********Train Epoch 67: averaged Loss: 9.332791, tf_ratio: 1.000000
2024-11-03 19:25: **********Val Epoch 67: average Loss: 8.550916
2024-11-03 19:25: *********************************Current best model saved!
2024-11-03 19:25: Train Epoch 68: 0/4 Loss: 8.885197
2024-11-03 19:25: **********Train Epoch 68: averaged Loss: 8.557870, tf_ratio: 1.000000
2024-11-03 19:25: **********Val Epoch 68: average Loss: 7.801552
2024-11-03 19:25: *********************************Current best model saved!
2024-11-03 19:25: Train Epoch 69: 0/4 Loss: 8.002198
2024-11-03 19:25: **********Train Epoch 69: averaged Loss: 7.799080, tf_ratio: 1.000000
2024-11-03 19:25: **********Val Epoch 69: average Loss: 7.064998
2024-11-03 19:25: *********************************Current best model saved!
2024-11-03 19:25: Train Epoch 70: 0/4 Loss: 7.402959
2024-11-03 19:25: **********Train Epoch 70: averaged Loss: 7.032357, tf_ratio: 1.000000
2024-11-03 19:25: **********Val Epoch 70: average Loss: 6.346001
2024-11-03 19:25: *********************************Current best model saved!
2024-11-03 19:25: Train Epoch 71: 0/4 Loss: 6.560440
2024-11-03 19:25: **********Train Epoch 71: averaged Loss: 6.299889, tf_ratio: 1.000000
2024-11-03 19:25: **********Val Epoch 71: average Loss: 5.650262
2024-11-03 19:25: *********************************Current best model saved!
2024-11-03 19:25: Train Epoch 72: 0/4 Loss: 5.812089
2024-11-03 19:25: **********Train Epoch 72: averaged Loss: 5.573478, tf_ratio: 1.000000
2024-11-03 19:25: **********Val Epoch 72: average Loss: 4.982366
2024-11-03 19:25: *********************************Current best model saved!
2024-11-03 19:25: Train Epoch 73: 0/4 Loss: 5.141330
2024-11-03 19:25: **********Train Epoch 73: averaged Loss: 4.893268, tf_ratio: 1.000000
2024-11-03 19:25: **********Val Epoch 73: average Loss: 4.348638
2024-11-03 19:25: *********************************Current best model saved!
2024-11-03 19:25: Train Epoch 74: 0/4 Loss: 4.480509
2024-11-03 19:25: **********Train Epoch 74: averaged Loss: 4.233917, tf_ratio: 1.000000
2024-11-03 19:25: **********Val Epoch 74: average Loss: 3.762232
2024-11-03 19:25: *********************************Current best model saved!
2024-11-03 19:25: Train Epoch 75: 0/4 Loss: 3.878326
2024-11-03 19:25: **********Train Epoch 75: averaged Loss: 3.623057, tf_ratio: 1.000000
2024-11-03 19:25: **********Val Epoch 75: average Loss: 3.242331
2024-11-03 19:25: *********************************Current best model saved!
2024-11-03 19:25: Train Epoch 76: 0/4 Loss: 3.226827
2024-11-03 19:25: **********Train Epoch 76: averaged Loss: 3.087358, tf_ratio: 1.000000
2024-11-03 19:25: **********Val Epoch 76: average Loss: 2.821607
2024-11-03 19:25: *********************************Current best model saved!
2024-11-03 19:25: Train Epoch 77: 0/4 Loss: 2.830285
2024-11-03 19:25: **********Train Epoch 77: averaged Loss: 2.698968, tf_ratio: 1.000000
2024-11-03 19:25: **********Val Epoch 77: average Loss: 2.596446
2024-11-03 19:25: *********************************Current best model saved!
2024-11-03 19:25: Train Epoch 78: 0/4 Loss: 2.551437
2024-11-03 19:25: **********Train Epoch 78: averaged Loss: 2.499604, tf_ratio: 1.000000
2024-11-03 19:25: **********Val Epoch 78: average Loss: 2.533891
2024-11-03 19:25: *********************************Current best model saved!
2024-11-03 19:25: Train Epoch 79: 0/4 Loss: 2.434273
2024-11-03 19:25: **********Train Epoch 79: averaged Loss: 2.430032, tf_ratio: 1.000000
2024-11-03 19:25: **********Val Epoch 79: average Loss: 2.531029
2024-11-03 19:25: *********************************Current best model saved!
2024-11-03 19:25: Train Epoch 80: 0/4 Loss: 2.435468
2024-11-03 19:25: **********Train Epoch 80: averaged Loss: 2.417942, tf_ratio: 1.000000
2024-11-03 19:25: **********Val Epoch 80: average Loss: 2.541966
2024-11-03 19:25: Train Epoch 81: 0/4 Loss: 2.463006
2024-11-03 19:25: **********Train Epoch 81: averaged Loss: 2.414899, tf_ratio: 1.000000
2024-11-03 19:25: **********Val Epoch 81: average Loss: 2.555084
2024-11-03 19:25: Train Epoch 82: 0/4 Loss: 2.429198
2024-11-03 19:25: **********Train Epoch 82: averaged Loss: 2.426790, tf_ratio: 1.000000
2024-11-03 19:25: **********Val Epoch 82: average Loss: 2.564734
2024-11-03 19:25: Train Epoch 83: 0/4 Loss: 2.459660
2024-11-03 19:25: **********Train Epoch 83: averaged Loss: 2.423942, tf_ratio: 1.000000
2024-11-03 19:25: **********Val Epoch 83: average Loss: 2.569691
2024-11-03 19:25: Train Epoch 84: 0/4 Loss: 2.411726
2024-11-03 19:25: **********Train Epoch 84: averaged Loss: 2.428582, tf_ratio: 1.000000
2024-11-03 19:25: **********Val Epoch 84: average Loss: 2.570097
2024-11-03 19:25: Train Epoch 85: 0/4 Loss: 2.431916
2024-11-03 19:25: **********Train Epoch 85: averaged Loss: 2.428201, tf_ratio: 1.000000
2024-11-03 19:25: **********Val Epoch 85: average Loss: 2.567353
2024-11-03 19:25: Train Epoch 86: 0/4 Loss: 2.414716
2024-11-03 19:25: **********Train Epoch 86: averaged Loss: 2.426576, tf_ratio: 1.000000
2024-11-03 19:25: **********Val Epoch 86: average Loss: 2.563085
2024-11-03 19:25: Train Epoch 87: 0/4 Loss: 2.456049
2024-11-03 19:25: **********Train Epoch 87: averaged Loss: 2.423483, tf_ratio: 1.000000
2024-11-03 19:25: **********Val Epoch 87: average Loss: 2.558198
2024-11-03 19:25: Train Epoch 88: 0/4 Loss: 2.443000
2024-11-03 19:25: **********Train Epoch 88: averaged Loss: 2.425271, tf_ratio: 1.000000
2024-11-03 19:25: **********Val Epoch 88: average Loss: 2.553761
2024-11-03 19:25: Train Epoch 89: 0/4 Loss: 2.409039
2024-11-03 19:25: **********Train Epoch 89: averaged Loss: 2.414983, tf_ratio: 1.000000
2024-11-03 19:25: **********Val Epoch 89: average Loss: 2.549773
2024-11-03 19:25: Train Epoch 90: 0/4 Loss: 2.433202
2024-11-03 19:25: **********Train Epoch 90: averaged Loss: 2.418638, tf_ratio: 1.000000
2024-11-03 19:25: **********Val Epoch 90: average Loss: 2.546223
2024-11-03 19:25: Train Epoch 91: 0/4 Loss: 2.430128
2024-11-03 19:25: **********Train Epoch 91: averaged Loss: 2.417258, tf_ratio: 1.000000
2024-11-03 19:25: **********Val Epoch 91: average Loss: 2.543288
2024-11-03 19:25: Train Epoch 92: 0/4 Loss: 2.406052
2024-11-03 19:25: **********Train Epoch 92: averaged Loss: 2.409340, tf_ratio: 1.000000
2024-11-03 19:25: **********Val Epoch 92: average Loss: 2.541086
2024-11-03 19:25: Train Epoch 93: 0/4 Loss: 2.401046
2024-11-03 19:25: **********Train Epoch 93: averaged Loss: 2.415448, tf_ratio: 1.000000
2024-11-03 19:25: **********Val Epoch 93: average Loss: 2.539193
2024-11-03 19:25: Train Epoch 94: 0/4 Loss: 2.401739
2024-11-03 19:25: **********Train Epoch 94: averaged Loss: 2.411031, tf_ratio: 1.000000
2024-11-03 19:25: **********Val Epoch 94: average Loss: 2.537779
2024-11-03 19:25: Validation performance didn't improve for 15 epochs. Training stops.
2024-11-03 19:25: Total training time: 0.7768min, best loss: 2.531029
2024-11-03 19:25: Saving current best model to /root/AGCRN/model/experiments/HOURS/data2/10/20241103192503/best_model.pth
2024-11-03 19:25: Horizon 01, MAE: 2.40, RMSE: 3.45, MAPE: 3.7822%
2024-11-03 19:25: Horizon 02, MAE: 2.41, RMSE: 3.49, MAPE: 3.8052%
2024-11-03 19:25: Horizon 03, MAE: 2.41, RMSE: 3.49, MAPE: 3.8241%
2024-11-03 19:25: Horizon 04, MAE: 2.43, RMSE: 3.57, MAPE: 3.8299%
2024-11-03 19:25: Horizon 05, MAE: 2.43, RMSE: 3.56, MAPE: 3.8384%
2024-11-03 19:25: Horizon 06, MAE: 2.43, RMSE: 3.54, MAPE: 3.8647%
2024-11-03 19:25: Horizon 07, MAE: 2.43, RMSE: 3.55, MAPE: 3.8734%
2024-11-03 19:25: Horizon 08, MAE: 2.44, RMSE: 3.56, MAPE: 3.8805%
2024-11-03 19:25: Horizon 09, MAE: 2.45, RMSE: 3.59, MAPE: 3.8799%
2024-11-03 19:25: Horizon 10, MAE: 2.46, RMSE: 3.62, MAPE: 3.8873%
2024-11-03 19:25: Horizon 11, MAE: 2.45, RMSE: 3.59, MAPE: 3.8979%
2024-11-03 19:25: Horizon 12, MAE: 2.45, RMSE: 3.62, MAPE: 3.8966%
2024-11-03 19:25: Average Horizon, MAE: 2.43, RMSE: 3.55, MAPE: 3.8550%
